Using pre-set license
Built from '2020.3/staging' branch; Version is '2020.3.9f1 (108be757e447) revision 1084391'; Using compiler version '192528614'; Build Type 'Release'
OS: 'Windows 10 Pro; OS build 19043.1110; Version 2009; 64bit' Language: 'pt' Physical Memory: 6078 MB
BatchMode: 1, IsHumanControllingUs: 0, StartBugReporterOnCrash: 0, Is64bit: 1, IsPro: 0

 COMMAND LINE ARGUMENTS:
D:\Program Files\Unity\Hub\Editor\2020.3.9f1\Editor\Unity.exe
-adb2
-batchMode
-noUpm
-name
AssetImportWorker2
-projectPath
D:/Unity/Projetos/Forbidden-Wish-Immortality
-logFile
Logs/AssetImportWorker2.log
-srvPort
63691
Successfully changed project path to: D:/Unity/Projetos/Forbidden-Wish-Immortality
D:/Unity/Projetos/Forbidden-Wish-Immortality
Using Asset Import Pipeline V2.
Refreshing native plugins compatible for Editor in 52.52 ms, found 1 plugins.
Preloading 0 native plugins for Editor in 0.00 ms.
Initialize engine version: 2020.3.9f1 (108be757e447)
[Subsystems] Discovering subsystems at path D:/Program Files/Unity/Hub/Editor/2020.3.9f1/Editor/Data/Resources/UnitySubsystems
[Subsystems] Discovering subsystems at path D:/Unity/Projetos/Forbidden-Wish-Immortality/Assets
GfxDevice: creating device client; threaded=0
Direct3D:
    Version:  Direct3D 11.0 [level 11.1]
    Renderer: AMD Radeon(TM) Vega 8 Graphics (ID=0x15dd)
    Vendor:   
    VRAM:     3039 MB
    Driver:   27.20.1020.1
Initialize mono
Mono path[0] = 'D:/Program Files/Unity/Hub/Editor/2020.3.9f1/Editor/Data/Managed'
Mono path[1] = 'D:/Program Files/Unity/Hub/Editor/2020.3.9f1/Editor/Data/MonoBleedingEdge/lib/mono/unityjit'
Mono config path = 'D:/Program Files/Unity/Hub/Editor/2020.3.9f1/Editor/Data/MonoBleedingEdge/etc'
Using monoOptions --debugger-agent=transport=dt_socket,embedding=1,server=y,suspend=n,address=127.0.0.1:56908
Begin MonoManager ReloadAssembly
Registering precompiled unity dll's ...
Register platform support module: D:/Program Files/Unity/Hub/Editor/2020.3.9f1/Editor/Data/PlaybackEngines/WebGLSupport/UnityEditor.WebGL.Extensions.dll
Register platform support module: D:/Program Files/Unity/Hub/Editor/2020.3.9f1/Editor/Data/PlaybackEngines/WindowsStandaloneSupport/UnityEditor.WindowsStandalone.Extensions.dll
Registered in 0.002190 seconds.
Native extension for WindowsStandalone target not found
Native extension for WebGL target not found
Refreshing native plugins compatible for Editor in 58.03 ms, found 1 plugins.
Preloading 0 native plugins for Editor in 0.00 ms.
Mono: successfully reloaded assembly
- Completed reload, in  1.476 seconds
Platform modules already initialized, skipping
Registering precompiled user dll's ...
Registered in 0.001183 seconds.
Begin MonoManager ReloadAssembly
Native extension for WindowsStandalone target not found
Native extension for WebGL target not found
Refreshing native plugins compatible for Editor in 60.25 ms, found 1 plugins.
Preloading 0 native plugins for Editor in 0.00 ms.
Mono: successfully reloaded assembly
- Completed reload, in  2.128 seconds
Platform modules already initialized, skipping
========================================================================
Worker process is ready to serve import requests
Launched and connected shader compiler UnityShaderCompiler.exe after 0.19 seconds
Refreshing native plugins compatible for Editor in 0.53 ms, found 1 plugins.
Preloading 0 native plugins for Editor in 0.00 ms.
Unloading 1822 Unused Serialized files (Serialized files now loaded: 0)
System memory in use before: 85.9 MB.
System memory in use after: 85.8 MB.

Unloading 24 unused Assets to reduce memory usage. Loaded Objects now: 2268.
Total: 3.174200 ms (FindLiveObjects: 0.235400 ms CreateObjectMapping: 0.062100 ms MarkObjects: 2.675700 ms  DeleteObjects: 0.199100 ms)

========================================================================
Received Import Request.
  path: Assets/Scripts/GameController.cs
  artifactKey: Guid(f22b352c417913e489c2d7354ea82c20) Importer(815301076,1909f56bfc062723c751e8b465ee728b)
Start importing Assets/Scripts/GameController.cs using Guid(f22b352c417913e489c2d7354ea82c20) Importer(815301076,1909f56bfc062723c751e8b465ee728b)  -> (artifact id: '76aac9b6b6bad8800eda0ae3c28de67a') in 0.146830 seconds
  Import took 0.156953 seconds .

========================================================================
Received Prepare
Registering precompiled user dll's ...
Registered in 0.001876 seconds.
Begin MonoManager ReloadAssembly
Native extension for WindowsStandalone target not found
Native extension for WebGL target not found
Refreshing native plugins compatible for Editor in 0.55 ms, found 1 plugins.
Preloading 0 native plugins for Editor in 0.00 ms.
Mono: successfully reloaded assembly
- Completed reload, in  1.354 seconds
Platform modules already initialized, skipping
Refreshing native plugins compatible for Editor in 0.44 ms, found 1 plugins.
Preloading 0 native plugins for Editor in 0.00 ms.
Unloading 1815 Unused Serialized files (Serialized files now loaded: 0)
System memory in use before: 85.6 MB.
System memory in use after: 85.6 MB.

Unloading 12 unused Assets to reduce memory usage. Loaded Objects now: 2272.
Total: 2.432700 ms (FindLiveObjects: 0.234200 ms CreateObjectMapping: 0.055100 ms MarkObjects: 2.008000 ms  DeleteObjects: 0.133600 ms)

========================================================================
Received Import Request.
  Time since last request: 249.452520 seconds.
  path: Assets/Scripts/GameData.cs
  artifactKey: Guid(9473baa834b9b774b9eb93182983c174) Importer(815301076,1909f56bfc062723c751e8b465ee728b)
Start importing Assets/Scripts/GameData.cs using Guid(9473baa834b9b774b9eb93182983c174) Importer(815301076,1909f56bfc062723c751e8b465ee728b)  -> (artifact id: 'de2397513741c91cdff1cdad5b94d402') in 0.015032 seconds
  Import took 0.020902 seconds .

========================================================================
Received Prepare
Registering precompiled user dll's ...
Registered in 0.001409 seconds.
Begin MonoManager ReloadAssembly
Native extension for WindowsStandalone target not found
Native extension for WebGL target not found
Refreshing native plugins compatible for Editor in 0.51 ms, found 1 plugins.
Preloading 0 native plugins for Editor in 0.00 ms.
Mono: successfully reloaded assembly
- Completed reload, in  1.159 seconds
Platform modules already initialized, skipping
Refreshing native plugins compatible for Editor in 0.47 ms, found 1 plugins.
Preloading 0 native plugins for Editor in 0.00 ms.
Unloading 1816 Unused Serialized files (Serialized files now loaded: 0)
System memory in use before: 85.7 MB.
System memory in use after: 85.7 MB.

Unloading 12 unused Assets to reduce memory usage. Loaded Objects now: 2277.
Total: 2.802200 ms (FindLiveObjects: 0.229700 ms CreateObjectMapping: 0.060200 ms MarkObjects: 2.362000 ms  DeleteObjects: 0.148400 ms)

========================================================================
Received Prepare
Registering precompiled user dll's ...
Registered in 0.001275 seconds.
Begin MonoManager ReloadAssembly
Native extension for WindowsStandalone target not found
Native extension for WebGL target not found
Refreshing native plugins compatible for Editor in 0.46 ms, found 1 plugins.
Preloading 0 native plugins for Editor in 0.00 ms.
Mono: successfully reloaded assembly
- Completed reload, in  1.297 seconds
Platform modules already initialized, skipping
Refreshing native plugins compatible for Editor in 0.54 ms, found 1 plugins.
Preloading 0 native plugins for Editor in 0.00 ms.
Unloading 1816 Unused Serialized files (Serialized files now loaded: 0)
System memory in use before: 85.7 MB.
System memory in use after: 85.7 MB.

Unloading 12 unused Assets to reduce memory usage. Loaded Objects now: 2281.
Total: 2.958300 ms (FindLiveObjects: 0.214900 ms CreateObjectMapping: 0.045900 ms MarkObjects: 2.528800 ms  DeleteObjects: 0.167000 ms)

========================================================================
Received Import Request.
  Time since last request: 307.197373 seconds.
  path: Assets/Scripts/GameData.cs
  artifactKey: Guid(9473baa834b9b774b9eb93182983c174) Importer(815301076,1909f56bfc062723c751e8b465ee728b)
Start importing Assets/Scripts/GameData.cs using Guid(9473baa834b9b774b9eb93182983c174) Importer(815301076,1909f56bfc062723c751e8b465ee728b)  -> (artifact id: '44cf3234b5c412cf2bc0a1e72ea295f9') in 0.006101 seconds
  Import took 0.009788 seconds .

========================================================================
Received Import Request.
  Time since last request: 97.184846 seconds.
  path: Assets/Scripts/PlayerController.cs
  artifactKey: Guid(f22acb988dbf0cb4398a8aabe0ba464c) Importer(815301076,1909f56bfc062723c751e8b465ee728b)
Start importing Assets/Scripts/PlayerController.cs using Guid(f22acb988dbf0cb4398a8aabe0ba464c) Importer(815301076,1909f56bfc062723c751e8b465ee728b)  -> (artifact id: '061e76bc26074ec3cfd19806ffd80fa2') in 0.003902 seconds
  Import took 0.007620 seconds .

========================================================================
Received Import Request.
  Time since last request: 0.066449 seconds.
  path: Assets/Scripts/PlayerController.cs
  artifactKey: Guid(f22acb988dbf0cb4398a8aabe0ba464c) Importer(815301076,1909f56bfc062723c751e8b465ee728b)
Start importing Assets/Scripts/PlayerController.cs using Guid(f22acb988dbf0cb4398a8aabe0ba464c) Importer(815301076,1909f56bfc062723c751e8b465ee728b)  -> (artifact id: '061e76bc26074ec3cfd19806ffd80fa2') in 0.018386 seconds
  Import took 0.022333 seconds .

========================================================================
Received Prepare
Registering precompiled user dll's ...
Registered in 0.001326 seconds.
Begin MonoManager ReloadAssembly
Native extension for WindowsStandalone target not found
Native extension for WebGL target not found
Refreshing native plugins compatible for Editor in 0.54 ms, found 1 plugins.
Preloading 0 native plugins for Editor in 0.00 ms.
Mono: successfully reloaded assembly
- Completed reload, in  1.112 seconds
Platform modules already initialized, skipping
Refreshing native plugins compatible for Editor in 0.45 ms, found 1 plugins.
Preloading 0 native plugins for Editor in 0.00 ms.
Unloading 1816 Unused Serialized files (Serialized files now loaded: 0)
System memory in use before: 85.7 MB.
System memory in use after: 85.7 MB.

Unloading 12 unused Assets to reduce memory usage. Loaded Objects now: 2285.
Total: 2.627000 ms (FindLiveObjects: 0.216500 ms CreateObjectMapping: 0.055800 ms MarkObjects: 2.206400 ms  DeleteObjects: 0.147000 ms)

========================================================================
Received Prepare
Registering precompiled user dll's ...
Registered in 0.001158 seconds.
Begin MonoManager ReloadAssembly
Native extension for WindowsStandalone target not found
Native extension for WebGL target not found
Refreshing native plugins compatible for Editor in 0.52 ms, found 1 plugins.
Preloading 0 native plugins for Editor in 0.00 ms.
Mono: successfully reloaded assembly
- Completed reload, in  1.227 seconds
Platform modules already initialized, skipping
Refreshing native plugins compatible for Editor in 0.49 ms, found 1 plugins.
Preloading 0 native plugins for Editor in 0.00 ms.
Unloading 1816 Unused Serialized files (Serialized files now loaded: 0)
System memory in use before: 85.7 MB.
System memory in use after: 85.7 MB.

Unloading 12 unused Assets to reduce memory usage. Loaded Objects now: 2289.
Total: 3.063200 ms (FindLiveObjects: 0.234000 ms CreateObjectMapping: 0.055200 ms MarkObjects: 2.629700 ms  DeleteObjects: 0.142600 ms)

========================================================================
Received Prepare
Registering precompiled user dll's ...
Registered in 0.003868 seconds.
Begin MonoManager ReloadAssembly
Native extension for WindowsStandalone target not found
Native extension for WebGL target not found
Refreshing native plugins compatible for Editor in 0.46 ms, found 1 plugins.
Preloading 0 native plugins for Editor in 0.00 ms.
Mono: successfully reloaded assembly
- Completed reload, in  1.222 seconds
Platform modules already initialized, skipping
Refreshing native plugins compatible for Editor in 0.66 ms, found 1 plugins.
Preloading 0 native plugins for Editor in 0.00 ms.
Unloading 1816 Unused Serialized files (Serialized files now loaded: 0)
System memory in use before: 85.8 MB.
System memory in use after: 85.7 MB.

Unloading 12 unused Assets to reduce memory usage. Loaded Objects now: 2293.
Total: 3.140000 ms (FindLiveObjects: 0.255300 ms CreateObjectMapping: 0.072400 ms MarkObjects: 2.660100 ms  DeleteObjects: 0.150100 ms)

========================================================================
Received Prepare
Registering precompiled user dll's ...
Registered in 0.001262 seconds.
Begin MonoManager ReloadAssembly
Native extension for WindowsStandalone target not found
Native extension for WebGL target not found
Refreshing native plugins compatible for Editor in 0.43 ms, found 1 plugins.
Preloading 0 native plugins for Editor in 0.00 ms.
Mono: successfully reloaded assembly
- Completed reload, in  1.268 seconds
Platform modules already initialized, skipping
Refreshing native plugins compatible for Editor in 0.48 ms, found 1 plugins.
Preloading 0 native plugins for Editor in 0.00 ms.
Unloading 1816 Unused Serialized files (Serialized files now loaded: 0)
System memory in use before: 85.8 MB.
System memory in use after: 85.7 MB.

Unloading 12 unused Assets to reduce memory usage. Loaded Objects now: 2297.
Total: 2.831300 ms (FindLiveObjects: 0.224500 ms CreateObjectMapping: 0.054200 ms MarkObjects: 2.396700 ms  DeleteObjects: 0.153800 ms)

========================================================================
Received Import Request.
  Time since last request: 467.799984 seconds.
  path: Assets/Animations/Player/Player.controller
  artifactKey: Guid(16784a45ed33424428a77bb019a6ea6e) Importer(815301076,1909f56bfc062723c751e8b465ee728b)
Start importing Assets/Animations/Player/Player.controller using Guid(16784a45ed33424428a77bb019a6ea6e) Importer(815301076,1909f56bfc062723c751e8b465ee728b)  -> (artifact id: '136b6b7d89bebc559914bd023e4da547') in 0.172469 seconds
  Import took 0.176544 seconds .

========================================================================
Received Prepare
Registering precompiled user dll's ...
Registered in 0.002726 seconds.
Begin MonoManager ReloadAssembly
Native extension for WindowsStandalone target not found
Native extension for WebGL target not found
Refreshing native plugins compatible for Editor in 0.56 ms, found 1 plugins.
Preloading 0 native plugins for Editor in 0.00 ms.
Mono: successfully reloaded assembly
- Completed reload, in  1.503 seconds
Platform modules already initialized, skipping
Refreshing native plugins compatible for Editor in 0.49 ms, found 1 plugins.
Preloading 0 native plugins for Editor in 0.00 ms.
Unloading 1816 Unused Serialized files (Serialized files now loaded: 0)
System memory in use before: 85.8 MB.
System memory in use after: 85.8 MB.

Unloading 12 unused Assets to reduce memory usage. Loaded Objects now: 2301.
Total: 3.316600 ms (FindLiveObjects: 0.336500 ms CreateObjectMapping: 0.063900 ms MarkObjects: 2.753800 ms  DeleteObjects: 0.160200 ms)

========================================================================
Received Prepare
Registering precompiled user dll's ...
Registered in 0.001094 seconds.
Begin MonoManager ReloadAssembly
Native extension for WindowsStandalone target not found
Native extension for WebGL target not found
Refreshing native plugins compatible for Editor in 0.46 ms, found 1 plugins.
Preloading 0 native plugins for Editor in 0.00 ms.
Mono: successfully reloaded assembly
- Completed reload, in  1.417 seconds
Platform modules already initialized, skipping
Refreshing native plugins compatible for Editor in 0.51 ms, found 1 plugins.
Preloading 0 native plugins for Editor in 0.00 ms.
Unloading 1816 Unused Serialized files (Serialized files now loaded: 0)
System memory in use before: 85.8 MB.
System memory in use after: 85.8 MB.

Unloading 12 unused Assets to reduce memory usage. Loaded Objects now: 2305.
Total: 2.869900 ms (FindLiveObjects: 0.237700 ms CreateObjectMapping: 0.062300 ms MarkObjects: 2.406600 ms  DeleteObjects: 0.161800 ms)

========================================================================
Received Prepare
Registering precompiled user dll's ...
Registered in 0.001105 seconds.
Begin MonoManager ReloadAssembly
Native extension for WindowsStandalone target not found
Native extension for WebGL target not found
Refreshing native plugins compatible for Editor in 0.46 ms, found 1 plugins.
Preloading 0 native plugins for Editor in 0.00 ms.
Mono: successfully reloaded assembly
- Completed reload, in  1.239 seconds
Platform modules already initialized, skipping
Refreshing native plugins compatible for Editor in 0.54 ms, found 1 plugins.
Preloading 0 native plugins for Editor in 0.00 ms.
Unloading 1816 Unused Serialized files (Serialized files now loaded: 0)
System memory in use before: 85.8 MB.
System memory in use after: 85.8 MB.

Unloading 12 unused Assets to reduce memory usage. Loaded Objects now: 2309.
Total: 3.252800 ms (FindLiveObjects: 0.251900 ms CreateObjectMapping: 0.065100 ms MarkObjects: 2.768700 ms  DeleteObjects: 0.165200 ms)

========================================================================
Received Prepare
Registering precompiled user dll's ...
Registered in 0.001257 seconds.
Begin MonoManager ReloadAssembly
Native extension for WindowsStandalone target not found
Native extension for WebGL target not found
Refreshing native plugins compatible for Editor in 0.54 ms, found 1 plugins.
Preloading 0 native plugins for Editor in 0.00 ms.
Mono: successfully reloaded assembly
- Completed reload, in  1.208 seconds
Platform modules already initialized, skipping
Refreshing native plugins compatible for Editor in 0.54 ms, found 1 plugins.
Preloading 0 native plugins for Editor in 0.00 ms.
Unloading 1816 Unused Serialized files (Serialized files now loaded: 0)
System memory in use before: 85.8 MB.
System memory in use after: 85.8 MB.

Unloading 12 unused Assets to reduce memory usage. Loaded Objects now: 2313.
Total: 3.487100 ms (FindLiveObjects: 0.465500 ms CreateObjectMapping: 0.102400 ms MarkObjects: 2.762700 ms  DeleteObjects: 0.154300 ms)

========================================================================
Received Prepare
Registering precompiled user dll's ...
Registered in 0.001692 seconds.
Begin MonoManager ReloadAssembly
Native extension for WindowsStandalone target not found
Native extension for WebGL target not found
Refreshing native plugins compatible for Editor in 0.74 ms, found 1 plugins.
Preloading 0 native plugins for Editor in 0.00 ms.
Mono: successfully reloaded assembly
- Completed reload, in  1.483 seconds
Platform modules already initialized, skipping
Refreshing native plugins compatible for Editor in 0.63 ms, found 1 plugins.
Preloading 0 native plugins for Editor in 0.00 ms.
Unloading 1816 Unused Serialized files (Serialized files now loaded: 0)
System memory in use before: 85.8 MB.
System memory in use after: 85.8 MB.

Unloading 12 unused Assets to reduce memory usage. Loaded Objects now: 2317.
Total: 4.260200 ms (FindLiveObjects: 0.312300 ms CreateObjectMapping: 0.100900 ms MarkObjects: 3.615200 ms  DeleteObjects: 0.229700 ms)

========================================================================
Received Prepare
Registering precompiled user dll's ...
Registered in 0.001507 seconds.
Begin MonoManager ReloadAssembly
Native extension for WindowsStandalone target not found
Native extension for WebGL target not found
Refreshing native plugins compatible for Editor in 0.47 ms, found 1 plugins.
Preloading 0 native plugins for Editor in 0.00 ms.
Mono: successfully reloaded assembly
- Completed reload, in  1.240 seconds
Platform modules already initialized, skipping
Refreshing native plugins compatible for Editor in 0.44 ms, found 1 plugins.
Preloading 0 native plugins for Editor in 0.00 ms.
Unloading 1816 Unused Serialized files (Serialized files now loaded: 0)
System memory in use before: 85.8 MB.
System memory in use after: 85.8 MB.

Unloading 12 unused Assets to reduce memory usage. Loaded Objects now: 2321.
Total: 2.493300 ms (FindLiveObjects: 0.222200 ms CreateObjectMapping: 0.053300 ms MarkObjects: 2.076100 ms  DeleteObjects: 0.140600 ms)

========================================================================
Received Import Request.
  Time since last request: 701.111211 seconds.
  path: Assets/Scripts/EnemyController.cs
  artifactKey: Guid(d18eb963c185f9247a434490208c1717) Importer(815301076,1909f56bfc062723c751e8b465ee728b)
Start importing Assets/Scripts/EnemyController.cs using Guid(d18eb963c185f9247a434490208c1717) Importer(815301076,1909f56bfc062723c751e8b465ee728b)  -> (artifact id: '1427e3db064d6fe43c7867f90de6a7cb') in 0.007733 seconds
  Import took 0.011640 seconds .

========================================================================
Received Import Request.
  Time since last request: 172.986713 seconds.
  path: Assets/Scripts/EnemyController.cs
  artifactKey: Guid(d18eb963c185f9247a434490208c1717) Importer(815301076,1909f56bfc062723c751e8b465ee728b)
Start importing Assets/Scripts/EnemyController.cs using Guid(d18eb963c185f9247a434490208c1717) Importer(815301076,1909f56bfc062723c751e8b465ee728b)  -> (artifact id: '912594acdbbe2b00b87819f7e8eff34c') in 0.005596 seconds
  Import took 0.008906 seconds .

========================================================================
Received Prepare
Registering precompiled user dll's ...
Registered in 0.001337 seconds.
Begin MonoManager ReloadAssembly
Native extension for WindowsStandalone target not found
Native extension for WebGL target not found
Refreshing native plugins compatible for Editor in 0.56 ms, found 1 plugins.
Preloading 0 native plugins for Editor in 0.00 ms.
Mono: successfully reloaded assembly
- Completed reload, in  1.283 seconds
Platform modules already initialized, skipping
Refreshing native plugins compatible for Editor in 0.49 ms, found 1 plugins.
Preloading 0 native plugins for Editor in 0.00 ms.
Unloading 1816 Unused Serialized files (Serialized files now loaded: 0)
System memory in use before: 85.9 MB.
System memory in use after: 85.8 MB.

Unloading 12 unused Assets to reduce memory usage. Loaded Objects now: 2325.
Total: 2.769500 ms (FindLiveObjects: 0.217600 ms CreateObjectMapping: 0.054500 ms MarkObjects: 2.362500 ms  DeleteObjects: 0.133400 ms)

========================================================================
Received Import Request.
  Time since last request: 45.495345 seconds.
  path: Assets/Scripts/EnemyController.cs
  artifactKey: Guid(d18eb963c185f9247a434490208c1717) Importer(815301076,1909f56bfc062723c751e8b465ee728b)
Start importing Assets/Scripts/EnemyController.cs using Guid(d18eb963c185f9247a434490208c1717) Importer(815301076,1909f56bfc062723c751e8b465ee728b)  -> (artifact id: '1fd9dd20ee26be427a1f5da2da4088d3') in 0.006767 seconds
  Import took 0.010371 seconds .

========================================================================
Received Prepare
Registering precompiled user dll's ...
Registered in 0.001261 seconds.
Begin MonoManager ReloadAssembly
Native extension for WindowsStandalone target not found
Native extension for WebGL target not found
Refreshing native plugins compatible for Editor in 0.45 ms, found 1 plugins.
Preloading 0 native plugins for Editor in 0.00 ms.
Mono: successfully reloaded assembly
- Completed reload, in  1.228 seconds
Platform modules already initialized, skipping
Refreshing native plugins compatible for Editor in 0.59 ms, found 1 plugins.
Preloading 0 native plugins for Editor in 0.00 ms.
Unloading 1816 Unused Serialized files (Serialized files now loaded: 0)
System memory in use before: 85.9 MB.
System memory in use after: 85.8 MB.

Unloading 12 unused Assets to reduce memory usage. Loaded Objects now: 2329.
Total: 2.234300 ms (FindLiveObjects: 0.200700 ms CreateObjectMapping: 0.044700 ms MarkObjects: 1.861300 ms  DeleteObjects: 0.126200 ms)

========================================================================
Received Prepare
Registering precompiled user dll's ...
Registered in 0.001313 seconds.
Begin MonoManager ReloadAssembly
Native extension for WindowsStandalone target not found
Native extension for WebGL target not found
Refreshing native plugins compatible for Editor in 0.55 ms, found 1 plugins.
Preloading 0 native plugins for Editor in 0.00 ms.
Mono: successfully reloaded assembly
- Completed reload, in  1.247 seconds
Platform modules already initialized, skipping
Refreshing native plugins compatible for Editor in 0.46 ms, found 1 plugins.
Preloading 0 native plugins for Editor in 0.00 ms.
Unloading 1816 Unused Serialized files (Serialized files now loaded: 0)
System memory in use before: 85.9 MB.
System memory in use after: 85.8 MB.

Unloading 12 unused Assets to reduce memory usage. Loaded Objects now: 2333.
Total: 3.069400 ms (FindLiveObjects: 0.391600 ms CreateObjectMapping: 0.066600 ms MarkObjects: 2.466800 ms  DeleteObjects: 0.142700 ms)

========================================================================
Received Import Request.
  Time since last request: 226.583718 seconds.
  path: Assets/Materials/FireSphere1.mat
  artifactKey: Guid(14fab0de6c54324468738e7b38a88207) Importer(815301076,1909f56bfc062723c751e8b465ee728b)
Start importing Assets/Materials/FireSphere1.mat using Guid(14fab0de6c54324468738e7b38a88207) Importer(815301076,1909f56bfc062723c751e8b465ee728b)  -> (artifact id: 'a079368cf59e45a0d66884e055f98dd6') in 0.614975 seconds
  Import took 0.619275 seconds .

========================================================================
Received Prepare
Registering precompiled user dll's ...
Registered in 0.001104 seconds.
Begin MonoManager ReloadAssembly
Native extension for WindowsStandalone target not found
Native extension for WebGL target not found
Refreshing native plugins compatible for Editor in 0.56 ms, found 1 plugins.
Preloading 0 native plugins for Editor in 0.00 ms.
Mono: successfully reloaded assembly
- Completed reload, in  1.227 seconds
Platform modules already initialized, skipping
Refreshing native plugins compatible for Editor in 0.54 ms, found 1 plugins.
Preloading 0 native plugins for Editor in 0.00 ms.
Unloading 1816 Unused Serialized files (Serialized files now loaded: 0)
System memory in use before: 89.1 MB.
System memory in use after: 89.1 MB.

Unloading 12 unused Assets to reduce memory usage. Loaded Objects now: 2377.
Total: 2.807900 ms (FindLiveObjects: 0.238700 ms CreateObjectMapping: 0.063600 ms MarkObjects: 2.357800 ms  DeleteObjects: 0.146500 ms)

========================================================================
Received Prepare
Registering precompiled user dll's ...
Registered in 0.001356 seconds.
Begin MonoManager ReloadAssembly
Native extension for WindowsStandalone target not found
Native extension for WebGL target not found
Refreshing native plugins compatible for Editor in 0.52 ms, found 1 plugins.
Preloading 0 native plugins for Editor in 0.00 ms.
Mono: successfully reloaded assembly
- Completed reload, in  1.315 seconds
Platform modules already initialized, skipping
Refreshing native plugins compatible for Editor in 0.50 ms, found 1 plugins.
Preloading 0 native plugins for Editor in 0.00 ms.
Unloading 1816 Unused Serialized files (Serialized files now loaded: 0)
System memory in use before: 89.2 MB.
System memory in use after: 89.1 MB.

Unloading 12 unused Assets to reduce memory usage. Loaded Objects now: 2381.
Total: 2.559600 ms (FindLiveObjects: 0.230400 ms CreateObjectMapping: 0.054500 ms MarkObjects: 2.137700 ms  DeleteObjects: 0.135000 ms)

========================================================================
Received Import Request.
  Time since last request: 53.578335 seconds.
  path: Assets/Prefabs/Goblin.prefab
  artifactKey: Guid(88bc96653ab3d3944b843984ed9bbeb6) Importer(815301076,1909f56bfc062723c751e8b465ee728b)
Start importing Assets/Prefabs/Goblin.prefab using Guid(88bc96653ab3d3944b843984ed9bbeb6) Importer(815301076,1909f56bfc062723c751e8b465ee728b)  -> (artifact id: '396cdc4bf61681c82f8589f7fa58bc13') in 0.251493 seconds
  Import took 0.256047 seconds .

========================================================================
Received Prepare
Registering precompiled user dll's ...
Registered in 0.001223 seconds.
Begin MonoManager ReloadAssembly
Native extension for WindowsStandalone target not found
Native extension for WebGL target not found
Refreshing native plugins compatible for Editor in 0.46 ms, found 1 plugins.
Preloading 0 native plugins for Editor in 0.00 ms.
Mono: successfully reloaded assembly
- Completed reload, in  1.283 seconds
Platform modules already initialized, skipping
Refreshing native plugins compatible for Editor in 0.52 ms, found 1 plugins.
Preloading 0 native plugins for Editor in 0.00 ms.
Unloading 1816 Unused Serialized files (Serialized files now loaded: 0)
System memory in use before: 89.3 MB.
System memory in use after: 89.3 MB.

Unloading 12 unused Assets to reduce memory usage. Loaded Objects now: 2388.
Total: 2.783200 ms (FindLiveObjects: 0.274700 ms CreateObjectMapping: 0.074200 ms MarkObjects: 2.284900 ms  DeleteObjects: 0.148100 ms)

========================================================================
Received Prepare
Registering precompiled user dll's ...
Registered in 0.001122 seconds.
Begin MonoManager ReloadAssembly
Native extension for WindowsStandalone target not found
Native extension for WebGL target not found
Refreshing native plugins compatible for Editor in 0.55 ms, found 1 plugins.
Preloading 0 native plugins for Editor in 0.00 ms.
Mono: successfully reloaded assembly
- Completed reload, in  1.241 seconds
Platform modules already initialized, skipping
Refreshing native plugins compatible for Editor in 0.55 ms, found 1 plugins.
Preloading 0 native plugins for Editor in 0.00 ms.
Unloading 1816 Unused Serialized files (Serialized files now loaded: 0)
System memory in use before: 89.3 MB.
System memory in use after: 89.3 MB.

Unloading 12 unused Assets to reduce memory usage. Loaded Objects now: 2392.
Total: 2.722700 ms (FindLiveObjects: 0.236000 ms CreateObjectMapping: 0.054600 ms MarkObjects: 2.287700 ms  DeleteObjects: 0.143200 ms)

========================================================================
Received Prepare
Registering precompiled user dll's ...
Registered in 0.001257 seconds.
Begin MonoManager ReloadAssembly
Native extension for WindowsStandalone target not found
Native extension for WebGL target not found
Refreshing native plugins compatible for Editor in 1.03 ms, found 1 plugins.
Preloading 0 native plugins for Editor in 0.00 ms.
Mono: successfully reloaded assembly
- Completed reload, in  1.271 seconds
Platform modules already initialized, skipping
Refreshing native plugins compatible for Editor in 0.49 ms, found 1 plugins.
Preloading 0 native plugins for Editor in 0.00 ms.
Unloading 1816 Unused Serialized files (Serialized files now loaded: 0)
System memory in use before: 89.3 MB.
System memory in use after: 89.3 MB.

Unloading 12 unused Assets to reduce memory usage. Loaded Objects now: 2396.
Total: 2.611200 ms (FindLiveObjects: 0.228400 ms CreateObjectMapping: 0.055000 ms MarkObjects: 2.185900 ms  DeleteObjects: 0.140000 ms)

========================================================================
Received Import Request.
  Time since last request: 110.207634 seconds.
  path: Assets/Prefabs/Flying eye.prefab
  artifactKey: Guid(3e5f7b78f9a86ec41a210b1267bb8475) Importer(815301076,1909f56bfc062723c751e8b465ee728b)
Start importing Assets/Prefabs/Flying eye.prefab using Guid(3e5f7b78f9a86ec41a210b1267bb8475) Importer(815301076,1909f56bfc062723c751e8b465ee728b)  -> (artifact id: '6933ba4346fdc835c4027020a1f844f4') in 0.277102 seconds
  Import took 0.281510 seconds .

========================================================================
Received Import Request.
  Time since last request: 14.012242 seconds.
  path: Assets/Prefabs/Flying eye.prefab
  artifactKey: Guid(3e5f7b78f9a86ec41a210b1267bb8475) Importer(815301076,1909f56bfc062723c751e8b465ee728b)
Start importing Assets/Prefabs/Flying eye.prefab using Guid(3e5f7b78f9a86ec41a210b1267bb8475) Importer(815301076,1909f56bfc062723c751e8b465ee728b)  -> (artifact id: '4d958c873cd52df2ccb2ced7e2f14e8c') in 0.017072 seconds
  Import took 0.021448 seconds .

========================================================================
Received Import Request.
  Time since last request: 4.450792 seconds.
  path: Assets/Prefabs/Flying eye.prefab
  artifactKey: Guid(3e5f7b78f9a86ec41a210b1267bb8475) Importer(815301076,1909f56bfc062723c751e8b465ee728b)
Start importing Assets/Prefabs/Flying eye.prefab using Guid(3e5f7b78f9a86ec41a210b1267bb8475) Importer(815301076,1909f56bfc062723c751e8b465ee728b)  -> (artifact id: '5b812429bea7020284609d8ce93f7d2c') in 0.021988 seconds
  Import took 0.026679 seconds .

========================================================================
Received Import Request.
  Time since last request: 4.505361 seconds.
  path: Assets/Prefabs/Goblin.prefab
  artifactKey: Guid(88bc96653ab3d3944b843984ed9bbeb6) Importer(815301076,1909f56bfc062723c751e8b465ee728b)
Start importing Assets/Prefabs/Goblin.prefab using Guid(88bc96653ab3d3944b843984ed9bbeb6) Importer(815301076,1909f56bfc062723c751e8b465ee728b)  -> (artifact id: '48c1e139511bf4055e2974092eaba15c') in 0.033844 seconds
  Import took 0.038808 seconds .

========================================================================
Received Import Request.
  Time since last request: 0.000821 seconds.
  path: Assets/Prefabs/Goblin.prefab
  artifactKey: Guid(88bc96653ab3d3944b843984ed9bbeb6) Importer(815301076,1909f56bfc062723c751e8b465ee728b)
Start importing Assets/Prefabs/Goblin.prefab using Guid(88bc96653ab3d3944b843984ed9bbeb6) Importer(815301076,1909f56bfc062723c751e8b465ee728b)  -> (artifact id: '48c1e139511bf4055e2974092eaba15c') in 0.018148 seconds
  Import took 0.022587 seconds .

========================================================================
Received Import Request.
  Time since last request: 1.101009 seconds.
  path: Assets/Prefabs/Mushroom.prefab
  artifactKey: Guid(239e9a1e8ba597248af58b3e7fcb35db) Importer(815301076,1909f56bfc062723c751e8b465ee728b)
Start importing Assets/Prefabs/Mushroom.prefab using Guid(239e9a1e8ba597248af58b3e7fcb35db) Importer(815301076,1909f56bfc062723c751e8b465ee728b)  -> (artifact id: '8a24a071ba28ef4dc28f0e6afc8e5c59') in 0.132492 seconds
  Import took 0.136950 seconds .

========================================================================
Received Import Request.
  Time since last request: 2.738065 seconds.
  path: Assets/Prefabs/Mushroom.prefab
  artifactKey: Guid(239e9a1e8ba597248af58b3e7fcb35db) Importer(815301076,1909f56bfc062723c751e8b465ee728b)
Start importing Assets/Prefabs/Mushroom.prefab using Guid(239e9a1e8ba597248af58b3e7fcb35db) Importer(815301076,1909f56bfc062723c751e8b465ee728b)  -> (artifact id: '90e88107779af4fbaa39505d38e57a6e') in 0.019311 seconds
  Import took 0.024094 seconds .

========================================================================
Received Import Request.
  Time since last request: 2.573440 seconds.
  path: Assets/Prefabs/Skeleton.prefab
  artifactKey: Guid(861f17e73e4e4d64094945ca6c8f9c0b) Importer(815301076,1909f56bfc062723c751e8b465ee728b)
Start importing Assets/Prefabs/Skeleton.prefab using Guid(861f17e73e4e4d64094945ca6c8f9c0b) Importer(815301076,1909f56bfc062723c751e8b465ee728b)  -> (artifact id: '7344c9f62fa2e07dc0af42a365223d94') in 0.081250 seconds
  Import took 0.085878 seconds .

========================================================================
Received Import Request.
  Time since last request: 2.478080 seconds.
  path: Assets/Prefabs/Skeleton.prefab
  artifactKey: Guid(861f17e73e4e4d64094945ca6c8f9c0b) Importer(815301076,1909f56bfc062723c751e8b465ee728b)
Start importing Assets/Prefabs/Skeleton.prefab using Guid(861f17e73e4e4d64094945ca6c8f9c0b) Importer(815301076,1909f56bfc062723c751e8b465ee728b)  -> (artifact id: '1498b505dc10ce8949114b3585a350ec') in 0.021548 seconds
  Import took 0.026741 seconds .

========================================================================
Received Prepare
Registering precompiled user dll's ...
Registered in 0.001282 seconds.
Begin MonoManager ReloadAssembly
Native extension for WindowsStandalone target not found
Native extension for WebGL target not found
Refreshing native plugins compatible for Editor in 0.53 ms, found 1 plugins.
Preloading 0 native plugins for Editor in 0.00 ms.
Mono: successfully reloaded assembly
- Completed reload, in  1.364 seconds
Platform modules already initialized, skipping
Refreshing native plugins compatible for Editor in 0.57 ms, found 1 plugins.
Preloading 0 native plugins for Editor in 0.00 ms.
Unloading 1816 Unused Serialized files (Serialized files now loaded: 0)
System memory in use before: 89.4 MB.
System memory in use after: 89.4 MB.

Unloading 12 unused Assets to reduce memory usage. Loaded Objects now: 2401.
Total: 2.843900 ms (FindLiveObjects: 0.222600 ms CreateObjectMapping: 0.049000 ms MarkObjects: 2.431400 ms  DeleteObjects: 0.139200 ms)

========================================================================
Received Prepare
Registering precompiled user dll's ...
Registered in 0.003054 seconds.
Begin MonoManager ReloadAssembly
Native extension for WindowsStandalone target not found
Native extension for WebGL target not found
Refreshing native plugins compatible for Editor in 0.52 ms, found 1 plugins.
Preloading 0 native plugins for Editor in 0.00 ms.
Mono: successfully reloaded assembly
- Completed reload, in  1.184 seconds
Platform modules already initialized, skipping
Refreshing native plugins compatible for Editor in 0.50 ms, found 1 plugins.
Preloading 0 native plugins for Editor in 0.00 ms.
Unloading 1816 Unused Serialized files (Serialized files now loaded: 0)
System memory in use before: 89.4 MB.
System memory in use after: 89.4 MB.

Unloading 12 unused Assets to reduce memory usage. Loaded Objects now: 2405.
Total: 2.547400 ms (FindLiveObjects: 0.229100 ms CreateObjectMapping: 0.054700 ms MarkObjects: 2.120800 ms  DeleteObjects: 0.141600 ms)

========================================================================
Received Prepare
Registering precompiled user dll's ...
Registered in 0.001258 seconds.
Begin MonoManager ReloadAssembly
Native extension for WindowsStandalone target not found
Native extension for WebGL target not found
Refreshing native plugins compatible for Editor in 1.06 ms, found 1 plugins.
Preloading 0 native plugins for Editor in 0.00 ms.
Mono: successfully reloaded assembly
- Completed reload, in  1.453 seconds
Platform modules already initialized, skipping
Refreshing native plugins compatible for Editor in 0.72 ms, found 1 plugins.
Preloading 0 native plugins for Editor in 0.00 ms.
Unloading 1816 Unused Serialized files (Serialized files now loaded: 0)
System memory in use before: 89.4 MB.
System memory in use after: 89.4 MB.

Unloading 12 unused Assets to reduce memory usage. Loaded Objects now: 2409.
Total: 3.398300 ms (FindLiveObjects: 0.278400 ms CreateObjectMapping: 0.059800 ms MarkObjects: 2.864600 ms  DeleteObjects: 0.193500 ms)

========================================================================
Received Prepare
Registering precompiled user dll's ...
Registered in 0.001076 seconds.
Begin MonoManager ReloadAssembly
Native extension for WindowsStandalone target not found
Native extension for WebGL target not found
Refreshing native plugins compatible for Editor in 0.47 ms, found 1 plugins.
Preloading 0 native plugins for Editor in 0.00 ms.
Mono: successfully reloaded assembly
- Completed reload, in  1.218 seconds
Platform modules already initialized, skipping
Refreshing native plugins compatible for Editor in 0.49 ms, found 1 plugins.
Preloading 0 native plugins for Editor in 0.00 ms.
Unloading 1816 Unused Serialized files (Serialized files now loaded: 0)
System memory in use before: 89.4 MB.
System memory in use after: 89.4 MB.

Unloading 12 unused Assets to reduce memory usage. Loaded Objects now: 2413.
Total: 2.606300 ms (FindLiveObjects: 0.236100 ms CreateObjectMapping: 0.056000 ms MarkObjects: 2.168000 ms  DeleteObjects: 0.144700 ms)

========================================================================
Received Prepare
Registering precompiled user dll's ...
Registered in 0.003001 seconds.
Begin MonoManager ReloadAssembly
Native extension for WindowsStandalone target not found
Native extension for WebGL target not found
Refreshing native plugins compatible for Editor in 0.50 ms, found 1 plugins.
Preloading 0 native plugins for Editor in 0.00 ms.
Mono: successfully reloaded assembly
- Completed reload, in  1.206 seconds
Platform modules already initialized, skipping
Refreshing native plugins compatible for Editor in 0.45 ms, found 1 plugins.
Preloading 0 native plugins for Editor in 0.00 ms.
Unloading 1816 Unused Serialized files (Serialized files now loaded: 0)
System memory in use before: 89.4 MB.
System memory in use after: 89.4 MB.

Unloading 12 unused Assets to reduce memory usage. Loaded Objects now: 2417.
Total: 2.847200 ms (FindLiveObjects: 0.251200 ms CreateObjectMapping: 0.072300 ms MarkObjects: 2.365600 ms  DeleteObjects: 0.156300 ms)

========================================================================
Received Prepare
Registering precompiled user dll's ...
Registered in 0.001279 seconds.
Begin MonoManager ReloadAssembly
Native extension for WindowsStandalone target not found
Native extension for WebGL target not found
Refreshing native plugins compatible for Editor in 0.55 ms, found 1 plugins.
Preloading 0 native plugins for Editor in 0.00 ms.
Mono: successfully reloaded assembly
- Completed reload, in  1.287 seconds
Platform modules already initialized, skipping
Refreshing native plugins compatible for Editor in 0.46 ms, found 1 plugins.
Preloading 0 native plugins for Editor in 0.00 ms.
Unloading 1816 Unused Serialized files (Serialized files now loaded: 0)
System memory in use before: 89.4 MB.
System memory in use after: 89.4 MB.

Unloading 12 unused Assets to reduce memory usage. Loaded Objects now: 2421.
Total: 2.624600 ms (FindLiveObjects: 0.238900 ms CreateObjectMapping: 0.059000 ms MarkObjects: 2.178100 ms  DeleteObjects: 0.146900 ms)

========================================================================
Received Prepare
Registering precompiled user dll's ...
Registered in 0.001355 seconds.
Begin MonoManager ReloadAssembly
Native extension for WindowsStandalone target not found
Native extension for WebGL target not found
Refreshing native plugins compatible for Editor in 0.45 ms, found 1 plugins.
Preloading 0 native plugins for Editor in 0.00 ms.
Mono: successfully reloaded assembly
- Completed reload, in  1.208 seconds
Platform modules already initialized, skipping
Refreshing native plugins compatible for Editor in 0.55 ms, found 1 plugins.
Preloading 0 native plugins for Editor in 0.00 ms.
Unloading 1816 Unused Serialized files (Serialized files now loaded: 0)
System memory in use before: 89.4 MB.
System memory in use after: 89.4 MB.

Unloading 12 unused Assets to reduce memory usage. Loaded Objects now: 2425.
Total: 2.782400 ms (FindLiveObjects: 0.251700 ms CreateObjectMapping: 0.075300 ms MarkObjects: 2.306200 ms  DeleteObjects: 0.147400 ms)

========================================================================
Received Prepare
Registering precompiled user dll's ...
Registered in 0.001492 seconds.
Begin MonoManager ReloadAssembly
Native extension for WindowsStandalone target not found
Native extension for WebGL target not found
Refreshing native plugins compatible for Editor in 0.51 ms, found 1 plugins.
Preloading 0 native plugins for Editor in 0.00 ms.
Mono: successfully reloaded assembly
- Completed reload, in  1.230 seconds
Platform modules already initialized, skipping
Refreshing native plugins compatible for Editor in 0.51 ms, found 1 plugins.
Preloading 0 native plugins for Editor in 0.00 ms.
Unloading 1816 Unused Serialized files (Serialized files now loaded: 0)
System memory in use before: 89.5 MB.
System memory in use after: 89.4 MB.

Unloading 12 unused Assets to reduce memory usage. Loaded Objects now: 2429.
Total: 2.897900 ms (FindLiveObjects: 0.267200 ms CreateObjectMapping: 0.064800 ms MarkObjects: 2.403600 ms  DeleteObjects: 0.160600 ms)

========================================================================
Received Prepare
Registering precompiled user dll's ...
Registered in 0.001262 seconds.
Begin MonoManager ReloadAssembly
Native extension for WindowsStandalone target not found
Native extension for WebGL target not found
Refreshing native plugins compatible for Editor in 0.46 ms, found 1 plugins.
Preloading 0 native plugins for Editor in 0.00 ms.
Mono: successfully reloaded assembly
- Completed reload, in  1.167 seconds
Platform modules already initialized, skipping
Refreshing native plugins compatible for Editor in 0.46 ms, found 1 plugins.
Preloading 0 native plugins for Editor in 0.00 ms.
Unloading 1816 Unused Serialized files (Serialized files now loaded: 0)
System memory in use before: 89.5 MB.
System memory in use after: 89.4 MB.

Unloading 12 unused Assets to reduce memory usage. Loaded Objects now: 2433.
Total: 2.876900 ms (FindLiveObjects: 0.248100 ms CreateObjectMapping: 0.066000 ms MarkObjects: 2.400400 ms  DeleteObjects: 0.160400 ms)

========================================================================
Received Prepare
Registering precompiled user dll's ...
Registered in 0.001130 seconds.
Begin MonoManager ReloadAssembly
Native extension for WindowsStandalone target not found
Native extension for WebGL target not found
Refreshing native plugins compatible for Editor in 0.48 ms, found 1 plugins.
Preloading 0 native plugins for Editor in 0.00 ms.
Mono: successfully reloaded assembly
- Completed reload, in  1.228 seconds
Platform modules already initialized, skipping
Refreshing native plugins compatible for Editor in 0.45 ms, found 1 plugins.
Preloading 0 native plugins for Editor in 0.00 ms.
Unloading 1816 Unused Serialized files (Serialized files now loaded: 0)
System memory in use before: 89.5 MB.
System memory in use after: 89.4 MB.

Unloading 12 unused Assets to reduce memory usage. Loaded Objects now: 2437.
Total: 2.670300 ms (FindLiveObjects: 0.234100 ms CreateObjectMapping: 0.083700 ms MarkObjects: 2.156200 ms  DeleteObjects: 0.194300 ms)

========================================================================
Received Import Request.
  Time since last request: 515.122696 seconds.
  path: Assets/Prefabs/Flying eye.prefab
  artifactKey: Guid(3e5f7b78f9a86ec41a210b1267bb8475) Importer(815301076,1909f56bfc062723c751e8b465ee728b)
Start importing Assets/Prefabs/Flying eye.prefab using Guid(3e5f7b78f9a86ec41a210b1267bb8475) Importer(815301076,1909f56bfc062723c751e8b465ee728b)  -> (artifact id: 'c90333866cd64de468d382b5bb0cf9c2') in 0.106518 seconds
  Import took 0.110955 seconds .

========================================================================
Received Import Request.
  Time since last request: 0.788935 seconds.
  path: Assets/Prefabs/Goblin.prefab
  artifactKey: Guid(88bc96653ab3d3944b843984ed9bbeb6) Importer(815301076,1909f56bfc062723c751e8b465ee728b)
Start importing Assets/Prefabs/Goblin.prefab using Guid(88bc96653ab3d3944b843984ed9bbeb6) Importer(815301076,1909f56bfc062723c751e8b465ee728b)  -> (artifact id: '2c92327aaa5b6e4ed5190f7f708866af') in 0.032243 seconds
  Import took 0.036508 seconds .

========================================================================
Received Import Request.
  Time since last request: 1.036095 seconds.
  path: Assets/Prefabs/Goblin.prefab
  artifactKey: Guid(88bc96653ab3d3944b843984ed9bbeb6) Importer(815301076,1909f56bfc062723c751e8b465ee728b)
Start importing Assets/Prefabs/Goblin.prefab using Guid(88bc96653ab3d3944b843984ed9bbeb6) Importer(815301076,1909f56bfc062723c751e8b465ee728b)  -> (artifact id: '84652ee0495290463035ee8b7b0d3649') in 0.024683 seconds
  Import took 0.031539 seconds .

========================================================================
Received Import Request.
  Time since last request: 2.129778 seconds.
  path: Assets/Prefabs/Mushroom.prefab
  artifactKey: Guid(239e9a1e8ba597248af58b3e7fcb35db) Importer(815301076,1909f56bfc062723c751e8b465ee728b)
Start importing Assets/Prefabs/Mushroom.prefab using Guid(239e9a1e8ba597248af58b3e7fcb35db) Importer(815301076,1909f56bfc062723c751e8b465ee728b)  -> (artifact id: 'cd1c16adc2c3eaeb22c0ba324f2ee9de') in 0.018271 seconds
  Import took 0.022998 seconds .

========================================================================
Received Import Request.
  Time since last request: 2.932646 seconds.
  path: Assets/Prefabs/Skeleton.prefab
  artifactKey: Guid(861f17e73e4e4d64094945ca6c8f9c0b) Importer(815301076,1909f56bfc062723c751e8b465ee728b)
Start importing Assets/Prefabs/Skeleton.prefab using Guid(861f17e73e4e4d64094945ca6c8f9c0b) Importer(815301076,1909f56bfc062723c751e8b465ee728b)  -> (artifact id: '0cfb84659701077b34f9b25d7eb9b21f') in 0.019376 seconds
  Import took 0.025498 seconds .

========================================================================
Received Import Request.
  Time since last request: 3.704771 seconds.
  path: Assets/Prefabs/OrbGreen.prefab
  artifactKey: Guid(727a455e46fa22549b71e28925518591) Importer(815301076,1909f56bfc062723c751e8b465ee728b)
Start importing Assets/Prefabs/OrbGreen.prefab using Guid(727a455e46fa22549b71e28925518591) Importer(815301076,1909f56bfc062723c751e8b465ee728b)  -> (artifact id: '06a046fb9c5fddb43ff493fdaf6c3d94') in 0.008485 seconds
  Import took 0.012905 seconds .

========================================================================
Received Import Request.
  Time since last request: 0.089012 seconds.
  path: Assets/Prefabs/OrbGreen.prefab
  artifactKey: Guid(727a455e46fa22549b71e28925518591) Importer(815301076,1909f56bfc062723c751e8b465ee728b)
Start importing Assets/Prefabs/OrbGreen.prefab using Guid(727a455e46fa22549b71e28925518591) Importer(815301076,1909f56bfc062723c751e8b465ee728b)  -> (artifact id: '06a046fb9c5fddb43ff493fdaf6c3d94') in 0.007887 seconds
  Import took 0.012301 seconds .

========================================================================
Received Import Request.
  Time since last request: 0.409465 seconds.
  path: Assets/Prefabs/Player.prefab
  artifactKey: Guid(fbef634fffb3469469fdc81d8dc5a004) Importer(815301076,1909f56bfc062723c751e8b465ee728b)
Start importing Assets/Prefabs/Player.prefab using Guid(fbef634fffb3469469fdc81d8dc5a004) Importer(815301076,1909f56bfc062723c751e8b465ee728b)  -> (artifact id: 'ef115fa57bb217412eac5a754f16d7b4') in 0.133921 seconds
  Import took 0.138252 seconds .

========================================================================
Received Prepare
Registering precompiled user dll's ...
Registered in 0.001276 seconds.
Begin MonoManager ReloadAssembly
Native extension for WindowsStandalone target not found
Native extension for WebGL target not found
Refreshing native plugins compatible for Editor in 0.46 ms, found 1 plugins.
Preloading 0 native plugins for Editor in 0.00 ms.
Mono: successfully reloaded assembly
- Completed reload, in  1.245 seconds
Platform modules already initialized, skipping
Refreshing native plugins compatible for Editor in 0.45 ms, found 1 plugins.
Preloading 0 native plugins for Editor in 0.00 ms.
Unloading 1816 Unused Serialized files (Serialized files now loaded: 0)
System memory in use before: 89.5 MB.
System memory in use after: 89.5 MB.

Unloading 12 unused Assets to reduce memory usage. Loaded Objects now: 2442.
Total: 3.148600 ms (FindLiveObjects: 0.260000 ms CreateObjectMapping: 0.067700 ms MarkObjects: 2.661800 ms  DeleteObjects: 0.157200 ms)

========================================================================
Received Import Request.
  Time since last request: 78.934485 seconds.
  path: Assets/Prefabs/Goblin.prefab
  artifactKey: Guid(88bc96653ab3d3944b843984ed9bbeb6) Importer(815301076,1909f56bfc062723c751e8b465ee728b)
Start importing Assets/Prefabs/Goblin.prefab using Guid(88bc96653ab3d3944b843984ed9bbeb6) Importer(815301076,1909f56bfc062723c751e8b465ee728b)  -> (artifact id: '1c59792c674ba35898a9f00da6508450') in 0.119869 seconds
  Import took 0.124252 seconds .

========================================================================
Received Import Request.
  Time since last request: 3.598912 seconds.
  path: Assets/Prefabs/Flying eye.prefab
  artifactKey: Guid(3e5f7b78f9a86ec41a210b1267bb8475) Importer(815301076,1909f56bfc062723c751e8b465ee728b)
Start importing Assets/Prefabs/Flying eye.prefab using Guid(3e5f7b78f9a86ec41a210b1267bb8475) Importer(815301076,1909f56bfc062723c751e8b465ee728b)  -> (artifact id: 'a0f01446874b26be9301d881f1ee84b2') in 0.019693 seconds
  Import took 0.024394 seconds .

========================================================================
Received Prepare
Registering precompiled user dll's ...
Registered in 0.001429 seconds.
Begin MonoManager ReloadAssembly
Native extension for WindowsStandalone target not found
Native extension for WebGL target not found
Refreshing native plugins compatible for Editor in 0.80 ms, found 1 plugins.
Preloading 0 native plugins for Editor in 0.00 ms.
Mono: successfully reloaded assembly
- Completed reload, in  1.277 seconds
Platform modules already initialized, skipping
Refreshing native plugins compatible for Editor in 0.46 ms, found 1 plugins.
Preloading 0 native plugins for Editor in 0.00 ms.
Unloading 1816 Unused Serialized files (Serialized files now loaded: 0)
System memory in use before: 89.5 MB.
System memory in use after: 89.5 MB.

Unloading 12 unused Assets to reduce memory usage. Loaded Objects now: 2447.
Total: 2.574000 ms (FindLiveObjects: 0.241000 ms CreateObjectMapping: 0.056600 ms MarkObjects: 2.143200 ms  DeleteObjects: 0.131800 ms)

========================================================================
Received Import Request.
  Time since last request: 60.494091 seconds.
  path: Assets/Prefabs/Skeleton.prefab
  artifactKey: Guid(861f17e73e4e4d64094945ca6c8f9c0b) Importer(815301076,1909f56bfc062723c751e8b465ee728b)
Start importing Assets/Prefabs/Skeleton.prefab using Guid(861f17e73e4e4d64094945ca6c8f9c0b) Importer(815301076,1909f56bfc062723c751e8b465ee728b)  -> (artifact id: 'a9897126d0187d8bbd08de8480533db0') in 0.118316 seconds
  Import took 0.123964 seconds .

========================================================================
Received Import Request.
  Time since last request: 9.708378 seconds.
  path: Assets/Prefabs/Mushroom.prefab
  artifactKey: Guid(239e9a1e8ba597248af58b3e7fcb35db) Importer(815301076,1909f56bfc062723c751e8b465ee728b)
Start importing Assets/Prefabs/Mushroom.prefab using Guid(239e9a1e8ba597248af58b3e7fcb35db) Importer(815301076,1909f56bfc062723c751e8b465ee728b)  -> (artifact id: '7e892c74447186e13b64d6ee1dbda7a2') in 0.293870 seconds
  Import took 0.401308 seconds .

========================================================================
Received Import Request.
  Time since last request: 5.301905 seconds.
  path: Assets/Prefabs/Flying eye.prefab
  artifactKey: Guid(3e5f7b78f9a86ec41a210b1267bb8475) Importer(815301076,1909f56bfc062723c751e8b465ee728b)
Start importing Assets/Prefabs/Flying eye.prefab using Guid(3e5f7b78f9a86ec41a210b1267bb8475) Importer(815301076,1909f56bfc062723c751e8b465ee728b)  -> (artifact id: '3147d55e1ae5c906c6fe806f959c0c99') in 0.271749 seconds
  Import took 0.339201 seconds .

========================================================================
Received Import Request.
  Time since last request: 0.832501 seconds.
  path: Assets/Prefabs/Goblin.prefab
  artifactKey: Guid(88bc96653ab3d3944b843984ed9bbeb6) Importer(815301076,1909f56bfc062723c751e8b465ee728b)
Start importing Assets/Prefabs/Goblin.prefab using Guid(88bc96653ab3d3944b843984ed9bbeb6) Importer(815301076,1909f56bfc062723c751e8b465ee728b)  -> (artifact id: '2aa2aba3a4484747ed3c50f66c5fcdc4') in 0.352199 seconds
  Import took 0.461860 seconds .

========================================================================
Received Prepare
Registering precompiled user dll's ...
Registered in 0.001231 seconds.
Begin MonoManager ReloadAssembly
Native extension for WindowsStandalone target not found
Native extension for WebGL target not found
Refreshing native plugins compatible for Editor in 0.45 ms, found 1 plugins.
Preloading 0 native plugins for Editor in 0.00 ms.
Mono: successfully reloaded assembly
- Completed reload, in  1.230 seconds
Platform modules already initialized, skipping
Refreshing native plugins compatible for Editor in 0.52 ms, found 1 plugins.
Preloading 0 native plugins for Editor in 0.00 ms.
Unloading 1816 Unused Serialized files (Serialized files now loaded: 0)
System memory in use before: 89.7 MB.
System memory in use after: 89.7 MB.

Unloading 12 unused Assets to reduce memory usage. Loaded Objects now: 2452.
Total: 2.564700 ms (FindLiveObjects: 0.242300 ms CreateObjectMapping: 0.057200 ms MarkObjects: 2.009100 ms  DeleteObjects: 0.254100 ms)

========================================================================
Received Import Request.
  Time since last request: 47.827706 seconds.
  path: Assets/Prefabs/Flying eye.prefab
  artifactKey: Guid(3e5f7b78f9a86ec41a210b1267bb8475) Importer(815301076,1909f56bfc062723c751e8b465ee728b)
Start importing Assets/Prefabs/Flying eye.prefab using Guid(3e5f7b78f9a86ec41a210b1267bb8475) Importer(815301076,1909f56bfc062723c751e8b465ee728b)  -> (artifact id: 'fa7900791bf961e3de298beb4e48f2bc') in 0.130304 seconds
  Import took 0.146762 seconds .

========================================================================
Received Import Request.
  Time since last request: 12.190484 seconds.
  path: Assets/Prefabs/Mushroom.prefab
  artifactKey: Guid(239e9a1e8ba597248af58b3e7fcb35db) Importer(815301076,1909f56bfc062723c751e8b465ee728b)
Start importing Assets/Prefabs/Mushroom.prefab using Guid(239e9a1e8ba597248af58b3e7fcb35db) Importer(815301076,1909f56bfc062723c751e8b465ee728b)  -> (artifact id: 'd6d12dc95ef38f0b4ca2396e6986c7a1') in 0.018809 seconds
  Import took 0.023615 seconds .

========================================================================
Received Import Request.
  Time since last request: 13.165546 seconds.
  path: Assets/Prefabs/Skeleton.prefab
  artifactKey: Guid(861f17e73e4e4d64094945ca6c8f9c0b) Importer(815301076,1909f56bfc062723c751e8b465ee728b)
Start importing Assets/Prefabs/Skeleton.prefab using Guid(861f17e73e4e4d64094945ca6c8f9c0b) Importer(815301076,1909f56bfc062723c751e8b465ee728b)  -> (artifact id: 'e00af62516b66080bb221c78f0cd000a') in 0.075919 seconds
  Import took 0.097495 seconds .

========================================================================
Received Prepare
Registering precompiled user dll's ...
Registered in 0.001281 seconds.
Begin MonoManager ReloadAssembly
Native extension for WindowsStandalone target not found
Native extension for WebGL target not found
Refreshing native plugins compatible for Editor in 0.45 ms, found 1 plugins.
Preloading 0 native plugins for Editor in 0.00 ms.
Mono: successfully reloaded assembly
- Completed reload, in  1.228 seconds
Platform modules already initialized, skipping
Refreshing native plugins compatible for Editor in 0.58 ms, found 1 plugins.
Preloading 0 native plugins for Editor in 0.00 ms.
Unloading 1816 Unused Serialized files (Serialized files now loaded: 0)
System memory in use before: 89.8 MB.
System memory in use after: 89.7 MB.

Unloading 12 unused Assets to reduce memory usage. Loaded Objects now: 2457.
Total: 3.017100 ms (FindLiveObjects: 0.230300 ms CreateObjectMapping: 0.047700 ms MarkObjects: 2.591200 ms  DeleteObjects: 0.146500 ms)

========================================================================
Received Import Request.
  Time since last request: 103.967335 seconds.
  path: Assets/Prefabs/Skeleton.prefab
  artifactKey: Guid(861f17e73e4e4d64094945ca6c8f9c0b) Importer(815301076,1909f56bfc062723c751e8b465ee728b)
Start importing Assets/Prefabs/Skeleton.prefab using Guid(861f17e73e4e4d64094945ca6c8f9c0b) Importer(815301076,1909f56bfc062723c751e8b465ee728b)  -> (artifact id: 'dc00298088c37cba5fdd250ebb3ba625') in 0.105586 seconds
  Import took 0.110331 seconds .

========================================================================
Received Prepare
Registering precompiled user dll's ...
Registered in 0.001148 seconds.
Begin MonoManager ReloadAssembly
Native extension for WindowsStandalone target not found
Native extension for WebGL target not found
Refreshing native plugins compatible for Editor in 0.55 ms, found 1 plugins.
Preloading 0 native plugins for Editor in 0.00 ms.
Mono: successfully reloaded assembly
- Completed reload, in  1.231 seconds
Platform modules already initialized, skipping
Refreshing native plugins compatible for Editor in 0.49 ms, found 1 plugins.
Preloading 0 native plugins for Editor in 0.00 ms.
Unloading 1816 Unused Serialized files (Serialized files now loaded: 0)
System memory in use before: 89.8 MB.
System memory in use after: 89.7 MB.

Unloading 12 unused Assets to reduce memory usage. Loaded Objects now: 2462.
Total: 2.627500 ms (FindLiveObjects: 0.236900 ms CreateObjectMapping: 0.055900 ms MarkObjects: 2.186900 ms  DeleteObjects: 0.146100 ms)

========================================================================
Received Prepare
Registering precompiled user dll's ...
Registered in 0.001407 seconds.
Begin MonoManager ReloadAssembly
Native extension for WindowsStandalone target not found
Native extension for WebGL target not found
Refreshing native plugins compatible for Editor in 0.49 ms, found 1 plugins.
Preloading 0 native plugins for Editor in 0.00 ms.
Mono: successfully reloaded assembly
- Completed reload, in  1.205 seconds
Platform modules already initialized, skipping
Refreshing native plugins compatible for Editor in 0.46 ms, found 1 plugins.
Preloading 0 native plugins for Editor in 0.00 ms.
Unloading 1816 Unused Serialized files (Serialized files now loaded: 0)
System memory in use before: 89.8 MB.
System memory in use after: 89.7 MB.

Unloading 12 unused Assets to reduce memory usage. Loaded Objects now: 2466.
Total: 2.499000 ms (FindLiveObjects: 0.242700 ms CreateObjectMapping: 0.059900 ms MarkObjects: 2.062100 ms  DeleteObjects: 0.132600 ms)

========================================================================
Received Prepare
Registering precompiled user dll's ...
Registered in 0.001173 seconds.
Begin MonoManager ReloadAssembly
Native extension for WindowsStandalone target not found
Native extension for WebGL target not found
Refreshing native plugins compatible for Editor in 0.45 ms, found 1 plugins.
Preloading 0 native plugins for Editor in 0.00 ms.
Mono: successfully reloaded assembly
- Completed reload, in  1.174 seconds
Platform modules already initialized, skipping
Refreshing native plugins compatible for Editor in 0.52 ms, found 1 plugins.
Preloading 0 native plugins for Editor in 0.00 ms.
Unloading 1816 Unused Serialized files (Serialized files now loaded: 0)
System memory in use before: 89.8 MB.
System memory in use after: 89.8 MB.

Unloading 12 unused Assets to reduce memory usage. Loaded Objects now: 2470.
Total: 2.819200 ms (FindLiveObjects: 0.246200 ms CreateObjectMapping: 0.056900 ms MarkObjects: 2.366400 ms  DeleteObjects: 0.148000 ms)

========================================================================
Received Prepare
Registering precompiled user dll's ...
Registered in 0.001187 seconds.
Begin MonoManager ReloadAssembly
Native extension for WindowsStandalone target not found
Native extension for WebGL target not found
Refreshing native plugins compatible for Editor in 0.50 ms, found 1 plugins.
Preloading 0 native plugins for Editor in 0.00 ms.
Mono: successfully reloaded assembly
- Completed reload, in  1.199 seconds
Platform modules already initialized, skipping
Refreshing native plugins compatible for Editor in 0.45 ms, found 1 plugins.
Preloading 0 native plugins for Editor in 0.00 ms.
Unloading 1816 Unused Serialized files (Serialized files now loaded: 0)
System memory in use before: 89.8 MB.
System memory in use after: 89.8 MB.

Unloading 12 unused Assets to reduce memory usage. Loaded Objects now: 2474.
Total: 2.330200 ms (FindLiveObjects: 0.257800 ms CreateObjectMapping: 0.066000 ms MarkObjects: 1.873800 ms  DeleteObjects: 0.130800 ms)

========================================================================
Received Prepare
Registering precompiled user dll's ...
Registered in 0.001122 seconds.
Begin MonoManager ReloadAssembly
Native extension for WindowsStandalone target not found
Native extension for WebGL target not found
Refreshing native plugins compatible for Editor in 0.46 ms, found 1 plugins.
Preloading 0 native plugins for Editor in 0.00 ms.
Mono: successfully reloaded assembly
- Completed reload, in  1.160 seconds
Platform modules already initialized, skipping
Refreshing native plugins compatible for Editor in 0.43 ms, found 1 plugins.
Preloading 0 native plugins for Editor in 0.00 ms.
Unloading 1816 Unused Serialized files (Serialized files now loaded: 0)
System memory in use before: 89.8 MB.
System memory in use after: 89.8 MB.

Unloading 12 unused Assets to reduce memory usage. Loaded Objects now: 2478.
Total: 3.297100 ms (FindLiveObjects: 0.254200 ms CreateObjectMapping: 0.066100 ms MarkObjects: 2.809200 ms  DeleteObjects: 0.165900 ms)

========================================================================
Received Prepare
Registering precompiled user dll's ...
Registered in 0.001241 seconds.
Begin MonoManager ReloadAssembly
Native extension for WindowsStandalone target not found
Native extension for WebGL target not found
Refreshing native plugins compatible for Editor in 0.55 ms, found 1 plugins.
Preloading 0 native plugins for Editor in 0.00 ms.
Mono: successfully reloaded assembly
- Completed reload, in  1.453 seconds
Platform modules already initialized, skipping
Refreshing native plugins compatible for Editor in 0.49 ms, found 1 plugins.
Preloading 0 native plugins for Editor in 0.00 ms.
Unloading 1816 Unused Serialized files (Serialized files now loaded: 0)
System memory in use before: 89.8 MB.
System memory in use after: 89.8 MB.

Unloading 12 unused Assets to reduce memory usage. Loaded Objects now: 2482.
Total: 2.682700 ms (FindLiveObjects: 0.242900 ms CreateObjectMapping: 0.055900 ms MarkObjects: 2.236100 ms  DeleteObjects: 0.146300 ms)

========================================================================
Received Prepare
Registering precompiled user dll's ...
Registered in 0.001224 seconds.
Begin MonoManager ReloadAssembly
Native extension for WindowsStandalone target not found
Native extension for WebGL target not found
Refreshing native plugins compatible for Editor in 0.46 ms, found 1 plugins.
Preloading 0 native plugins for Editor in 0.00 ms.
Mono: successfully reloaded assembly
- Completed reload, in  1.342 seconds
Platform modules already initialized, skipping
Refreshing native plugins compatible for Editor in 0.48 ms, found 1 plugins.
Preloading 0 native plugins for Editor in 0.00 ms.
Unloading 1816 Unused Serialized files (Serialized files now loaded: 0)
System memory in use before: 89.8 MB.
System memory in use after: 89.8 MB.

Unloading 12 unused Assets to reduce memory usage. Loaded Objects now: 2486.
Total: 2.838900 ms (FindLiveObjects: 0.242800 ms CreateObjectMapping: 0.057500 ms MarkObjects: 2.392900 ms  DeleteObjects: 0.143900 ms)

========================================================================
Received Prepare
Registering precompiled user dll's ...
Registered in 0.001145 seconds.
Begin MonoManager ReloadAssembly
Native extension for WindowsStandalone target not found
Native extension for WebGL target not found
Refreshing native plugins compatible for Editor in 0.46 ms, found 1 plugins.
Preloading 0 native plugins for Editor in 0.00 ms.
Mono: successfully reloaded assembly
- Completed reload, in  1.339 seconds
Platform modules already initialized, skipping
Refreshing native plugins compatible for Editor in 0.48 ms, found 1 plugins.
Preloading 0 native plugins for Editor in 0.00 ms.
Unloading 1816 Unused Serialized files (Serialized files now loaded: 0)
System memory in use before: 89.8 MB.
System memory in use after: 89.8 MB.

Unloading 12 unused Assets to reduce memory usage. Loaded Objects now: 2490.
Total: 2.716400 ms (FindLiveObjects: 0.247400 ms CreateObjectMapping: 0.057300 ms MarkObjects: 2.267200 ms  DeleteObjects: 0.142500 ms)

========================================================================
Received Prepare
Registering precompiled user dll's ...
Registered in 0.001268 seconds.
Begin MonoManager ReloadAssembly
Native extension for WindowsStandalone target not found
Native extension for WebGL target not found
Refreshing native plugins compatible for Editor in 0.47 ms, found 1 plugins.
Preloading 0 native plugins for Editor in 0.00 ms.
Mono: successfully reloaded assembly
- Completed reload, in  1.253 seconds
Platform modules already initialized, skipping
Refreshing native plugins compatible for Editor in 0.46 ms, found 1 plugins.
Preloading 0 native plugins for Editor in 0.00 ms.
Unloading 1816 Unused Serialized files (Serialized files now loaded: 0)
System memory in use before: 89.8 MB.
System memory in use after: 89.8 MB.

Unloading 12 unused Assets to reduce memory usage. Loaded Objects now: 2494.
Total: 4.131500 ms (FindLiveObjects: 0.395400 ms CreateObjectMapping: 0.097100 ms MarkObjects: 3.482400 ms  DeleteObjects: 0.153600 ms)

========================================================================
Received Import Request.
  Time since last request: 340.689615 seconds.
  path: Assets/Prefabs/Orb.prefab
  artifactKey: Guid(529eb4216865eba419c1a4a68d0b0388) Importer(815301076,1909f56bfc062723c751e8b465ee728b)
Start importing Assets/Prefabs/Orb.prefab using Guid(529eb4216865eba419c1a4a68d0b0388) Importer(815301076,1909f56bfc062723c751e8b465ee728b)  -> (artifact id: 'b786851e44c87b60c3cdd56655f13e08') in 0.047223 seconds
  Import took 0.051429 seconds .

========================================================================
Received Import Request.
  Time since last request: 0.061944 seconds.
  path: Assets/Prefabs/Orb.prefab
  artifactKey: Guid(529eb4216865eba419c1a4a68d0b0388) Importer(815301076,1909f56bfc062723c751e8b465ee728b)
Start importing Assets/Prefabs/Orb.prefab using Guid(529eb4216865eba419c1a4a68d0b0388) Importer(815301076,1909f56bfc062723c751e8b465ee728b)  -> (artifact id: 'b786851e44c87b60c3cdd56655f13e08') in 0.007523 seconds
  Import took 0.011747 seconds .

========================================================================
Received Import Request.
  Time since last request: 1.367076 seconds.
  path: Assets/Prefabs/Goblin.prefab
  artifactKey: Guid(88bc96653ab3d3944b843984ed9bbeb6) Importer(815301076,1909f56bfc062723c751e8b465ee728b)
Start importing Assets/Prefabs/Goblin.prefab using Guid(88bc96653ab3d3944b843984ed9bbeb6) Importer(815301076,1909f56bfc062723c751e8b465ee728b)  -> (artifact id: '18ac19f36ebc29e4e72eda47224045dd') in 0.201918 seconds
  Import took 0.207356 seconds .

========================================================================
Received Import Request.
  Time since last request: 0.000650 seconds.
  path: Assets/Prefabs/Goblin.prefab
  artifactKey: Guid(88bc96653ab3d3944b843984ed9bbeb6) Importer(815301076,1909f56bfc062723c751e8b465ee728b)
Start importing Assets/Prefabs/Goblin.prefab using Guid(88bc96653ab3d3944b843984ed9bbeb6) Importer(815301076,1909f56bfc062723c751e8b465ee728b)  -> (artifact id: '18ac19f36ebc29e4e72eda47224045dd') in 0.019716 seconds
  Import took 0.024526 seconds .

AssetImportWorkerClient::OnTransportError - code=2 error=End of file
