Using pre-set license
Built from '2020.3/staging' branch; Version is '2020.3.9f1 (108be757e447) revision 1084391'; Using compiler version '192528614'; Build Type 'Release'
OS: 'Windows 10 Home Single Language; OS build 19043.1110; Version 2009; 64bit' Language: 'pt' Physical Memory: 4007 MB
BatchMode: 1, IsHumanControllingUs: 0, StartBugReporterOnCrash: 0, Is64bit: 1, IsPro: 0

 COMMAND LINE ARGUMENTS:
D:\Program Files\Unity\Hub\Editor\2020.3.9f1\Editor\Unity.exe
-adb2
-batchMode
-noUpm
-name
AssetImportWorker1
-projectPath
D:/UFABC-Notebook/12ºQuad/Intro Prog Jogos/PROJETO/Forbidden-Wish-Immortality
-logFile
Logs/AssetImportWorker1.log
-srvPort
58915
Successfully changed project path to: D:/UFABC-Notebook/12ºQuad/Intro Prog Jogos/PROJETO/Forbidden-Wish-Immortality
D:/UFABC-Notebook/12ºQuad/Intro Prog Jogos/PROJETO/Forbidden-Wish-Immortality
Using Asset Import Pipeline V2.
Refreshing native plugins compatible for Editor in 103.76 ms, found 1 plugins.
Preloading 0 native plugins for Editor in 0.00 ms.
Initialize engine version: 2020.3.9f1 (108be757e447)
[Subsystems] Discovering subsystems at path D:/Program Files/Unity/Hub/Editor/2020.3.9f1/Editor/Data/Resources/UnitySubsystems
[Subsystems] Discovering subsystems at path D:/UFABC-Notebook/12ºQuad/Intro Prog Jogos/PROJETO/Forbidden-Wish-Immortality/Assets
GfxDevice: creating device client; threaded=0
Direct3D:
    Version:  Direct3D 11.0 [level 11.1]
    Renderer: Intel(R) UHD Graphics 620 (ID=0x5917)
    Vendor:   
    VRAM:     2003 MB
    Driver:   27.20.100.7988
Initialize mono
Mono path[0] = 'D:/Program Files/Unity/Hub/Editor/2020.3.9f1/Editor/Data/Managed'
Mono path[1] = 'D:/Program Files/Unity/Hub/Editor/2020.3.9f1/Editor/Data/MonoBleedingEdge/lib/mono/unityjit'
Mono config path = 'D:/Program Files/Unity/Hub/Editor/2020.3.9f1/Editor/Data/MonoBleedingEdge/etc'
Using monoOptions --debugger-agent=transport=dt_socket,embedding=1,server=y,suspend=n,address=127.0.0.1:56924
Begin MonoManager ReloadAssembly
Registering precompiled unity dll's ...
Register platform support module: D:/Program Files/Unity/Hub/Editor/2020.3.9f1/Editor/Data/PlaybackEngines/WindowsStandaloneSupport/UnityEditor.WindowsStandalone.Extensions.dll
Registered in 0.002126 seconds.
Native extension for WindowsStandalone target not found
Refreshing native plugins compatible for Editor in 91.36 ms, found 1 plugins.
Preloading 0 native plugins for Editor in 0.00 ms.
Mono: successfully reloaded assembly
- Completed reload, in  1.631 seconds
Platform modules already initialized, skipping
Registering precompiled user dll's ...
Registered in 0.001568 seconds.
Begin MonoManager ReloadAssembly
Native extension for WindowsStandalone target not found
Refreshing native plugins compatible for Editor in 90.93 ms, found 1 plugins.
Preloading 0 native plugins for Editor in 0.00 ms.
Mono: successfully reloaded assembly
- Completed reload, in  1.914 seconds
Platform modules already initialized, skipping
========================================================================
Worker process is ready to serve import requests
Launched and connected shader compiler UnityShaderCompiler.exe after 0.16 seconds
Refreshing native plugins compatible for Editor in 1.06 ms, found 1 plugins.
Preloading 0 native plugins for Editor in 0.00 ms.
Unloading 1825 Unused Serialized files (Serialized files now loaded: 0)
System memory in use before: 88.7 MB.
System memory in use after: 88.7 MB.

Unloading 24 unused Assets to reduce memory usage. Loaded Objects now: 2271.
Total: 3.106300 ms (FindLiveObjects: 0.251400 ms CreateObjectMapping: 0.082400 ms MarkObjects: 2.575700 ms  DeleteObjects: 0.194800 ms)

========================================================================
Received Import Request.
  path: Assets/Imports/Distant Forest Assets/Swamp Forest/SwampBgOrange_4.png
  artifactKey: Guid(f8d55e0c05d66014ebda9528d1a48d30) Importer(815301076,1909f56bfc062723c751e8b465ee728b)
Start importing Assets/Imports/Distant Forest Assets/Swamp Forest/SwampBgOrange_4.png using Guid(f8d55e0c05d66014ebda9528d1a48d30) Importer(815301076,1909f56bfc062723c751e8b465ee728b)  -> (artifact id: 'a2095ec18ec98bc7ab42511b41dd9683') in 0.454519 seconds
  Import took 0.524991 seconds .

========================================================================
Received Import Request.
  Time since last request: 0.000327 seconds.
  path: Assets/Imports/Distant Forest Assets/Swamp Forest/SwampBg_4.png
  artifactKey: Guid(fa5cb382b103fa240bde047b8c1d3a5c) Importer(815301076,1909f56bfc062723c751e8b465ee728b)
Start importing Assets/Imports/Distant Forest Assets/Swamp Forest/SwampBg_4.png using Guid(fa5cb382b103fa240bde047b8c1d3a5c) Importer(815301076,1909f56bfc062723c751e8b465ee728b)  -> (artifact id: '2ea73c7b7d671ae9164990c6e28a0716') in 0.115227 seconds
  Import took 0.163277 seconds .

========================================================================
Received Import Request.
  Time since last request: 0.000553 seconds.
  path: Assets/Imports/Distant Forest Assets/Green Forest/ForestPack1.png
  artifactKey: Guid(705ea5e4e94eb184d8976f1a82a21bcd) Importer(815301076,1909f56bfc062723c751e8b465ee728b)
Start importing Assets/Imports/Distant Forest Assets/Green Forest/ForestPack1.png using Guid(705ea5e4e94eb184d8976f1a82a21bcd) Importer(815301076,1909f56bfc062723c751e8b465ee728b)  -> (artifact id: '7008f732f5e021960c9349e0367eaf48') in 0.070624 seconds
  Import took 0.094602 seconds .

========================================================================
Received Import Request.
  Time since last request: 0.000465 seconds.
  path: Assets/Imports/Distant Forest Assets/Swamp Forest/SwampPack1.png
  artifactKey: Guid(3363509718ff4444e954854ef656d7cb) Importer(815301076,1909f56bfc062723c751e8b465ee728b)
Start importing Assets/Imports/Distant Forest Assets/Swamp Forest/SwampPack1.png using Guid(3363509718ff4444e954854ef656d7cb) Importer(815301076,1909f56bfc062723c751e8b465ee728b)  -> (artifact id: 'da3dec0b57c860298ba625b7c73ccf0f') in 0.027377 seconds
  Import took 0.049433 seconds .

========================================================================
Received Import Request.
  Time since last request: 0.000894 seconds.
  path: Assets/Imports/Distant Forest Assets/Swamp Forest/SwampBg_1.png
  artifactKey: Guid(00d980795bcc4e342b413ec579e7643c) Importer(815301076,1909f56bfc062723c751e8b465ee728b)
Start importing Assets/Imports/Distant Forest Assets/Swamp Forest/SwampBg_1.png using Guid(00d980795bcc4e342b413ec579e7643c) Importer(815301076,1909f56bfc062723c751e8b465ee728b)  -> (artifact id: '0ac762ecdfc25e52517f5b1de692102a') in 0.074208 seconds
  Import took 0.096058 seconds .

========================================================================
Received Import Request.
  Time since last request: 0.000341 seconds.
  path: Assets/Imports/Distant Forest Assets/Swamp Forest/SwampPack1.png
  artifactKey: Guid(3363509718ff4444e954854ef656d7cb) Importer(815301076,1909f56bfc062723c751e8b465ee728b)
Start importing Assets/Imports/Distant Forest Assets/Swamp Forest/SwampPack1.png using Guid(3363509718ff4444e954854ef656d7cb) Importer(815301076,1909f56bfc062723c751e8b465ee728b)  -> (artifact id: 'da3dec0b57c860298ba625b7c73ccf0f') in 0.023379 seconds
  Import took 0.061065 seconds .

========================================================================
Received Import Request.
  Time since last request: 0.000338 seconds.
  path: Assets/Imports/Distant Forest Assets/Swamp Forest/SwampBg_3.png
  artifactKey: Guid(9618656a00c17fe4bbccff4470018111) Importer(815301076,1909f56bfc062723c751e8b465ee728b)
Start importing Assets/Imports/Distant Forest Assets/Swamp Forest/SwampBg_3.png using Guid(9618656a00c17fe4bbccff4470018111) Importer(815301076,1909f56bfc062723c751e8b465ee728b)  -> (artifact id: 'd6440e78bfcaf4b267c547441344110c') in 0.021804 seconds
  Import took 0.046178 seconds .

========================================================================
Received Import Request.
  Time since last request: 0.000608 seconds.
  path: Assets/Imports/Distant Forest Assets/Swamp Forest/SwampBgOrange_3.png
  artifactKey: Guid(e53aec077838ff84993fe48245389698) Importer(815301076,1909f56bfc062723c751e8b465ee728b)
Start importing Assets/Imports/Distant Forest Assets/Swamp Forest/SwampBgOrange_3.png using Guid(e53aec077838ff84993fe48245389698) Importer(815301076,1909f56bfc062723c751e8b465ee728b)  -> (artifact id: '37cc9a2678b1688814f84916d7662773') in 0.083544 seconds
  Import took 0.089338 seconds .

========================================================================
Received Import Request.
  Time since last request: 0.000436 seconds.
  path: Assets/Imports/Distant Forest Assets/Swamp Forest/SwampBgOrange_1.png
  artifactKey: Guid(a22dd364e2770a04b9ace96821f24d6e) Importer(815301076,1909f56bfc062723c751e8b465ee728b)
Start importing Assets/Imports/Distant Forest Assets/Swamp Forest/SwampBgOrange_1.png using Guid(a22dd364e2770a04b9ace96821f24d6e) Importer(815301076,1909f56bfc062723c751e8b465ee728b)  -> (artifact id: 'd602ffa9b2262e1435167dd36c54a924') in 0.066979 seconds
  Import took 0.099917 seconds .

========================================================================
Received Import Request.
  Time since last request: 0.000362 seconds.
  path: Assets/Imports/Distant Forest Assets/Swamp Forest/SwampBg_2.png
  artifactKey: Guid(949b4f7a4a7db7a488c410a490d24635) Importer(815301076,1909f56bfc062723c751e8b465ee728b)
Start importing Assets/Imports/Distant Forest Assets/Swamp Forest/SwampBg_2.png using Guid(949b4f7a4a7db7a488c410a490d24635) Importer(815301076,1909f56bfc062723c751e8b465ee728b)  -> (artifact id: '0edbb25c61e781c43937473523f3b698') in 0.064173 seconds
  Import took 0.070847 seconds .

========================================================================
Received Import Request.
  Time since last request: 0.000940 seconds.
  path: Assets/Imports/Distant Forest Assets/Swamp Forest/SwampPack2.png
  artifactKey: Guid(4d33f1aa7cf312b4c9f09b998744895e) Importer(815301076,1909f56bfc062723c751e8b465ee728b)
Start importing Assets/Imports/Distant Forest Assets/Swamp Forest/SwampPack2.png using Guid(4d33f1aa7cf312b4c9f09b998744895e) Importer(815301076,1909f56bfc062723c751e8b465ee728b)  -> (artifact id: '695d7e26dbb0cc8454ed70a7f9f5d00b') in 0.040714 seconds
  Import took 0.069888 seconds .

========================================================================
Received Import Request.
  Time since last request: 0.001782 seconds.
  path: Assets/Imports/Distant Forest Assets/Swamp Forest/SwampBgOrange_2.png
  artifactKey: Guid(6d236423a1ea189478c041f4c4625d08) Importer(815301076,1909f56bfc062723c751e8b465ee728b)
Start importing Assets/Imports/Distant Forest Assets/Swamp Forest/SwampBgOrange_2.png using Guid(6d236423a1ea189478c041f4c4625d08) Importer(815301076,1909f56bfc062723c751e8b465ee728b)  -> (artifact id: '4ea4492a463fe8295a2e017c164d9846') in 0.051566 seconds
  Import took 0.074687 seconds .

========================================================================
Received Import Request.
  Time since last request: 0.000545 seconds.
  path: Assets/Imports/Distant Forest Assets/Taiga Forest/TaigaPack1.png
  artifactKey: Guid(7a7cbe6c4a73a9a45b0f200d31deb971) Importer(815301076,1909f56bfc062723c751e8b465ee728b)
Start importing Assets/Imports/Distant Forest Assets/Taiga Forest/TaigaPack1.png using Guid(7a7cbe6c4a73a9a45b0f200d31deb971) Importer(815301076,1909f56bfc062723c751e8b465ee728b)  -> (artifact id: 'da1ad69d03a149b06825633f7a083ec0') in 0.053613 seconds
  Import took 0.074333 seconds .

========================================================================
Received Import Request.
  Time since last request: 204.387700 seconds.
  path: Assets/Imports/Distant Forest Assets/Taiga Forest/TaigaBg_1.png
  artifactKey: Guid(6d333e9075ddf304fbb7e0fa947168cb) Importer(815301076,1909f56bfc062723c751e8b465ee728b)
Start importing Assets/Imports/Distant Forest Assets/Taiga Forest/TaigaBg_1.png using Guid(6d333e9075ddf304fbb7e0fa947168cb) Importer(815301076,1909f56bfc062723c751e8b465ee728b)  -> (artifact id: 'ed39945e497a5309dd206f220ac4f523') in 0.234757 seconds
  Import took 0.280453 seconds .

========================================================================
Received Import Request.
  Time since last request: 0.000416 seconds.
  path: Assets/Imports/Distant Forest Assets/Taiga Forest/TaigaBg_4.png
  artifactKey: Guid(0a29b3286bbbe2f48aa7832458b4c185) Importer(815301076,1909f56bfc062723c751e8b465ee728b)
Start importing Assets/Imports/Distant Forest Assets/Taiga Forest/TaigaBg_4.png using Guid(0a29b3286bbbe2f48aa7832458b4c185) Importer(815301076,1909f56bfc062723c751e8b465ee728b)  -> (artifact id: '6756e46cf6fb7d70d164bd22a7a6bafe') in 0.108869 seconds
  Import took 0.130489 seconds .

========================================================================
Received Import Request.
  Time since last request: 0.000387 seconds.
  path: Assets/Imports/Distant Forest Assets/Taiga Forest/TaigaBg_2.png
  artifactKey: Guid(37627e03d6f221a4188f64e377dd4e1f) Importer(815301076,1909f56bfc062723c751e8b465ee728b)
Start importing Assets/Imports/Distant Forest Assets/Taiga Forest/TaigaBg_2.png using Guid(37627e03d6f221a4188f64e377dd4e1f) Importer(815301076,1909f56bfc062723c751e8b465ee728b)  -> (artifact id: '9fa6b1642bcbcf80579f13c29acb78db') in 0.098519 seconds
  Import took 0.103186 seconds .

========================================================================
Received Import Request.
  Time since last request: 0.000340 seconds.
  path: Assets/Imports/Distant Forest Assets/Taiga Forest/TaigaBg_3.png
  artifactKey: Guid(b2b3a660a0b03784e9476b235dcd2bbd) Importer(815301076,1909f56bfc062723c751e8b465ee728b)
Start importing Assets/Imports/Distant Forest Assets/Taiga Forest/TaigaBg_3.png using Guid(b2b3a660a0b03784e9476b235dcd2bbd) Importer(815301076,1909f56bfc062723c751e8b465ee728b)  -> (artifact id: 'de6bcc926d086bcc1db78c2224f5fc59') in 0.093761 seconds
  Import took 0.127369 seconds .

========================================================================
Received Import Request.
  Time since last request: 1.035966 seconds.
  path: Assets/Imports/Distant Forest Assets/Taiga Forest/TaigaPack2.png
  artifactKey: Guid(017d33dc8eca67c4baae35677e758ae8) Importer(815301076,1909f56bfc062723c751e8b465ee728b)
Start importing Assets/Imports/Distant Forest Assets/Taiga Forest/TaigaPack2.png using Guid(017d33dc8eca67c4baae35677e758ae8) Importer(815301076,1909f56bfc062723c751e8b465ee728b)  -> (artifact id: '2da4f62950df8a19fc11a6f276e102c9') in 0.036996 seconds
  Import took 0.058304 seconds .

========================================================================
Received Import Request.
  Time since last request: 4.565744 seconds.
  path: Assets/Imports/Distant Forest Assets/Green Forest/ForestBgGreen_1.png
  artifactKey: Guid(970f9dfa4cbed064e97a1666cbacd6e1) Importer(815301076,1909f56bfc062723c751e8b465ee728b)
Start importing Assets/Imports/Distant Forest Assets/Green Forest/ForestBgGreen_1.png using Guid(970f9dfa4cbed064e97a1666cbacd6e1) Importer(815301076,1909f56bfc062723c751e8b465ee728b)  -> (artifact id: '238518def6a4bfa2d37bd1a0118a5b2f') in 0.217113 seconds
  Import took 0.277362 seconds .

========================================================================
Received Import Request.
  Time since last request: 0.000432 seconds.
  path: Assets/Imports/Distant Forest Assets/Green Forest/ForestBgGreen_2.png
  artifactKey: Guid(463454a640eb5dc41945ef5ad77106a5) Importer(815301076,1909f56bfc062723c751e8b465ee728b)
Start importing Assets/Imports/Distant Forest Assets/Green Forest/ForestBgGreen_2.png using Guid(463454a640eb5dc41945ef5ad77106a5) Importer(815301076,1909f56bfc062723c751e8b465ee728b)  -> (artifact id: '0af38e34dd18a9d0319d30597a481999') in 0.105508 seconds
  Import took 0.129561 seconds .

========================================================================
Received Import Request.
  Time since last request: 0.000396 seconds.
  path: Assets/Imports/Distant Forest Assets/Green Forest/ForestBgLightGreen_1.png
  artifactKey: Guid(ca514bfb7dc13e246be99e87a0dd9907) Importer(815301076,1909f56bfc062723c751e8b465ee728b)
Start importing Assets/Imports/Distant Forest Assets/Green Forest/ForestBgLightGreen_1.png using Guid(ca514bfb7dc13e246be99e87a0dd9907) Importer(815301076,1909f56bfc062723c751e8b465ee728b)  -> (artifact id: 'f3df72b8f26adb13c0e2a9bc2a57e6f1') in 0.091016 seconds
  Import took 0.150197 seconds .

========================================================================
Received Import Request.
  Time since last request: 0.000453 seconds.
  path: Assets/Imports/Distant Forest Assets/Green Forest/ForestBgGreen_3.png
  artifactKey: Guid(374062332762c22458f8723c56e0629c) Importer(815301076,1909f56bfc062723c751e8b465ee728b)
Start importing Assets/Imports/Distant Forest Assets/Green Forest/ForestBgGreen_3.png using Guid(374062332762c22458f8723c56e0629c) Importer(815301076,1909f56bfc062723c751e8b465ee728b)  -> (artifact id: '5c11af6df8c8f45683a3298784e202f4') in 0.064486 seconds
  Import took 0.121022 seconds .

========================================================================
Received Import Request.
  Time since last request: 0.000432 seconds.
  path: Assets/Imports/Distant Forest Assets/Green Forest/ForestBgGreen_4.png
  artifactKey: Guid(305f48e6ee3eafd4380ecdc296a99b90) Importer(815301076,1909f56bfc062723c751e8b465ee728b)
Start importing Assets/Imports/Distant Forest Assets/Green Forest/ForestBgGreen_4.png using Guid(305f48e6ee3eafd4380ecdc296a99b90) Importer(815301076,1909f56bfc062723c751e8b465ee728b)  -> (artifact id: 'fba38ba5d28b152d0669c793c3bb1033') in 0.096179 seconds
  Import took 0.108239 seconds .

========================================================================
Received Import Request.
  Time since last request: 1.252267 seconds.
  path: Assets/Imports/Distant Forest Assets/Green Forest/ForestBgLightGreen_2.png
  artifactKey: Guid(9ed2c2ebf2b182f429de1e32d7a18bc0) Importer(815301076,1909f56bfc062723c751e8b465ee728b)
Start importing Assets/Imports/Distant Forest Assets/Green Forest/ForestBgLightGreen_2.png using Guid(9ed2c2ebf2b182f429de1e32d7a18bc0) Importer(815301076,1909f56bfc062723c751e8b465ee728b)  -> (artifact id: 'b0a946e406d821661daa90dad212f8e1') in 0.074212 seconds
  Import took 0.088095 seconds .

========================================================================
Received Import Request.
  Time since last request: 0.000384 seconds.
  path: Assets/Imports/Distant Forest Assets/Green Forest/ForestBgLightGreen_3.png
  artifactKey: Guid(bc7e22974dfe74f4a9eec536705c905b) Importer(815301076,1909f56bfc062723c751e8b465ee728b)
Start importing Assets/Imports/Distant Forest Assets/Green Forest/ForestBgLightGreen_3.png using Guid(bc7e22974dfe74f4a9eec536705c905b) Importer(815301076,1909f56bfc062723c751e8b465ee728b)  -> (artifact id: '9d3079fbb89634096268227b9cafec45') in 0.097600 seconds
  Import took 0.102627 seconds .

========================================================================
Received Import Request.
  Time since last request: 0.082328 seconds.
  path: Assets/Imports/Distant Forest Assets/Green Forest/ForestBgLightGreen_4.png
  artifactKey: Guid(7a47af75341180140976aed75d924861) Importer(815301076,1909f56bfc062723c751e8b465ee728b)
Start importing Assets/Imports/Distant Forest Assets/Green Forest/ForestBgLightGreen_4.png using Guid(7a47af75341180140976aed75d924861) Importer(815301076,1909f56bfc062723c751e8b465ee728b)  -> (artifact id: '02c62ce183af85240871b6e0d5509e6a') in 0.169811 seconds
  Import took 0.190149 seconds .

========================================================================
Received Import Request.
  Time since last request: 0.199226 seconds.
  path: Assets/Imports/Distant Forest Assets/Green Forest/ForestPack2.png
  artifactKey: Guid(80b56071c13d4854cb913a323961d9a6) Importer(815301076,1909f56bfc062723c751e8b465ee728b)
Start importing Assets/Imports/Distant Forest Assets/Green Forest/ForestPack2.png using Guid(80b56071c13d4854cb913a323961d9a6) Importer(815301076,1909f56bfc062723c751e8b465ee728b)  -> (artifact id: 'e50d1c1e0649dc04b0a324f4ca1390b0') in 0.221701 seconds
  Import took 0.241459 seconds .

========================================================================
Received Import Request.
  Time since last request: 37.695529 seconds.
  path: Assets/Imports/Distant Forest Assets/Swamp Forest/SwampPack2.png
  artifactKey: Guid(4d33f1aa7cf312b4c9f09b998744895e) Importer(815301076,1909f56bfc062723c751e8b465ee728b)
Start importing Assets/Imports/Distant Forest Assets/Swamp Forest/SwampPack2.png using Guid(4d33f1aa7cf312b4c9f09b998744895e) Importer(815301076,1909f56bfc062723c751e8b465ee728b)  -> (artifact id: '566ec7350bd6cda1bb3c1f0c53f8566f') in 0.020279 seconds
  Import took 0.035786 seconds .

========================================================================
Received Import Request.
  Time since last request: 0.038188 seconds.
  path: Assets/Imports/Distant Forest Assets/Swamp Forest/SwampPack2.png
  artifactKey: Guid(4d33f1aa7cf312b4c9f09b998744895e) Importer(815301076,1909f56bfc062723c751e8b465ee728b)
Start importing Assets/Imports/Distant Forest Assets/Swamp Forest/SwampPack2.png using Guid(4d33f1aa7cf312b4c9f09b998744895e) Importer(815301076,1909f56bfc062723c751e8b465ee728b)  -> (artifact id: '566ec7350bd6cda1bb3c1f0c53f8566f') in 0.016403 seconds
  Import took 0.022779 seconds .

========================================================================
Received Import Request.
  Time since last request: 9.151133 seconds.
  path: Assets/Imports/Distant Forest Assets/Swamp Forest/SwampPack2.png
  artifactKey: Guid(4d33f1aa7cf312b4c9f09b998744895e) Importer(815301076,1909f56bfc062723c751e8b465ee728b)
Start importing Assets/Imports/Distant Forest Assets/Swamp Forest/SwampPack2.png using Guid(4d33f1aa7cf312b4c9f09b998744895e) Importer(815301076,1909f56bfc062723c751e8b465ee728b)  -> (artifact id: '0b74332c5c900ad58c6620be773cd8e8') in 0.130571 seconds
  Import took 0.153380 seconds .

========================================================================
Received Import Request.
  Time since last request: 202.739757 seconds.
  path: Assets/Imports/Distant Forest Assets/Swamp Forest/SwampPack1.png
  artifactKey: Guid(3363509718ff4444e954854ef656d7cb) Importer(815301076,1909f56bfc062723c751e8b465ee728b)
Start importing Assets/Imports/Distant Forest Assets/Swamp Forest/SwampPack1.png using Guid(3363509718ff4444e954854ef656d7cb) Importer(815301076,1909f56bfc062723c751e8b465ee728b)  -> (artifact id: '637cdc161750b73d778301eee77a6bbe') in 0.022332 seconds
  Import took 0.068408 seconds .

========================================================================
Received Import Request.
  Time since last request: 0.008998 seconds.
  path: Assets/Imports/Distant Forest Assets/Swamp Forest/SwampPack1.png
  artifactKey: Guid(3363509718ff4444e954854ef656d7cb) Importer(815301076,1909f56bfc062723c751e8b465ee728b)
Start importing Assets/Imports/Distant Forest Assets/Swamp Forest/SwampPack1.png using Guid(3363509718ff4444e954854ef656d7cb) Importer(815301076,1909f56bfc062723c751e8b465ee728b)  -> (artifact id: '637cdc161750b73d778301eee77a6bbe') in 0.018714 seconds
  Import took 0.027706 seconds .

========================================================================
Received Import Request.
  Time since last request: 4.422537 seconds.
  path: Assets/Imports/Distant Forest Assets/Swamp Forest/SwampPack1.png
  artifactKey: Guid(3363509718ff4444e954854ef656d7cb) Importer(815301076,1909f56bfc062723c751e8b465ee728b)
Start importing Assets/Imports/Distant Forest Assets/Swamp Forest/SwampPack1.png using Guid(3363509718ff4444e954854ef656d7cb) Importer(815301076,1909f56bfc062723c751e8b465ee728b)  -> (artifact id: 'f2f623b6f0dfd0a2536ec06abdb66598') in 0.088562 seconds
  Import took 0.118241 seconds .

========================================================================
Received Import Request.
  Time since last request: 79.007789 seconds.
  path: Assets/Imports/Distant Forest Assets/Swamp Forest/SwampPack1_0.asset
  artifactKey: Guid(b9765b0a010ded94db3e41766329f753) Importer(815301076,1909f56bfc062723c751e8b465ee728b)
Start importing Assets/Imports/Distant Forest Assets/Swamp Forest/SwampPack1_0.asset using Guid(b9765b0a010ded94db3e41766329f753) Importer(815301076,1909f56bfc062723c751e8b465ee728b)  -> (artifact id: 'dc464cfc5d9ed653570b6f472c32ffb5') in 0.118959 seconds
  Import took 0.125598 seconds .

========================================================================
Received Import Request.
  Time since last request: 0.000662 seconds.
  path: Assets/Imports/Distant Forest Assets/Swamp Forest/SwampPack1_3.asset
  artifactKey: Guid(84da60b4e3742824ab45c59ab47844f4) Importer(815301076,1909f56bfc062723c751e8b465ee728b)
Start importing Assets/Imports/Distant Forest Assets/Swamp Forest/SwampPack1_3.asset using Guid(84da60b4e3742824ab45c59ab47844f4) Importer(815301076,1909f56bfc062723c751e8b465ee728b)  -> (artifact id: '1efcb986c136a1229a7789b0a50f55be') in 0.042692 seconds
  Import took 0.053027 seconds .

========================================================================
Received Import Request.
  Time since last request: 0.000828 seconds.
  path: Assets/Imports/Distant Forest Assets/Swamp Forest/SwampPack1_1.asset
  artifactKey: Guid(494f719bf3a4ee4418c8728cd5c0be50) Importer(815301076,1909f56bfc062723c751e8b465ee728b)
Start importing Assets/Imports/Distant Forest Assets/Swamp Forest/SwampPack1_1.asset using Guid(494f719bf3a4ee4418c8728cd5c0be50) Importer(815301076,1909f56bfc062723c751e8b465ee728b)  -> (artifact id: 'd12f5420b78bf93f79771f38940d2d9d') in 0.048484 seconds
  Import took 0.076126 seconds .

========================================================================
Received Import Request.
  Time since last request: 0.000506 seconds.
  path: Assets/Imports/Distant Forest Assets/Swamp Forest/SwampPack1_2.asset
  artifactKey: Guid(73f2ac42d674e054db12e57f23b7e3db) Importer(815301076,1909f56bfc062723c751e8b465ee728b)
Start importing Assets/Imports/Distant Forest Assets/Swamp Forest/SwampPack1_2.asset using Guid(73f2ac42d674e054db12e57f23b7e3db) Importer(815301076,1909f56bfc062723c751e8b465ee728b)  -> (artifact id: '3bbc6247804ad170e1ca098db2f198fc') in 0.080426 seconds
  Import took 0.090572 seconds .

========================================================================
Received Import Request.
  Time since last request: 224.796060 seconds.
  path: Assets/Imports/Distant Forest Assets/Swamp Forest/SwampPack1_4.asset
  artifactKey: Guid(f7c96dbc66d961e4cb1922aa3620b885) Importer(815301076,1909f56bfc062723c751e8b465ee728b)
Start importing Assets/Imports/Distant Forest Assets/Swamp Forest/SwampPack1_4.asset using Guid(f7c96dbc66d961e4cb1922aa3620b885) Importer(815301076,1909f56bfc062723c751e8b465ee728b)  -> (artifact id: '40720dae3270312f6b59b113b0d1907b') in 0.118090 seconds
  Import took 0.141189 seconds .

========================================================================
Received Import Request.
  Time since last request: 0.000598 seconds.
  path: Assets/Imports/Distant Forest Assets/Swamp Forest/SwampPack1_5.asset
  artifactKey: Guid(857a102caf771c44486202462103d482) Importer(815301076,1909f56bfc062723c751e8b465ee728b)
Start importing Assets/Imports/Distant Forest Assets/Swamp Forest/SwampPack1_5.asset using Guid(857a102caf771c44486202462103d482) Importer(815301076,1909f56bfc062723c751e8b465ee728b)  -> (artifact id: '612ce1353994a9be3532f811454fc36a') in 0.042526 seconds
  Import took 0.082995 seconds .

========================================================================
Received Import Request.
  Time since last request: 47.575488 seconds.
  path: Assets/Imports/Distant Forest Assets/Swamp Forest/SwampPack1_6.asset
  artifactKey: Guid(901dce19bc197104a89f13f4d3dbda7d) Importer(815301076,1909f56bfc062723c751e8b465ee728b)
Start importing Assets/Imports/Distant Forest Assets/Swamp Forest/SwampPack1_6.asset using Guid(901dce19bc197104a89f13f4d3dbda7d) Importer(815301076,1909f56bfc062723c751e8b465ee728b)  -> (artifact id: 'c116d5eaf6047c4cb0b5cf9a9633618c') in 0.122909 seconds
  Import took 0.155699 seconds .

========================================================================
Received Import Request.
  Time since last request: 0.000479 seconds.
  path: Assets/Imports/Distant Forest Assets/Swamp Forest/SwampPack1_9.asset
  artifactKey: Guid(2bdb1c41f67500c48a696eb39c3b2e9c) Importer(815301076,1909f56bfc062723c751e8b465ee728b)
Start importing Assets/Imports/Distant Forest Assets/Swamp Forest/SwampPack1_9.asset using Guid(2bdb1c41f67500c48a696eb39c3b2e9c) Importer(815301076,1909f56bfc062723c751e8b465ee728b)  -> (artifact id: 'a0a3499fde9e1fba49755507d351e7af') in 0.013368 seconds
  Import took 0.017593 seconds .

========================================================================
Received Import Request.
  Time since last request: 0.000482 seconds.
  path: Assets/Imports/Distant Forest Assets/Swamp Forest/SwampPack1_8.asset
  artifactKey: Guid(5225c85a7af55b94abf305b12db90892) Importer(815301076,1909f56bfc062723c751e8b465ee728b)
Start importing Assets/Imports/Distant Forest Assets/Swamp Forest/SwampPack1_8.asset using Guid(5225c85a7af55b94abf305b12db90892) Importer(815301076,1909f56bfc062723c751e8b465ee728b)  -> (artifact id: 'c68c10f10e72a7bd28ed2c961f7fda8f') in 0.060285 seconds
  Import took 0.111884 seconds .

========================================================================
Received Import Request.
  Time since last request: 0.000495 seconds.
  path: Assets/Imports/Distant Forest Assets/Swamp Forest/SwampPack1_7.asset
  artifactKey: Guid(25cc43d284119514ab52a15733e6f152) Importer(815301076,1909f56bfc062723c751e8b465ee728b)
Start importing Assets/Imports/Distant Forest Assets/Swamp Forest/SwampPack1_7.asset using Guid(25cc43d284119514ab52a15733e6f152) Importer(815301076,1909f56bfc062723c751e8b465ee728b)  -> (artifact id: 'cae7d7ec1d65bf27faf3a466169c2823') in 0.029540 seconds
  Import took 0.052897 seconds .

========================================================================
Received Import Request.
  Time since last request: 306.673473 seconds.
  path: Assets/Imports/Hero Knight - Pixel Art/Sprites/HeroKnight.png
  artifactKey: Guid(7a625da9ff0dcb44b94d6a580113d5c3) Importer(815301076,1909f56bfc062723c751e8b465ee728b)
Start importing Assets/Imports/Hero Knight - Pixel Art/Sprites/HeroKnight.png using Guid(7a625da9ff0dcb44b94d6a580113d5c3) Importer(815301076,1909f56bfc062723c751e8b465ee728b)  -> (artifact id: '2a7a8009ba28ac98c43df5af1d7334b9') in 0.272915 seconds
  Import took 0.323967 seconds .

========================================================================
Received Import Request.
  Time since last request: 0.003909 seconds.
  path: Assets/Imports/Hero Knight - Pixel Art/Sprites/HeroKnight.png
  artifactKey: Guid(7a625da9ff0dcb44b94d6a580113d5c3) Importer(815301076,1909f56bfc062723c751e8b465ee728b)
Start importing Assets/Imports/Hero Knight - Pixel Art/Sprites/HeroKnight.png using Guid(7a625da9ff0dcb44b94d6a580113d5c3) Importer(815301076,1909f56bfc062723c751e8b465ee728b)  -> (artifact id: '2a7a8009ba28ac98c43df5af1d7334b9') in 0.026198 seconds
  Import took 0.033925 seconds .

========================================================================
Received Import Request.
  Time since last request: 0.456823 seconds.
  path: Assets/Imports/Hero Knight - Pixel Art/Environment/Walls_noFriction.physicsMaterial2D
  artifactKey: Guid(f6602c7458b813944b8215254da73da1) Importer(815301076,1909f56bfc062723c751e8b465ee728b)
Start importing Assets/Imports/Hero Knight - Pixel Art/Environment/Walls_noFriction.physicsMaterial2D using Guid(f6602c7458b813944b8215254da73da1) Importer(815301076,1909f56bfc062723c751e8b465ee728b)  -> (artifact id: 'a3e99f0b39c753ee373155f9f6aea5df') in 0.064585 seconds
  Import took 0.097976 seconds .

========================================================================
Received Import Request.
  Time since last request: 1.668961 seconds.
  path: Assets/Imports/Hero Knight - Pixel Art/Demo/BlockFlash.prefab
  artifactKey: Guid(803b96fa8ebd5a749bdf32bd0e553139) Importer(815301076,1909f56bfc062723c751e8b465ee728b)
Start importing Assets/Imports/Hero Knight - Pixel Art/Demo/BlockFlash.prefab using Guid(803b96fa8ebd5a749bdf32bd0e553139) Importer(815301076,1909f56bfc062723c751e8b465ee728b)  -> (artifact id: '910506659dbd812f21abbaf35df9ff7c') in 0.792217 seconds
  Import took 0.835887 seconds .

========================================================================
Received Import Request.
  Time since last request: 0.000399 seconds.
  path: Assets/Imports/Hero Knight - Pixel Art/ColorSwap/swap_texture.png
  artifactKey: Guid(5f8c87aa3e6c2aa47bee2ff396a98f2c) Importer(815301076,1909f56bfc062723c751e8b465ee728b)
Start importing Assets/Imports/Hero Knight - Pixel Art/ColorSwap/swap_texture.png using Guid(5f8c87aa3e6c2aa47bee2ff396a98f2c) Importer(815301076,1909f56bfc062723c751e8b465ee728b)  -> (artifact id: 'dda9ad6a112612cbe3be25e7a5b9c552') in 0.074810 seconds
  Import took 0.099566 seconds .

========================================================================
Received Import Request.
  Time since last request: 0.000368 seconds.
  path: Assets/Imports/Hero Knight - Pixel Art/Demo/HeroKnight_Green.prefab
  artifactKey: Guid(2f7eeaf41636b0f4f8ca52ea6858fd36) Importer(815301076,1909f56bfc062723c751e8b465ee728b)
Start importing Assets/Imports/Hero Knight - Pixel Art/Demo/HeroKnight_Green.prefab using Guid(2f7eeaf41636b0f4f8ca52ea6858fd36) Importer(815301076,1909f56bfc062723c751e8b465ee728b)  -> (artifact id: 'f296d67d4b4a8214e63b3a4e881e13ec') in 0.243342 seconds
  Import took 0.270989 seconds .

========================================================================
Received Import Request.
  Time since last request: 0.000505 seconds.
  path: Assets/Imports/Hero Knight - Pixel Art/Demo/HeroKnight.prefab
  artifactKey: Guid(a4b4a6d32bcb19248a754d6602ffc7e4) Importer(815301076,1909f56bfc062723c751e8b465ee728b)
Start importing Assets/Imports/Hero Knight - Pixel Art/Demo/HeroKnight.prefab using Guid(a4b4a6d32bcb19248a754d6602ffc7e4) Importer(815301076,1909f56bfc062723c751e8b465ee728b)  -> (artifact id: '6ba5724c0cf99b78d632f83c4e2a2f6b') in 0.045591 seconds
  Import took 0.072761 seconds .

========================================================================
Received Import Request.
  Time since last request: 0.000551 seconds.
  path: Assets/Imports/Hero Knight - Pixel Art/Demo/HeroKnight_Yellow.prefab
  artifactKey: Guid(3e14bf7b39e2c2940a826eb72e6b8043) Importer(815301076,1909f56bfc062723c751e8b465ee728b)
Start importing Assets/Imports/Hero Knight - Pixel Art/Demo/HeroKnight_Yellow.prefab using Guid(3e14bf7b39e2c2940a826eb72e6b8043) Importer(815301076,1909f56bfc062723c751e8b465ee728b)  -> (artifact id: '5e3ac743302c6398f641de041b73c6ca') in 0.050777 seconds
  Import took 0.114808 seconds .

========================================================================
Received Import Request.
  Time since last request: 0.000438 seconds.
  path: Assets/Imports/Hero Knight - Pixel Art/Demo/SlideDust.prefab
  artifactKey: Guid(8b8c8cc6774fb074cb9139cc631b108e) Importer(815301076,1909f56bfc062723c751e8b465ee728b)
Start importing Assets/Imports/Hero Knight - Pixel Art/Demo/SlideDust.prefab using Guid(8b8c8cc6774fb074cb9139cc631b108e) Importer(815301076,1909f56bfc062723c751e8b465ee728b)  -> (artifact id: 'f28f67991d07e6bf914396ca9a37e284') in 0.074165 seconds
  Import took 0.079155 seconds .

========================================================================
Received Import Request.
  Time since last request: 8.653694 seconds.
  path: Assets/Imports/Pixel Fantasy Caves/mainlev_build.png
  artifactKey: Guid(a2148cb95fda2a246b72a3834f9dc4a3) Importer(815301076,1909f56bfc062723c751e8b465ee728b)
Start importing Assets/Imports/Pixel Fantasy Caves/mainlev_build.png using Guid(a2148cb95fda2a246b72a3834f9dc4a3) Importer(815301076,1909f56bfc062723c751e8b465ee728b)  -> (artifact id: 'ae115bd23448171dda6465411f20d0ec') in 0.287188 seconds
  Import took 0.320134 seconds .

========================================================================
Received Import Request.
  Time since last request: 0.000563 seconds.
  path: Assets/Imports/Pixel Fantasy Caves/props1.png
  artifactKey: Guid(3cf71ed10f82738479ff578acaa2e9ad) Importer(815301076,1909f56bfc062723c751e8b465ee728b)
Start importing Assets/Imports/Pixel Fantasy Caves/props1.png using Guid(3cf71ed10f82738479ff578acaa2e9ad) Importer(815301076,1909f56bfc062723c751e8b465ee728b)  -> (artifact id: '38e321a45015fd0e32ed38fdc7d26fe7') in 0.123081 seconds
  Import took 0.161812 seconds .

========================================================================
Received Import Request.
  Time since last request: 0.000402 seconds.
  path: Assets/Imports/Pixel Fantasy Caves/mainlev_build.png
  artifactKey: Guid(a2148cb95fda2a246b72a3834f9dc4a3) Importer(815301076,1909f56bfc062723c751e8b465ee728b)
Start importing Assets/Imports/Pixel Fantasy Caves/mainlev_build.png using Guid(a2148cb95fda2a246b72a3834f9dc4a3) Importer(815301076,1909f56bfc062723c751e8b465ee728b)  -> (artifact id: 'ae115bd23448171dda6465411f20d0ec') in 0.027108 seconds
  Import took 0.035949 seconds .

========================================================================
Received Import Request.
  Time since last request: 0.705523 seconds.
  path: Assets/Imports/Pixel Fantasy Caves/props2.png
  artifactKey: Guid(527d271e3ba3f9843ba89bf17ea61f2d) Importer(815301076,1909f56bfc062723c751e8b465ee728b)
Start importing Assets/Imports/Pixel Fantasy Caves/props2.png using Guid(527d271e3ba3f9843ba89bf17ea61f2d) Importer(815301076,1909f56bfc062723c751e8b465ee728b)  -> (artifact id: '4da0fb796ab0cefd50ef406dee01b33b') in 0.181852 seconds
  Import took 0.187742 seconds .

========================================================================
Received Prepare
Registering precompiled user dll's ...
Registered in 0.006326 seconds.
Begin MonoManager ReloadAssembly
Native extension for WindowsStandalone target not found
Refreshing native plugins compatible for Editor in 1.30 ms, found 1 plugins.
Preloading 0 native plugins for Editor in 0.00 ms.
Mono: successfully reloaded assembly
- Completed reload, in  1.539 seconds
Platform modules already initialized, skipping
Refreshing native plugins compatible for Editor in 1.19 ms, found 1 plugins.
Preloading 0 native plugins for Editor in 0.00 ms.
Unloading 1818 Unused Serialized files (Serialized files now loaded: 0)
System memory in use before: 92.0 MB.
System memory in use after: 92.0 MB.

Unloading 12 unused Assets to reduce memory usage. Loaded Objects now: 2358.
Total: 3.307100 ms (FindLiveObjects: 0.285400 ms CreateObjectMapping: 0.069500 ms MarkObjects: 2.711000 ms  DeleteObjects: 0.235900 ms)

