Using pre-set license
Built from '2020.3/staging' branch; Version is '2020.3.9f1 (108be757e447) revision 1084391'; Using compiler version '192528614'; Build Type 'Release'
OS: 'Windows 10 Pro; OS build 19043.1110; Version 2009; 64bit' Language: 'pt' Physical Memory: 6078 MB
BatchMode: 1, IsHumanControllingUs: 0, StartBugReporterOnCrash: 0, Is64bit: 1, IsPro: 0

 COMMAND LINE ARGUMENTS:
D:\Program Files\Unity\Hub\Editor\2020.3.9f1\Editor\Unity.exe
-adb2
-batchMode
-noUpm
-name
AssetImportWorker7
-projectPath
D:/Unity/Projetos/Forbidden-Wish-Immortality
-logFile
Logs/AssetImportWorker7.log
-srvPort
64856
Successfully changed project path to: D:/Unity/Projetos/Forbidden-Wish-Immortality
D:/Unity/Projetos/Forbidden-Wish-Immortality
Using Asset Import Pipeline V2.
Refreshing native plugins compatible for Editor in 64.46 ms, found 1 plugins.
Preloading 0 native plugins for Editor in 0.00 ms.
Initialize engine version: 2020.3.9f1 (108be757e447)
[Subsystems] Discovering subsystems at path D:/Program Files/Unity/Hub/Editor/2020.3.9f1/Editor/Data/Resources/UnitySubsystems
[Subsystems] Discovering subsystems at path D:/Unity/Projetos/Forbidden-Wish-Immortality/Assets
GfxDevice: creating device client; threaded=0
Direct3D:
    Version:  Direct3D 11.0 [level 11.1]
    Renderer: AMD Radeon(TM) Vega 8 Graphics (ID=0x15dd)
    Vendor:   
    VRAM:     3039 MB
    Driver:   27.20.1020.1
Initialize mono
Mono path[0] = 'D:/Program Files/Unity/Hub/Editor/2020.3.9f1/Editor/Data/Managed'
Mono path[1] = 'D:/Program Files/Unity/Hub/Editor/2020.3.9f1/Editor/Data/MonoBleedingEdge/lib/mono/unityjit'
Mono config path = 'D:/Program Files/Unity/Hub/Editor/2020.3.9f1/Editor/Data/MonoBleedingEdge/etc'
Using monoOptions --debugger-agent=transport=dt_socket,embedding=1,server=y,suspend=n,address=127.0.0.1:56528
Begin MonoManager ReloadAssembly
Registering precompiled unity dll's ...
Register platform support module: D:/Program Files/Unity/Hub/Editor/2020.3.9f1/Editor/Data/PlaybackEngines/WebGLSupport/UnityEditor.WebGL.Extensions.dll
Register platform support module: D:/Program Files/Unity/Hub/Editor/2020.3.9f1/Editor/Data/PlaybackEngines/WindowsStandaloneSupport/UnityEditor.WindowsStandalone.Extensions.dll
Registered in 0.042931 seconds.
Native extension for WindowsStandalone target not found
Native extension for WebGL target not found
Refreshing native plugins compatible for Editor in 80.30 ms, found 1 plugins.
Preloading 0 native plugins for Editor in 0.00 ms.
Mono: successfully reloaded assembly
- Completed reload, in  8.134 seconds
Platform modules already initialized, skipping
Registering precompiled user dll's ...
Registered in 0.001847 seconds.
Begin MonoManager ReloadAssembly
Native extension for WindowsStandalone target not found
Native extension for WebGL target not found
Refreshing native plugins compatible for Editor in 61.54 ms, found 1 plugins.
Preloading 0 native plugins for Editor in 0.00 ms.
Mono: successfully reloaded assembly
- Completed reload, in  3.772 seconds
Platform modules already initialized, skipping
========================================================================
Worker process is ready to serve import requests
Launched and connected shader compiler UnityShaderCompiler.exe after 0.21 seconds
Refreshing native plugins compatible for Editor in 0.66 ms, found 1 plugins.
Preloading 0 native plugins for Editor in 0.00 ms.
Unloading 1823 Unused Serialized files (Serialized files now loaded: 0)
System memory in use before: 85.9 MB.
System memory in use after: 85.8 MB.

Unloading 24 unused Assets to reduce memory usage. Loaded Objects now: 2269.
Total: 2.759000 ms (FindLiveObjects: 0.369400 ms CreateObjectMapping: 0.096100 ms MarkObjects: 2.127400 ms  DeleteObjects: 0.164300 ms)

========================================================================
Received Import Request.
  path: Assets/Scripts/GameController.cs
  artifactKey: Guid(f22b352c417913e489c2d7354ea82c20) Importer(815301076,1909f56bfc062723c751e8b465ee728b)
Start importing Assets/Scripts/GameController.cs using Guid(f22b352c417913e489c2d7354ea82c20) Importer(815301076,1909f56bfc062723c751e8b465ee728b)  -> (artifact id: 'e61e2483149b47c671689eff34560c4c') in 0.270736 seconds
  Import took 0.275526 seconds .

========================================================================
Received Import Request.
  Time since last request: 0.000434 seconds.
  path: Assets/Scenes/MenuInicial.unity
  artifactKey: Guid(d71a0b2d70ddfc8468ea3d2fe6103b00) Importer(815301076,1909f56bfc062723c751e8b465ee728b)
Start importing Assets/Scenes/MenuInicial.unity using Guid(d71a0b2d70ddfc8468ea3d2fe6103b00) Importer(815301076,1909f56bfc062723c751e8b465ee728b)  -> (artifact id: 'd1e85f06a753fd737f1c917b43a7add1') in 0.110963 seconds
  Import took 0.115142 seconds .

========================================================================
Received Prepare
Registering precompiled user dll's ...
Registered in 0.063023 seconds.
Begin MonoManager ReloadAssembly
Native extension for WindowsStandalone target not found
Native extension for WebGL target not found
Refreshing native plugins compatible for Editor in 0.50 ms, found 1 plugins.
Preloading 0 native plugins for Editor in 0.00 ms.
Mono: successfully reloaded assembly
- Completed reload, in  1.476 seconds
Platform modules already initialized, skipping
Refreshing native plugins compatible for Editor in 0.72 ms, found 1 plugins.
Preloading 0 native plugins for Editor in 0.00 ms.
Unloading 1816 Unused Serialized files (Serialized files now loaded: 0)
System memory in use before: 85.6 MB.
System memory in use after: 85.6 MB.

Unloading 12 unused Assets to reduce memory usage. Loaded Objects now: 2273.
Total: 2.913900 ms (FindLiveObjects: 0.236000 ms CreateObjectMapping: 0.056400 ms MarkObjects: 2.430400 ms  DeleteObjects: 0.188700 ms)

========================================================================
Received Import Request.
  Time since last request: 670.376988 seconds.
  path: Assets/Scripts/MenuController.cs
  artifactKey: Guid(ac5fba96586f87a4a8efffc3a66178e4) Importer(815301076,1909f56bfc062723c751e8b465ee728b)
Start importing Assets/Scripts/MenuController.cs using Guid(ac5fba96586f87a4a8efffc3a66178e4) Importer(815301076,1909f56bfc062723c751e8b465ee728b)  -> (artifact id: '983aa9ee0ba1172fa28b4a56937648ff') in 0.008977 seconds
  Import took 0.015118 seconds .

========================================================================
Received Prepare
Registering precompiled user dll's ...
Registered in 0.086196 seconds.
Begin MonoManager ReloadAssembly
Native extension for WindowsStandalone target not found
Native extension for WebGL target not found
Refreshing native plugins compatible for Editor in 0.49 ms, found 1 plugins.
Preloading 0 native plugins for Editor in 0.00 ms.
Mono: successfully reloaded assembly
- Completed reload, in  8.666 seconds
Platform modules already initialized, skipping
Refreshing native plugins compatible for Editor in 1.62 ms, found 1 plugins.
Preloading 0 native plugins for Editor in 0.00 ms.
Unloading 1817 Unused Serialized files (Serialized files now loaded: 0)
System memory in use before: 85.7 MB.
System memory in use after: 85.7 MB.

Unloading 12 unused Assets to reduce memory usage. Loaded Objects now: 2278.
Total: 216.125200 ms (FindLiveObjects: 89.934900 ms CreateObjectMapping: 1.951900 ms MarkObjects: 124.018600 ms  DeleteObjects: 0.215900 ms)

========================================================================
Received Prepare
Registering precompiled user dll's ...
Registered in 0.002198 seconds.
Begin MonoManager ReloadAssembly
Native extension for WindowsStandalone target not found
Native extension for WebGL target not found
Refreshing native plugins compatible for Editor in 0.46 ms, found 1 plugins.
Preloading 0 native plugins for Editor in 0.00 ms.
Mono: successfully reloaded assembly
- Completed reload, in  2.440 seconds
Platform modules already initialized, skipping
Refreshing native plugins compatible for Editor in 0.89 ms, found 1 plugins.
Preloading 0 native plugins for Editor in 0.00 ms.
Unloading 1817 Unused Serialized files (Serialized files now loaded: 0)
System memory in use before: 85.7 MB.
System memory in use after: 85.7 MB.

Unloading 12 unused Assets to reduce memory usage. Loaded Objects now: 2282.
Total: 3.026500 ms (FindLiveObjects: 0.217900 ms CreateObjectMapping: 0.047100 ms MarkObjects: 2.594100 ms  DeleteObjects: 0.165600 ms)

========================================================================
Received Import Request.
  Time since last request: 288.876373 seconds.
  path: Assets/Scripts/MenuController.cs
  artifactKey: Guid(ac5fba96586f87a4a8efffc3a66178e4) Importer(815301076,1909f56bfc062723c751e8b465ee728b)
Start importing Assets/Scripts/MenuController.cs using Guid(ac5fba96586f87a4a8efffc3a66178e4) Importer(815301076,1909f56bfc062723c751e8b465ee728b)  -> (artifact id: '9f2468cf381b3181e4462e65e5ae7628') in 0.029173 seconds
  Import took 0.032849 seconds .

========================================================================
Received Import Request.
  Time since last request: 332.743135 seconds.
  path: Assets/Scripts/SaveSystem.cs
  artifactKey: Guid(31fc0118b653bcf40b032036274688bb) Importer(815301076,1909f56bfc062723c751e8b465ee728b)
Start importing Assets/Scripts/SaveSystem.cs using Guid(31fc0118b653bcf40b032036274688bb) Importer(815301076,1909f56bfc062723c751e8b465ee728b)  -> (artifact id: 'd7a2f8f886ce4184e303b0de59499034') in 0.061292 seconds
  Import took 0.074906 seconds .

========================================================================
Received Prepare
Registering precompiled user dll's ...
Registered in 0.001613 seconds.
Begin MonoManager ReloadAssembly
Native extension for WindowsStandalone target not found
Native extension for WebGL target not found
Refreshing native plugins compatible for Editor in 0.49 ms, found 1 plugins.
Preloading 0 native plugins for Editor in 0.00 ms.
Mono: successfully reloaded assembly
- Completed reload, in  1.465 seconds
Platform modules already initialized, skipping
Refreshing native plugins compatible for Editor in 0.62 ms, found 1 plugins.
Preloading 0 native plugins for Editor in 0.00 ms.
Unloading 1817 Unused Serialized files (Serialized files now loaded: 0)
System memory in use before: 85.7 MB.
System memory in use after: 85.7 MB.

Unloading 12 unused Assets to reduce memory usage. Loaded Objects now: 2286.
Total: 4.759100 ms (FindLiveObjects: 0.240100 ms CreateObjectMapping: 0.062700 ms MarkObjects: 4.222100 ms  DeleteObjects: 0.230100 ms)

========================================================================
Received Prepare
Registering precompiled user dll's ...
Registered in 0.001133 seconds.
Begin MonoManager ReloadAssembly
Native extension for WindowsStandalone target not found
Native extension for WebGL target not found
Refreshing native plugins compatible for Editor in 0.51 ms, found 1 plugins.
Preloading 0 native plugins for Editor in 0.00 ms.
Mono: successfully reloaded assembly
- Completed reload, in  1.433 seconds
Platform modules already initialized, skipping
Refreshing native plugins compatible for Editor in 0.54 ms, found 1 plugins.
Preloading 0 native plugins for Editor in 0.00 ms.
Unloading 1817 Unused Serialized files (Serialized files now loaded: 0)
System memory in use before: 85.7 MB.
System memory in use after: 85.7 MB.

Unloading 12 unused Assets to reduce memory usage. Loaded Objects now: 2290.
Total: 2.365400 ms (FindLiveObjects: 0.245300 ms CreateObjectMapping: 0.046300 ms MarkObjects: 1.935500 ms  DeleteObjects: 0.137000 ms)

========================================================================
Received Prepare
Registering precompiled user dll's ...
Registered in 0.001742 seconds.
Begin MonoManager ReloadAssembly
Native extension for WindowsStandalone target not found
Native extension for WebGL target not found
Refreshing native plugins compatible for Editor in 0.50 ms, found 1 plugins.
Preloading 0 native plugins for Editor in 0.00 ms.
Mono: successfully reloaded assembly
- Completed reload, in  1.893 seconds
Platform modules already initialized, skipping
Refreshing native plugins compatible for Editor in 0.51 ms, found 1 plugins.
Preloading 0 native plugins for Editor in 0.00 ms.
Unloading 1817 Unused Serialized files (Serialized files now loaded: 0)
System memory in use before: 85.7 MB.
System memory in use after: 85.7 MB.

Unloading 12 unused Assets to reduce memory usage. Loaded Objects now: 2294.
Total: 5.453300 ms (FindLiveObjects: 0.255100 ms CreateObjectMapping: 0.078000 ms MarkObjects: 4.947600 ms  DeleteObjects: 0.170100 ms)

========================================================================
Received Prepare
Registering precompiled user dll's ...
Registered in 0.001220 seconds.
Begin MonoManager ReloadAssembly
Native extension for WindowsStandalone target not found
Native extension for WebGL target not found
Refreshing native plugins compatible for Editor in 0.53 ms, found 1 plugins.
Preloading 0 native plugins for Editor in 0.00 ms.
Mono: successfully reloaded assembly
- Completed reload, in  1.437 seconds
Platform modules already initialized, skipping
Refreshing native plugins compatible for Editor in 0.50 ms, found 1 plugins.
Preloading 0 native plugins for Editor in 0.00 ms.
Unloading 1817 Unused Serialized files (Serialized files now loaded: 0)
System memory in use before: 85.8 MB.
System memory in use after: 85.7 MB.

Unloading 12 unused Assets to reduce memory usage. Loaded Objects now: 2298.
Total: 2.696700 ms (FindLiveObjects: 0.313100 ms CreateObjectMapping: 0.046100 ms MarkObjects: 2.181800 ms  DeleteObjects: 0.153100 ms)

========================================================================
Received Prepare
Registering precompiled user dll's ...
Registered in 0.001161 seconds.
Begin MonoManager ReloadAssembly
Native extension for WindowsStandalone target not found
Native extension for WebGL target not found
Refreshing native plugins compatible for Editor in 0.46 ms, found 1 plugins.
Preloading 0 native plugins for Editor in 0.00 ms.
Mono: successfully reloaded assembly
- Completed reload, in  1.373 seconds
Platform modules already initialized, skipping
Refreshing native plugins compatible for Editor in 0.55 ms, found 1 plugins.
Preloading 0 native plugins for Editor in 0.00 ms.
Unloading 1817 Unused Serialized files (Serialized files now loaded: 0)
System memory in use before: 85.8 MB.
System memory in use after: 85.7 MB.

Unloading 12 unused Assets to reduce memory usage. Loaded Objects now: 2302.
Total: 2.587600 ms (FindLiveObjects: 0.222200 ms CreateObjectMapping: 0.053700 ms MarkObjects: 2.160800 ms  DeleteObjects: 0.149300 ms)

========================================================================
Received Prepare
Registering precompiled user dll's ...
Registered in 0.001142 seconds.
Begin MonoManager ReloadAssembly
Native extension for WindowsStandalone target not found
Native extension for WebGL target not found
Refreshing native plugins compatible for Editor in 0.54 ms, found 1 plugins.
Preloading 0 native plugins for Editor in 0.00 ms.
Mono: successfully reloaded assembly
- Completed reload, in  1.415 seconds
Platform modules already initialized, skipping
Refreshing native plugins compatible for Editor in 0.46 ms, found 1 plugins.
Preloading 0 native plugins for Editor in 0.00 ms.
Unloading 1817 Unused Serialized files (Serialized files now loaded: 0)
System memory in use before: 85.8 MB.
System memory in use after: 85.8 MB.

Unloading 12 unused Assets to reduce memory usage. Loaded Objects now: 2306.
Total: 2.388100 ms (FindLiveObjects: 0.365400 ms CreateObjectMapping: 0.056200 ms MarkObjects: 1.833000 ms  DeleteObjects: 0.132400 ms)

========================================================================
Received Prepare
Registering precompiled user dll's ...
Registered in 0.001127 seconds.
Begin MonoManager ReloadAssembly
Native extension for WindowsStandalone target not found
Native extension for WebGL target not found
Refreshing native plugins compatible for Editor in 0.53 ms, found 1 plugins.
Preloading 0 native plugins for Editor in 0.00 ms.
Mono: successfully reloaded assembly
- Completed reload, in  1.542 seconds
Platform modules already initialized, skipping
Refreshing native plugins compatible for Editor in 0.55 ms, found 1 plugins.
Preloading 0 native plugins for Editor in 0.00 ms.
Unloading 1817 Unused Serialized files (Serialized files now loaded: 0)
System memory in use before: 85.8 MB.
System memory in use after: 85.8 MB.

Unloading 12 unused Assets to reduce memory usage. Loaded Objects now: 2310.
Total: 3.541300 ms (FindLiveObjects: 0.231800 ms CreateObjectMapping: 0.062500 ms MarkObjects: 3.079400 ms  DeleteObjects: 0.165600 ms)

========================================================================
Received Prepare
Registering precompiled user dll's ...
Registered in 0.001164 seconds.
Begin MonoManager ReloadAssembly
Native extension for WindowsStandalone target not found
Native extension for WebGL target not found
Refreshing native plugins compatible for Editor in 0.57 ms, found 1 plugins.
Preloading 0 native plugins for Editor in 0.00 ms.
Mono: successfully reloaded assembly
- Completed reload, in  1.861 seconds
Platform modules already initialized, skipping
Refreshing native plugins compatible for Editor in 0.48 ms, found 1 plugins.
Preloading 0 native plugins for Editor in 0.00 ms.
Unloading 1817 Unused Serialized files (Serialized files now loaded: 0)
System memory in use before: 85.8 MB.
System memory in use after: 85.8 MB.

Unloading 12 unused Assets to reduce memory usage. Loaded Objects now: 2314.
Total: 5.415400 ms (FindLiveObjects: 1.513200 ms CreateObjectMapping: 0.134500 ms MarkObjects: 3.604100 ms  DeleteObjects: 0.161200 ms)

========================================================================
Received Prepare
Registering precompiled user dll's ...
Registered in 0.001329 seconds.
Begin MonoManager ReloadAssembly
Native extension for WindowsStandalone target not found
Native extension for WebGL target not found
Refreshing native plugins compatible for Editor in 0.73 ms, found 1 plugins.
Preloading 0 native plugins for Editor in 0.00 ms.
Mono: successfully reloaded assembly
- Completed reload, in  1.335 seconds
Platform modules already initialized, skipping
Refreshing native plugins compatible for Editor in 0.46 ms, found 1 plugins.
Preloading 0 native plugins for Editor in 0.00 ms.
Unloading 1817 Unused Serialized files (Serialized files now loaded: 0)
System memory in use before: 85.8 MB.
System memory in use after: 85.8 MB.

Unloading 12 unused Assets to reduce memory usage. Loaded Objects now: 2318.
Total: 2.540400 ms (FindLiveObjects: 0.225900 ms CreateObjectMapping: 0.055200 ms MarkObjects: 2.118300 ms  DeleteObjects: 0.139300 ms)

========================================================================
Received Prepare
Registering precompiled user dll's ...
Registered in 0.001151 seconds.
Begin MonoManager ReloadAssembly
Native extension for WindowsStandalone target not found
Native extension for WebGL target not found
Refreshing native plugins compatible for Editor in 1.34 ms, found 1 plugins.
Preloading 0 native plugins for Editor in 0.00 ms.
Mono: successfully reloaded assembly
- Completed reload, in  2.015 seconds
Platform modules already initialized, skipping
Refreshing native plugins compatible for Editor in 0.51 ms, found 1 plugins.
Preloading 0 native plugins for Editor in 0.00 ms.
Unloading 1817 Unused Serialized files (Serialized files now loaded: 0)
System memory in use before: 85.8 MB.
System memory in use after: 85.8 MB.

Unloading 12 unused Assets to reduce memory usage. Loaded Objects now: 2322.
Total: 2.274900 ms (FindLiveObjects: 0.229600 ms CreateObjectMapping: 0.055500 ms MarkObjects: 1.854900 ms  DeleteObjects: 0.133400 ms)

========================================================================
Received Prepare
Registering precompiled user dll's ...
Registered in 0.001144 seconds.
Begin MonoManager ReloadAssembly
Native extension for WindowsStandalone target not found
Native extension for WebGL target not found
Refreshing native plugins compatible for Editor in 0.54 ms, found 1 plugins.
Preloading 0 native plugins for Editor in 0.00 ms.
Mono: successfully reloaded assembly
- Completed reload, in  1.601 seconds
Platform modules already initialized, skipping
Refreshing native plugins compatible for Editor in 0.47 ms, found 1 plugins.
Preloading 0 native plugins for Editor in 0.00 ms.
Unloading 1817 Unused Serialized files (Serialized files now loaded: 0)
System memory in use before: 85.8 MB.
System memory in use after: 85.8 MB.

Unloading 12 unused Assets to reduce memory usage. Loaded Objects now: 2326.
Total: 8.422500 ms (FindLiveObjects: 0.236200 ms CreateObjectMapping: 0.084000 ms MarkObjects: 7.962100 ms  DeleteObjects: 0.138600 ms)

========================================================================
Received Prepare
Registering precompiled user dll's ...
Registered in 0.001607 seconds.
Begin MonoManager ReloadAssembly
Native extension for WindowsStandalone target not found
Native extension for WebGL target not found
Refreshing native plugins compatible for Editor in 0.50 ms, found 1 plugins.
Preloading 0 native plugins for Editor in 0.00 ms.
Mono: successfully reloaded assembly
- Completed reload, in  1.335 seconds
Platform modules already initialized, skipping
Refreshing native plugins compatible for Editor in 0.50 ms, found 1 plugins.
Preloading 0 native plugins for Editor in 0.00 ms.
Unloading 1817 Unused Serialized files (Serialized files now loaded: 0)
System memory in use before: 85.8 MB.
System memory in use after: 85.8 MB.

Unloading 12 unused Assets to reduce memory usage. Loaded Objects now: 2330.
Total: 2.769300 ms (FindLiveObjects: 0.234500 ms CreateObjectMapping: 0.059800 ms MarkObjects: 2.321500 ms  DeleteObjects: 0.151900 ms)

========================================================================
Received Prepare
Registering precompiled user dll's ...
Registered in 0.001351 seconds.
Begin MonoManager ReloadAssembly
Native extension for WindowsStandalone target not found
Native extension for WebGL target not found
Refreshing native plugins compatible for Editor in 0.52 ms, found 1 plugins.
Preloading 0 native plugins for Editor in 0.00 ms.
Mono: successfully reloaded assembly
- Completed reload, in  1.569 seconds
Platform modules already initialized, skipping
Refreshing native plugins compatible for Editor in 2.13 ms, found 1 plugins.
Preloading 0 native plugins for Editor in 0.00 ms.
Unloading 1817 Unused Serialized files (Serialized files now loaded: 0)
System memory in use before: 85.8 MB.
System memory in use after: 85.8 MB.

Unloading 12 unused Assets to reduce memory usage. Loaded Objects now: 2334.
Total: 2.510600 ms (FindLiveObjects: 0.230600 ms CreateObjectMapping: 0.056300 ms MarkObjects: 2.068100 ms  DeleteObjects: 0.153300 ms)

========================================================================
Received Prepare
Registering precompiled user dll's ...
Registered in 0.001387 seconds.
Begin MonoManager ReloadAssembly
Native extension for WindowsStandalone target not found
Native extension for WebGL target not found
Refreshing native plugins compatible for Editor in 0.51 ms, found 1 plugins.
Preloading 0 native plugins for Editor in 0.00 ms.
Mono: successfully reloaded assembly
- Completed reload, in  1.376 seconds
Platform modules already initialized, skipping
Refreshing native plugins compatible for Editor in 0.45 ms, found 1 plugins.
Preloading 0 native plugins for Editor in 0.00 ms.
Unloading 1817 Unused Serialized files (Serialized files now loaded: 0)
System memory in use before: 85.8 MB.
System memory in use after: 85.8 MB.

Unloading 12 unused Assets to reduce memory usage. Loaded Objects now: 2338.
Total: 4.291400 ms (FindLiveObjects: 0.212500 ms CreateObjectMapping: 0.047100 ms MarkObjects: 3.878900 ms  DeleteObjects: 0.151100 ms)

========================================================================
Received Import Request.
  Time since last request: 3255.051886 seconds.
  path: Assets/Tiles
  artifactKey: Guid(412909427ab29d3499a01a5c9dce3c98) Importer(815301076,1909f56bfc062723c751e8b465ee728b)
Start importing Assets/Tiles using Guid(412909427ab29d3499a01a5c9dce3c98) Importer(815301076,1909f56bfc062723c751e8b465ee728b)  -> (artifact id: '2ff180c63ad6c9845b788e32efc66f94') in 0.010627 seconds
  Import took 0.016429 seconds .

========================================================================
Received Import Request.
  Time since last request: 0.410050 seconds.
  path: Assets/Sounds
  artifactKey: Guid(9f07be04d2bc95a4a8bc8282ff10aff7) Importer(815301076,1909f56bfc062723c751e8b465ee728b)
Start importing Assets/Sounds using Guid(9f07be04d2bc95a4a8bc8282ff10aff7) Importer(815301076,1909f56bfc062723c751e8b465ee728b)  -> (artifact id: '068ebfb89c2c7b1cc3267b39725ed1e5') in 0.003548 seconds
  Import took 0.014018 seconds .

========================================================================
Received Import Request.
  Time since last request: 55.617895 seconds.
  path: Assets/Scenes/Game.unity
  artifactKey: Guid(2cda990e2423bbf4892e6590ba056729) Importer(815301076,1909f56bfc062723c751e8b465ee728b)
Start importing Assets/Scenes/Game.unity using Guid(2cda990e2423bbf4892e6590ba056729) Importer(815301076,1909f56bfc062723c751e8b465ee728b)  -> (artifact id: '3e67934e7749d4535bd3faec437ea1c0') in 0.105802 seconds
  Import took 0.109418 seconds .

========================================================================
Received Prepare
Registering precompiled user dll's ...
Registered in 0.001440 seconds.
Begin MonoManager ReloadAssembly
Native extension for WindowsStandalone target not found
Native extension for WebGL target not found
Refreshing native plugins compatible for Editor in 0.88 ms, found 1 plugins.
Preloading 0 native plugins for Editor in 0.00 ms.
Mono: successfully reloaded assembly
- Completed reload, in  1.499 seconds
Platform modules already initialized, skipping
Refreshing native plugins compatible for Editor in 0.81 ms, found 1 plugins.
Preloading 0 native plugins for Editor in 0.00 ms.
Unloading 1817 Unused Serialized files (Serialized files now loaded: 0)
System memory in use before: 85.9 MB.
System memory in use after: 85.8 MB.

Unloading 12 unused Assets to reduce memory usage. Loaded Objects now: 2342.
Total: 2.725200 ms (FindLiveObjects: 0.211700 ms CreateObjectMapping: 0.045600 ms MarkObjects: 2.153400 ms  DeleteObjects: 0.312400 ms)

========================================================================
Received Prepare
Registering precompiled user dll's ...
Registered in 0.001731 seconds.
Begin MonoManager ReloadAssembly
Native extension for WindowsStandalone target not found
Native extension for WebGL target not found
Refreshing native plugins compatible for Editor in 0.46 ms, found 1 plugins.
Preloading 0 native plugins for Editor in 0.00 ms.
Mono: successfully reloaded assembly
- Completed reload, in  1.626 seconds
Platform modules already initialized, skipping
Refreshing native plugins compatible for Editor in 0.61 ms, found 1 plugins.
Preloading 0 native plugins for Editor in 0.00 ms.
Unloading 1817 Unused Serialized files (Serialized files now loaded: 0)
System memory in use before: 85.9 MB.
System memory in use after: 85.8 MB.

Unloading 12 unused Assets to reduce memory usage. Loaded Objects now: 2346.
Total: 2.906200 ms (FindLiveObjects: 0.235600 ms CreateObjectMapping: 0.055700 ms MarkObjects: 2.452100 ms  DeleteObjects: 0.160400 ms)

========================================================================
Received Prepare
Registering precompiled user dll's ...
Registered in 0.001615 seconds.
Begin MonoManager ReloadAssembly
Native extension for WindowsStandalone target not found
Native extension for WebGL target not found
Refreshing native plugins compatible for Editor in 0.57 ms, found 1 plugins.
Preloading 0 native plugins for Editor in 0.00 ms.
Mono: successfully reloaded assembly
- Completed reload, in  1.629 seconds
Platform modules already initialized, skipping
Refreshing native plugins compatible for Editor in 0.51 ms, found 1 plugins.
Preloading 0 native plugins for Editor in 0.00 ms.
Unloading 1817 Unused Serialized files (Serialized files now loaded: 0)
System memory in use before: 85.9 MB.
System memory in use after: 85.9 MB.

Unloading 12 unused Assets to reduce memory usage. Loaded Objects now: 2350.
Total: 2.697700 ms (FindLiveObjects: 0.231600 ms CreateObjectMapping: 0.054500 ms MarkObjects: 2.256400 ms  DeleteObjects: 0.153800 ms)

========================================================================
Received Import Request.
  Time since last request: 268.963305 seconds.
  path: Assets/Imports/Fantasy Wooden GUI  Free/normal_ui_set A
  artifactKey: Guid(fb0793ba43ead8c4a89d62e19ce3e04e) Importer(815301076,1909f56bfc062723c751e8b465ee728b)
Start importing Assets/Imports/Fantasy Wooden GUI  Free/normal_ui_set A using Guid(fb0793ba43ead8c4a89d62e19ce3e04e) Importer(815301076,1909f56bfc062723c751e8b465ee728b)  -> (artifact id: '38905648fffa3df323ff784bb7a0e983') in 0.008802 seconds
  Import took 0.012740 seconds .

========================================================================
Received Import Request.
  Time since last request: 5.608769 seconds.
  path: Assets/Imports/Fantasy Wooden GUI  Free/normal_ui_set A/UI board Large stone.png
  artifactKey: Guid(7066e0747291df44fa5c2bf93bee3a6e) Importer(815301076,1909f56bfc062723c751e8b465ee728b)
Start importing Assets/Imports/Fantasy Wooden GUI  Free/normal_ui_set A/UI board Large stone.png using Guid(7066e0747291df44fa5c2bf93bee3a6e) Importer(815301076,1909f56bfc062723c751e8b465ee728b)  -> (artifact id: '3460784f0b80c4e7501fbaccf7e381e4') in 3.887063 seconds
  Import took 3.892639 seconds .

========================================================================
Received Import Request.
  Time since last request: 0.000328 seconds.
  path: Assets/Imports/Fantasy Wooden GUI  Free/normal_ui_set A/UI board Medium stone.png
  artifactKey: Guid(9a6560e5bacb40847bb1b879ede354fb) Importer(815301076,1909f56bfc062723c751e8b465ee728b)
Start importing Assets/Imports/Fantasy Wooden GUI  Free/normal_ui_set A/UI board Medium stone.png using Guid(9a6560e5bacb40847bb1b879ede354fb) Importer(815301076,1909f56bfc062723c751e8b465ee728b)  -> (artifact id: '424876e5753fe8f5aac37b5352e40696') in 0.055695 seconds
  Import took 0.059942 seconds .

========================================================================
Received Import Request.
  Time since last request: 0.455644 seconds.
  path: Assets/Imports/Fantasy Wooden GUI  Free/normal_ui_set A/UI board Small Set.png
  artifactKey: Guid(8eb69fafe4f719b49bb2dd1a7358aaaa) Importer(815301076,1909f56bfc062723c751e8b465ee728b)
Start importing Assets/Imports/Fantasy Wooden GUI  Free/normal_ui_set A/UI board Small Set.png using Guid(8eb69fafe4f719b49bb2dd1a7358aaaa) Importer(815301076,1909f56bfc062723c751e8b465ee728b)  -> (artifact id: 'ee8943ca2f0163667085b26e5240163b') in 0.022512 seconds
  Import took 0.028220 seconds .

========================================================================
Received Import Request.
  Time since last request: 2.393601 seconds.
  path: Assets/Imports/Fantasy Wooden GUI  Free/normal_ui_set A/UI board Medium Set.png
  artifactKey: Guid(1a5d8785d80a4ee42a2a4c8632436dc0) Importer(815301076,1909f56bfc062723c751e8b465ee728b)
Start importing Assets/Imports/Fantasy Wooden GUI  Free/normal_ui_set A/UI board Medium Set.png using Guid(1a5d8785d80a4ee42a2a4c8632436dc0) Importer(815301076,1909f56bfc062723c751e8b465ee728b)  -> (artifact id: '976e4df1ee783e8c1a576027c7685af9') in 0.031887 seconds
  Import took 0.036250 seconds .

========================================================================
Received Import Request.
  Time since last request: 4.807685 seconds.
  path: Assets/Imports/Fantasy Wooden GUI  Free/normal_ui_set A/UI board Large Set.png
  artifactKey: Guid(90a2dde0942123c4ebb9c4af580c5818) Importer(815301076,1909f56bfc062723c751e8b465ee728b)
Start importing Assets/Imports/Fantasy Wooden GUI  Free/normal_ui_set A/UI board Large Set.png using Guid(90a2dde0942123c4ebb9c4af580c5818) Importer(815301076,1909f56bfc062723c751e8b465ee728b)  -> (artifact id: 'b051c33ada913a05ccf9890ad7da2b32') in 0.025768 seconds
  Import took 0.029752 seconds .

========================================================================
Received Import Request.
  Time since last request: 416.352857 seconds.
  path: Assets/Imports/Fantasy Wooden GUI  Free/Scene/Demo.unity
  artifactKey: Guid(a5a06ca349139534f8cc1094d2fc7747) Importer(815301076,1909f56bfc062723c751e8b465ee728b)
Start importing Assets/Imports/Fantasy Wooden GUI  Free/Scene/Demo.unity using Guid(a5a06ca349139534f8cc1094d2fc7747) Importer(815301076,1909f56bfc062723c751e8b465ee728b)  -> (artifact id: '381e2da74bc82c745dfdf72e09cd1a21') in 0.003912 seconds
  Import took 0.012586 seconds .

========================================================================
Received Import Request.
  Time since last request: 19.398001 seconds.
  path: Assets/Scenes/Game.unity
  artifactKey: Guid(2cda990e2423bbf4892e6590ba056729) Importer(815301076,1909f56bfc062723c751e8b465ee728b)
Start importing Assets/Scenes/Game.unity using Guid(2cda990e2423bbf4892e6590ba056729) Importer(815301076,1909f56bfc062723c751e8b465ee728b)  -> (artifact id: 'e990e5b93e1087509d8bd32749e100a7') in 0.004426 seconds
  Import took 0.009022 seconds .

========================================================================
Received Prepare
Registering precompiled user dll's ...
Registered in 0.001505 seconds.
Begin MonoManager ReloadAssembly
Native extension for WindowsStandalone target not found
Native extension for WebGL target not found
Refreshing native plugins compatible for Editor in 0.45 ms, found 1 plugins.
Preloading 0 native plugins for Editor in 0.00 ms.
Mono: successfully reloaded assembly
- Completed reload, in  1.458 seconds
Platform modules already initialized, skipping
Refreshing native plugins compatible for Editor in 0.45 ms, found 1 plugins.
Preloading 0 native plugins for Editor in 0.00 ms.
Unloading 1817 Unused Serialized files (Serialized files now loaded: 0)
System memory in use before: 89.0 MB.
System memory in use after: 89.0 MB.

Unloading 12 unused Assets to reduce memory usage. Loaded Objects now: 2364.
Total: 2.974000 ms (FindLiveObjects: 0.290100 ms CreateObjectMapping: 0.073900 ms MarkObjects: 2.466900 ms  DeleteObjects: 0.141400 ms)

========================================================================
Received Prepare
Registering precompiled user dll's ...
Registered in 0.001996 seconds.
Begin MonoManager ReloadAssembly
Native extension for WindowsStandalone target not found
Native extension for WebGL target not found
Refreshing native plugins compatible for Editor in 0.63 ms, found 1 plugins.
Preloading 0 native plugins for Editor in 0.00 ms.
Mono: successfully reloaded assembly
- Completed reload, in  1.416 seconds
Platform modules already initialized, skipping
Refreshing native plugins compatible for Editor in 0.47 ms, found 1 plugins.
Preloading 0 native plugins for Editor in 0.00 ms.
Unloading 1817 Unused Serialized files (Serialized files now loaded: 0)
System memory in use before: 89.0 MB.
System memory in use after: 89.0 MB.

Unloading 12 unused Assets to reduce memory usage. Loaded Objects now: 2368.
Total: 5.950700 ms (FindLiveObjects: 0.235400 ms CreateObjectMapping: 0.057900 ms MarkObjects: 5.433500 ms  DeleteObjects: 0.221900 ms)

========================================================================
Received Prepare
Registering precompiled user dll's ...
Registered in 0.001256 seconds.
Begin MonoManager ReloadAssembly
Native extension for WindowsStandalone target not found
Native extension for WebGL target not found
Refreshing native plugins compatible for Editor in 0.53 ms, found 1 plugins.
Preloading 0 native plugins for Editor in 0.00 ms.
Mono: successfully reloaded assembly
- Completed reload, in  1.603 seconds
Platform modules already initialized, skipping
Refreshing native plugins compatible for Editor in 0.50 ms, found 1 plugins.
Preloading 0 native plugins for Editor in 0.00 ms.
Unloading 1817 Unused Serialized files (Serialized files now loaded: 0)
System memory in use before: 89.0 MB.
System memory in use after: 89.0 MB.

Unloading 12 unused Assets to reduce memory usage. Loaded Objects now: 2372.
Total: 2.779900 ms (FindLiveObjects: 0.257900 ms CreateObjectMapping: 0.060700 ms MarkObjects: 2.169300 ms  DeleteObjects: 0.290200 ms)

========================================================================
Received Prepare
Registering precompiled user dll's ...
Registered in 0.001688 seconds.
Begin MonoManager ReloadAssembly
Native extension for WindowsStandalone target not found
Native extension for WebGL target not found
Refreshing native plugins compatible for Editor in 0.79 ms, found 1 plugins.
Preloading 0 native plugins for Editor in 0.00 ms.
Mono: successfully reloaded assembly
- Completed reload, in  1.464 seconds
Platform modules already initialized, skipping
Refreshing native plugins compatible for Editor in 0.51 ms, found 1 plugins.
Preloading 0 native plugins for Editor in 0.00 ms.
Unloading 1817 Unused Serialized files (Serialized files now loaded: 0)
System memory in use before: 89.0 MB.
System memory in use after: 89.0 MB.

Unloading 12 unused Assets to reduce memory usage. Loaded Objects now: 2376.
Total: 4.556500 ms (FindLiveObjects: 0.281300 ms CreateObjectMapping: 0.076800 ms MarkObjects: 2.993900 ms  DeleteObjects: 1.201500 ms)

========================================================================
Received Prepare
Registering precompiled user dll's ...
Registered in 0.001619 seconds.
Begin MonoManager ReloadAssembly
Native extension for WindowsStandalone target not found
Native extension for WebGL target not found
Refreshing native plugins compatible for Editor in 0.49 ms, found 1 plugins.
Preloading 0 native plugins for Editor in 0.00 ms.
Mono: successfully reloaded assembly
- Completed reload, in  1.216 seconds
Platform modules already initialized, skipping
Refreshing native plugins compatible for Editor in 0.44 ms, found 1 plugins.
Preloading 0 native plugins for Editor in 0.00 ms.
Unloading 1817 Unused Serialized files (Serialized files now loaded: 0)
System memory in use before: 89.0 MB.
System memory in use after: 89.0 MB.

Unloading 12 unused Assets to reduce memory usage. Loaded Objects now: 2380.
Total: 3.060300 ms (FindLiveObjects: 0.322300 ms CreateObjectMapping: 0.067400 ms MarkObjects: 2.503400 ms  DeleteObjects: 0.165200 ms)

========================================================================
Received Prepare
Registering precompiled user dll's ...
Registered in 0.001120 seconds.
Begin MonoManager ReloadAssembly
Native extension for WindowsStandalone target not found
Native extension for WebGL target not found
Refreshing native plugins compatible for Editor in 0.50 ms, found 1 plugins.
Preloading 0 native plugins for Editor in 0.00 ms.
Mono: successfully reloaded assembly
- Completed reload, in  1.215 seconds
Platform modules already initialized, skipping
Refreshing native plugins compatible for Editor in 0.50 ms, found 1 plugins.
Preloading 0 native plugins for Editor in 0.00 ms.
Unloading 1817 Unused Serialized files (Serialized files now loaded: 0)
System memory in use before: 89.0 MB.
System memory in use after: 89.0 MB.

Unloading 12 unused Assets to reduce memory usage. Loaded Objects now: 2384.
Total: 2.572600 ms (FindLiveObjects: 0.230700 ms CreateObjectMapping: 0.054500 ms MarkObjects: 2.133500 ms  DeleteObjects: 0.152300 ms)

========================================================================
Received Prepare
Registering precompiled user dll's ...
Registered in 0.001122 seconds.
Begin MonoManager ReloadAssembly
Native extension for WindowsStandalone target not found
Native extension for WebGL target not found
Refreshing native plugins compatible for Editor in 0.55 ms, found 1 plugins.
Preloading 0 native plugins for Editor in 0.00 ms.
Mono: successfully reloaded assembly
- Completed reload, in  1.239 seconds
Platform modules already initialized, skipping
Refreshing native plugins compatible for Editor in 0.48 ms, found 1 plugins.
Preloading 0 native plugins for Editor in 0.00 ms.
Unloading 1817 Unused Serialized files (Serialized files now loaded: 0)
System memory in use before: 89.0 MB.
System memory in use after: 89.0 MB.

Unloading 12 unused Assets to reduce memory usage. Loaded Objects now: 2388.
Total: 2.387100 ms (FindLiveObjects: 0.221200 ms CreateObjectMapping: 0.046300 ms MarkObjects: 1.983000 ms  DeleteObjects: 0.135200 ms)

========================================================================
Received Prepare
Registering precompiled user dll's ...
Registered in 0.001726 seconds.
Begin MonoManager ReloadAssembly
Native extension for WindowsStandalone target not found
Native extension for WebGL target not found
Refreshing native plugins compatible for Editor in 0.48 ms, found 1 plugins.
Preloading 0 native plugins for Editor in 0.00 ms.
Mono: successfully reloaded assembly
- Completed reload, in  1.410 seconds
Platform modules already initialized, skipping
Refreshing native plugins compatible for Editor in 0.55 ms, found 1 plugins.
Preloading 0 native plugins for Editor in 0.00 ms.
Unloading 1817 Unused Serialized files (Serialized files now loaded: 0)
System memory in use before: 89.0 MB.
System memory in use after: 89.0 MB.

Unloading 12 unused Assets to reduce memory usage. Loaded Objects now: 2392.
Total: 3.809700 ms (FindLiveObjects: 0.312700 ms CreateObjectMapping: 0.068400 ms MarkObjects: 3.279700 ms  DeleteObjects: 0.145800 ms)

========================================================================
Received Prepare
Registering precompiled user dll's ...
Registered in 0.001379 seconds.
Begin MonoManager ReloadAssembly
Native extension for WindowsStandalone target not found
Native extension for WebGL target not found
Refreshing native plugins compatible for Editor in 0.50 ms, found 1 plugins.
Preloading 0 native plugins for Editor in 0.00 ms.
Mono: successfully reloaded assembly
- Completed reload, in  1.199 seconds
Platform modules already initialized, skipping
Refreshing native plugins compatible for Editor in 0.49 ms, found 1 plugins.
Preloading 0 native plugins for Editor in 0.00 ms.
Unloading 1817 Unused Serialized files (Serialized files now loaded: 0)
System memory in use before: 89.1 MB.
System memory in use after: 89.0 MB.

Unloading 12 unused Assets to reduce memory usage. Loaded Objects now: 2396.
Total: 2.998100 ms (FindLiveObjects: 0.256400 ms CreateObjectMapping: 0.065600 ms MarkObjects: 2.516200 ms  DeleteObjects: 0.158000 ms)

========================================================================
Received Prepare
Registering precompiled user dll's ...
Registered in 0.001248 seconds.
Begin MonoManager ReloadAssembly
Native extension for WindowsStandalone target not found
Native extension for WebGL target not found
Refreshing native plugins compatible for Editor in 0.51 ms, found 1 plugins.
Preloading 0 native plugins for Editor in 0.00 ms.
Mono: successfully reloaded assembly
- Completed reload, in  1.240 seconds
Platform modules already initialized, skipping
Refreshing native plugins compatible for Editor in 0.47 ms, found 1 plugins.
Preloading 0 native plugins for Editor in 0.00 ms.
Unloading 1817 Unused Serialized files (Serialized files now loaded: 0)
System memory in use before: 89.1 MB.
System memory in use after: 89.0 MB.

Unloading 12 unused Assets to reduce memory usage. Loaded Objects now: 2400.
Total: 2.740900 ms (FindLiveObjects: 0.235800 ms CreateObjectMapping: 0.056000 ms MarkObjects: 2.301500 ms  DeleteObjects: 0.146000 ms)

========================================================================
Received Prepare
Registering precompiled user dll's ...
Registered in 0.001189 seconds.
Begin MonoManager ReloadAssembly
Native extension for WindowsStandalone target not found
Native extension for WebGL target not found
Refreshing native plugins compatible for Editor in 0.52 ms, found 1 plugins.
Preloading 0 native plugins for Editor in 0.00 ms.
Mono: successfully reloaded assembly
- Completed reload, in  1.186 seconds
Platform modules already initialized, skipping
Refreshing native plugins compatible for Editor in 0.51 ms, found 1 plugins.
Preloading 0 native plugins for Editor in 0.00 ms.
Unloading 1817 Unused Serialized files (Serialized files now loaded: 0)
System memory in use before: 89.1 MB.
System memory in use after: 89.1 MB.

Unloading 12 unused Assets to reduce memory usage. Loaded Objects now: 2404.
Total: 2.985000 ms (FindLiveObjects: 0.242500 ms CreateObjectMapping: 0.051500 ms MarkObjects: 2.441700 ms  DeleteObjects: 0.247700 ms)

========================================================================
Received Prepare
Registering precompiled user dll's ...
Registered in 0.001152 seconds.
Begin MonoManager ReloadAssembly
Native extension for WindowsStandalone target not found
Native extension for WebGL target not found
Refreshing native plugins compatible for Editor in 0.51 ms, found 1 plugins.
Preloading 0 native plugins for Editor in 0.00 ms.
Mono: successfully reloaded assembly
- Completed reload, in  1.301 seconds
Platform modules already initialized, skipping
Refreshing native plugins compatible for Editor in 0.53 ms, found 1 plugins.
Preloading 0 native plugins for Editor in 0.00 ms.
Unloading 1817 Unused Serialized files (Serialized files now loaded: 0)
System memory in use before: 89.1 MB.
System memory in use after: 89.1 MB.

Unloading 12 unused Assets to reduce memory usage. Loaded Objects now: 2408.
Total: 2.805500 ms (FindLiveObjects: 0.239300 ms CreateObjectMapping: 0.056100 ms MarkObjects: 2.347000 ms  DeleteObjects: 0.161300 ms)

========================================================================
Received Prepare
Registering precompiled user dll's ...
Registered in 0.001130 seconds.
Begin MonoManager ReloadAssembly
Native extension for WindowsStandalone target not found
Native extension for WebGL target not found
Refreshing native plugins compatible for Editor in 0.48 ms, found 1 plugins.
Preloading 0 native plugins for Editor in 0.00 ms.
Mono: successfully reloaded assembly
- Completed reload, in  1.162 seconds
Platform modules already initialized, skipping
Refreshing native plugins compatible for Editor in 0.49 ms, found 1 plugins.
Preloading 0 native plugins for Editor in 0.00 ms.
Unloading 1817 Unused Serialized files (Serialized files now loaded: 0)
System memory in use before: 89.1 MB.
System memory in use after: 89.1 MB.

Unloading 12 unused Assets to reduce memory usage. Loaded Objects now: 2412.
Total: 2.833300 ms (FindLiveObjects: 0.240100 ms CreateObjectMapping: 0.063100 ms MarkObjects: 2.372100 ms  DeleteObjects: 0.156300 ms)

========================================================================
Received Prepare
Registering precompiled user dll's ...
Registered in 0.004097 seconds.
Begin MonoManager ReloadAssembly
Native extension for WindowsStandalone target not found
Native extension for WebGL target not found
Refreshing native plugins compatible for Editor in 0.50 ms, found 1 plugins.
Preloading 0 native plugins for Editor in 0.00 ms.
Mono: successfully reloaded assembly
- Completed reload, in  1.159 seconds
Platform modules already initialized, skipping
Refreshing native plugins compatible for Editor in 0.46 ms, found 1 plugins.
Preloading 0 native plugins for Editor in 0.00 ms.
Unloading 1817 Unused Serialized files (Serialized files now loaded: 0)
System memory in use before: 89.1 MB.
System memory in use after: 89.1 MB.

Unloading 12 unused Assets to reduce memory usage. Loaded Objects now: 2416.
Total: 2.542200 ms (FindLiveObjects: 0.225500 ms CreateObjectMapping: 0.054200 ms MarkObjects: 2.103900 ms  DeleteObjects: 0.157000 ms)

========================================================================
Received Prepare
Registering precompiled user dll's ...
Registered in 0.001573 seconds.
Begin MonoManager ReloadAssembly
Native extension for WindowsStandalone target not found
Native extension for WebGL target not found
Refreshing native plugins compatible for Editor in 0.50 ms, found 1 plugins.
Preloading 0 native plugins for Editor in 0.00 ms.
Mono: successfully reloaded assembly
- Completed reload, in  1.388 seconds
Platform modules already initialized, skipping
Refreshing native plugins compatible for Editor in 0.55 ms, found 1 plugins.
Preloading 0 native plugins for Editor in 0.00 ms.
Unloading 1817 Unused Serialized files (Serialized files now loaded: 0)
System memory in use before: 89.1 MB.
System memory in use after: 89.1 MB.

Unloading 12 unused Assets to reduce memory usage. Loaded Objects now: 2420.
Total: 6.471600 ms (FindLiveObjects: 0.373800 ms CreateObjectMapping: 0.061000 ms MarkObjects: 5.819800 ms  DeleteObjects: 0.214200 ms)

========================================================================
Received Prepare
Registering precompiled user dll's ...
Registered in 0.001100 seconds.
Begin MonoManager ReloadAssembly
Native extension for WindowsStandalone target not found
Native extension for WebGL target not found
Refreshing native plugins compatible for Editor in 0.42 ms, found 1 plugins.
Preloading 0 native plugins for Editor in 0.00 ms.
Mono: successfully reloaded assembly
- Completed reload, in  1.242 seconds
Platform modules already initialized, skipping
Refreshing native plugins compatible for Editor in 0.53 ms, found 1 plugins.
Preloading 0 native plugins for Editor in 0.00 ms.
Unloading 1817 Unused Serialized files (Serialized files now loaded: 0)
System memory in use before: 89.1 MB.
System memory in use after: 89.1 MB.

Unloading 12 unused Assets to reduce memory usage. Loaded Objects now: 2424.
Total: 2.465700 ms (FindLiveObjects: 0.222400 ms CreateObjectMapping: 0.046900 ms MarkObjects: 2.023600 ms  DeleteObjects: 0.170900 ms)

========================================================================
Received Prepare
Registering precompiled user dll's ...
Registered in 0.001095 seconds.
Begin MonoManager ReloadAssembly
Native extension for WindowsStandalone target not found
Native extension for WebGL target not found
Refreshing native plugins compatible for Editor in 0.52 ms, found 1 plugins.
Preloading 0 native plugins for Editor in 0.00 ms.
Mono: successfully reloaded assembly
- Completed reload, in  1.195 seconds
Platform modules already initialized, skipping
Refreshing native plugins compatible for Editor in 0.50 ms, found 1 plugins.
Preloading 0 native plugins for Editor in 0.00 ms.
Unloading 1817 Unused Serialized files (Serialized files now loaded: 0)
System memory in use before: 89.1 MB.
System memory in use after: 89.1 MB.

Unloading 12 unused Assets to reduce memory usage. Loaded Objects now: 2428.
Total: 2.965000 ms (FindLiveObjects: 0.254900 ms CreateObjectMapping: 0.063600 ms MarkObjects: 2.483000 ms  DeleteObjects: 0.161500 ms)

========================================================================
Received Prepare
Registering precompiled user dll's ...
Registered in 0.001148 seconds.
Begin MonoManager ReloadAssembly
Native extension for WindowsStandalone target not found
Native extension for WebGL target not found
Refreshing native plugins compatible for Editor in 0.52 ms, found 1 plugins.
Preloading 0 native plugins for Editor in 0.00 ms.
Mono: successfully reloaded assembly
- Completed reload, in  1.162 seconds
Platform modules already initialized, skipping
Refreshing native plugins compatible for Editor in 0.49 ms, found 1 plugins.
Preloading 0 native plugins for Editor in 0.00 ms.
Unloading 1817 Unused Serialized files (Serialized files now loaded: 0)
System memory in use before: 89.1 MB.
System memory in use after: 89.1 MB.

Unloading 12 unused Assets to reduce memory usage. Loaded Objects now: 2432.
Total: 2.589700 ms (FindLiveObjects: 0.214300 ms CreateObjectMapping: 0.045200 ms MarkObjects: 2.166300 ms  DeleteObjects: 0.162400 ms)

========================================================================
Received Prepare
Registering precompiled user dll's ...
Registered in 0.001133 seconds.
Begin MonoManager ReloadAssembly
Native extension for WindowsStandalone target not found
Native extension for WebGL target not found
Refreshing native plugins compatible for Editor in 0.55 ms, found 1 plugins.
Preloading 0 native plugins for Editor in 0.00 ms.
Mono: successfully reloaded assembly
- Completed reload, in  1.198 seconds
Platform modules already initialized, skipping
Refreshing native plugins compatible for Editor in 0.50 ms, found 1 plugins.
Preloading 0 native plugins for Editor in 0.00 ms.
Unloading 1817 Unused Serialized files (Serialized files now loaded: 0)
System memory in use before: 89.1 MB.
System memory in use after: 89.1 MB.

Unloading 12 unused Assets to reduce memory usage. Loaded Objects now: 2436.
Total: 2.411400 ms (FindLiveObjects: 0.213800 ms CreateObjectMapping: 0.045900 ms MarkObjects: 2.019200 ms  DeleteObjects: 0.131400 ms)

========================================================================
Received Prepare
Registering precompiled user dll's ...
Registered in 0.001239 seconds.
Begin MonoManager ReloadAssembly
Native extension for WindowsStandalone target not found
Native extension for WebGL target not found
Refreshing native plugins compatible for Editor in 0.51 ms, found 1 plugins.
Preloading 0 native plugins for Editor in 0.00 ms.
Mono: successfully reloaded assembly
- Completed reload, in  1.271 seconds
Platform modules already initialized, skipping
Refreshing native plugins compatible for Editor in 0.44 ms, found 1 plugins.
Preloading 0 native plugins for Editor in 0.00 ms.
Unloading 1817 Unused Serialized files (Serialized files now loaded: 0)
System memory in use before: 89.2 MB.
System memory in use after: 89.1 MB.

Unloading 12 unused Assets to reduce memory usage. Loaded Objects now: 2440.
Total: 3.658500 ms (FindLiveObjects: 0.270100 ms CreateObjectMapping: 0.080600 ms MarkObjects: 3.139900 ms  DeleteObjects: 0.165800 ms)

========================================================================
Received Prepare
Registering precompiled user dll's ...
Registered in 0.001146 seconds.
Begin MonoManager ReloadAssembly
Native extension for WindowsStandalone target not found
Native extension for WebGL target not found
Refreshing native plugins compatible for Editor in 0.48 ms, found 1 plugins.
Preloading 0 native plugins for Editor in 0.00 ms.
Mono: successfully reloaded assembly
- Completed reload, in  2.483 seconds
Platform modules already initialized, skipping
Refreshing native plugins compatible for Editor in 1.12 ms, found 1 plugins.
Preloading 0 native plugins for Editor in 0.00 ms.
Unloading 1817 Unused Serialized files (Serialized files now loaded: 0)
System memory in use before: 89.2 MB.
System memory in use after: 89.1 MB.

Unloading 12 unused Assets to reduce memory usage. Loaded Objects now: 2444.
Total: 19.212100 ms (FindLiveObjects: 0.234000 ms CreateObjectMapping: 0.056500 ms MarkObjects: 3.194100 ms  DeleteObjects: 15.725300 ms)

========================================================================
Received Prepare
Registering precompiled user dll's ...
Registered in 0.001757 seconds.
Begin MonoManager ReloadAssembly
Native extension for WindowsStandalone target not found
Native extension for WebGL target not found
Refreshing native plugins compatible for Editor in 0.50 ms, found 1 plugins.
Preloading 0 native plugins for Editor in 0.00 ms.
Mono: successfully reloaded assembly
- Completed reload, in  1.204 seconds
Platform modules already initialized, skipping
Refreshing native plugins compatible for Editor in 0.51 ms, found 1 plugins.
Preloading 0 native plugins for Editor in 0.00 ms.
Unloading 1817 Unused Serialized files (Serialized files now loaded: 0)
System memory in use before: 89.2 MB.
System memory in use after: 89.2 MB.

Unloading 12 unused Assets to reduce memory usage. Loaded Objects now: 2448.
Total: 3.238800 ms (FindLiveObjects: 0.306700 ms CreateObjectMapping: 0.133800 ms MarkObjects: 2.620500 ms  DeleteObjects: 0.175900 ms)

========================================================================
Received Prepare
Registering precompiled user dll's ...
Registered in 0.001539 seconds.
Begin MonoManager ReloadAssembly
Native extension for WindowsStandalone target not found
Native extension for WebGL target not found
Refreshing native plugins compatible for Editor in 0.59 ms, found 1 plugins.
Preloading 0 native plugins for Editor in 0.00 ms.
Mono: successfully reloaded assembly
- Completed reload, in 18.579 seconds
Platform modules already initialized, skipping
Refreshing native plugins compatible for Editor in 0.73 ms, found 1 plugins.
Preloading 0 native plugins for Editor in 0.00 ms.
Unloading 1817 Unused Serialized files (Serialized files now loaded: 0)
System memory in use before: 89.2 MB.
System memory in use after: 89.2 MB.

Unloading 12 unused Assets to reduce memory usage. Loaded Objects now: 2452.
Total: 4.679200 ms (FindLiveObjects: 0.274200 ms CreateObjectMapping: 0.065000 ms MarkObjects: 4.202600 ms  DeleteObjects: 0.135500 ms)

========================================================================
Received Prepare
Registering precompiled user dll's ...
Registered in 0.001457 seconds.
Begin MonoManager ReloadAssembly
Native extension for WindowsStandalone target not found
Native extension for WebGL target not found
Refreshing native plugins compatible for Editor in 0.62 ms, found 1 plugins.
Preloading 0 native plugins for Editor in 0.00 ms.
Mono: successfully reloaded assembly
- Completed reload, in  1.174 seconds
Platform modules already initialized, skipping
Refreshing native plugins compatible for Editor in 0.51 ms, found 1 plugins.
Preloading 0 native plugins for Editor in 0.00 ms.
Unloading 1817 Unused Serialized files (Serialized files now loaded: 0)
System memory in use before: 89.2 MB.
System memory in use after: 89.2 MB.

Unloading 12 unused Assets to reduce memory usage. Loaded Objects now: 2456.
Total: 2.998400 ms (FindLiveObjects: 0.248400 ms CreateObjectMapping: 0.064700 ms MarkObjects: 2.526200 ms  DeleteObjects: 0.157200 ms)

========================================================================
Received Import Request.
  Time since last request: 4082.367084 seconds.
  path: Assets/Scenes/MenuInicial.unity
  artifactKey: Guid(d71a0b2d70ddfc8468ea3d2fe6103b00) Importer(815301076,1909f56bfc062723c751e8b465ee728b)
Start importing Assets/Scenes/MenuInicial.unity using Guid(d71a0b2d70ddfc8468ea3d2fe6103b00) Importer(815301076,1909f56bfc062723c751e8b465ee728b)  -> (artifact id: '83393130a8de03d11aaafeae22d642a4') in 0.296490 seconds
  Import took 0.404123 seconds .

========================================================================
Received Import Request.
  Time since last request: 22.808309 seconds.
  path: Assets/Scenes/Game.unity
  artifactKey: Guid(2cda990e2423bbf4892e6590ba056729) Importer(815301076,1909f56bfc062723c751e8b465ee728b)
Start importing Assets/Scenes/Game.unity using Guid(2cda990e2423bbf4892e6590ba056729) Importer(815301076,1909f56bfc062723c751e8b465ee728b)  -> (artifact id: 'a6a2098de3cf01975660cbad363babe9') in 0.002927 seconds
  Import took 0.006487 seconds .

========================================================================
Received Import Request.
  Time since last request: 0.112487 seconds.
  path: Assets/Scenes/Game.unity
  artifactKey: Guid(2cda990e2423bbf4892e6590ba056729) Importer(815301076,1909f56bfc062723c751e8b465ee728b)
Start importing Assets/Scenes/Game.unity using Guid(2cda990e2423bbf4892e6590ba056729) Importer(815301076,1909f56bfc062723c751e8b465ee728b)  -> (artifact id: 'a6a2098de3cf01975660cbad363babe9') in 0.003256 seconds
  Import took 0.007414 seconds .

========================================================================
Received Prepare
Registering precompiled user dll's ...
Registered in 0.001554 seconds.
Begin MonoManager ReloadAssembly
Native extension for WindowsStandalone target not found
Native extension for WebGL target not found
Refreshing native plugins compatible for Editor in 0.45 ms, found 1 plugins.
Preloading 0 native plugins for Editor in 0.00 ms.
Mono: successfully reloaded assembly
- Completed reload, in  1.173 seconds
Platform modules already initialized, skipping
Refreshing native plugins compatible for Editor in 0.57 ms, found 1 plugins.
Preloading 0 native plugins for Editor in 0.00 ms.
Unloading 1817 Unused Serialized files (Serialized files now loaded: 0)
System memory in use before: 89.2 MB.
System memory in use after: 89.2 MB.

Unloading 12 unused Assets to reduce memory usage. Loaded Objects now: 2460.
Total: 2.574600 ms (FindLiveObjects: 0.233900 ms CreateObjectMapping: 0.054400 ms MarkObjects: 2.141800 ms  DeleteObjects: 0.142800 ms)

