Using pre-set license
Built from '2020.3/staging' branch; Version is '2020.3.9f1 (108be757e447) revision 1084391'; Using compiler version '192528614'; Build Type 'Release'
OS: 'Windows 10 Pro; OS build 19041.1110; Version 2004; 64bit' Language: 'pt' Physical Memory: 6078 MB
BatchMode: 1, IsHumanControllingUs: 0, StartBugReporterOnCrash: 0, Is64bit: 1, IsPro: 0

 COMMAND LINE ARGUMENTS:
D:\Program Files\Unity\Hub\Editor\2020.3.9f1\Editor\Unity.exe
-adb2
-batchMode
-noUpm
-name
AssetImportWorker0
-projectPath
D:/Unity/Projetos/Forbidden-Wish-Immortality
-logFile
Logs/AssetImportWorker0.log
-srvPort
61820
Successfully changed project path to: D:/Unity/Projetos/Forbidden-Wish-Immortality
D:/Unity/Projetos/Forbidden-Wish-Immortality
Using Asset Import Pipeline V2.
Refreshing native plugins compatible for Editor in 76.97 ms, found 1 plugins.
Preloading 0 native plugins for Editor in 0.00 ms.
Initialize engine version: 2020.3.9f1 (108be757e447)
[Subsystems] Discovering subsystems at path D:/Program Files/Unity/Hub/Editor/2020.3.9f1/Editor/Data/Resources/UnitySubsystems
[Subsystems] Discovering subsystems at path D:/Unity/Projetos/Forbidden-Wish-Immortality/Assets
GfxDevice: creating device client; threaded=0
Direct3D:
    Version:  Direct3D 11.0 [level 11.1]
    Renderer: AMD Radeon(TM) Vega 8 Graphics (ID=0x15dd)
    Vendor:   
    VRAM:     3039 MB
    Driver:   27.20.1020.1
Initialize mono
Mono path[0] = 'D:/Program Files/Unity/Hub/Editor/2020.3.9f1/Editor/Data/Managed'
Mono path[1] = 'D:/Program Files/Unity/Hub/Editor/2020.3.9f1/Editor/Data/MonoBleedingEdge/lib/mono/unityjit'
Mono config path = 'D:/Program Files/Unity/Hub/Editor/2020.3.9f1/Editor/Data/MonoBleedingEdge/etc'
Using monoOptions --debugger-agent=transport=dt_socket,embedding=1,server=y,suspend=n,address=127.0.0.1:56948
Begin MonoManager ReloadAssembly
Registering precompiled unity dll's ...
Register platform support module: D:/Program Files/Unity/Hub/Editor/2020.3.9f1/Editor/Data/PlaybackEngines/WebGLSupport/UnityEditor.WebGL.Extensions.dll
Register platform support module: D:/Program Files/Unity/Hub/Editor/2020.3.9f1/Editor/Data/PlaybackEngines/WindowsStandaloneSupport/UnityEditor.WindowsStandalone.Extensions.dll
Registered in 0.002237 seconds.
Native extension for WindowsStandalone target not found
Native extension for WebGL target not found
Refreshing native plugins compatible for Editor in 77.88 ms, found 1 plugins.
Preloading 0 native plugins for Editor in 0.00 ms.
Mono: successfully reloaded assembly
- Completed reload, in  2.503 seconds
Platform modules already initialized, skipping
Registering precompiled user dll's ...
Registered in 0.002260 seconds.
Begin MonoManager ReloadAssembly
Native extension for WindowsStandalone target not found
Native extension for WebGL target not found
Refreshing native plugins compatible for Editor in 78.02 ms, found 1 plugins.
Preloading 0 native plugins for Editor in 0.00 ms.
Mono: successfully reloaded assembly
- Completed reload, in  1.965 seconds
Platform modules already initialized, skipping
========================================================================
Worker process is ready to serve import requests
Launched and connected shader compiler UnityShaderCompiler.exe after 1.47 seconds
Refreshing native plugins compatible for Editor in 0.46 ms, found 1 plugins.
Preloading 0 native plugins for Editor in 0.00 ms.
Unloading 1821 Unused Serialized files (Serialized files now loaded: 0)
System memory in use before: 85.8 MB.
System memory in use after: 85.7 MB.

Unloading 24 unused Assets to reduce memory usage. Loaded Objects now: 2266.
Total: 3.004700 ms (FindLiveObjects: 0.238600 ms CreateObjectMapping: 0.055900 ms MarkObjects: 2.545700 ms  DeleteObjects: 0.162500 ms)

========================================================================
Received Import Request.
  path: Assets/Scripts/EnemyController.cs
  artifactKey: Guid(d18eb963c185f9247a434490208c1717) Importer(815301076,1909f56bfc062723c751e8b465ee728b)
Start importing Assets/Scripts/EnemyController.cs using Guid(d18eb963c185f9247a434490208c1717) Importer(815301076,1909f56bfc062723c751e8b465ee728b)  -> (artifact id: '8fc4408768f22f366f6698ad7a611b08') in 2.221199 seconds
  Import took 2.289978 seconds .

========================================================================
Received Prepare
Registering precompiled user dll's ...
Registered in 0.002054 seconds.
Begin MonoManager ReloadAssembly
Native extension for WindowsStandalone target not found
Native extension for WebGL target not found
Refreshing native plugins compatible for Editor in 0.50 ms, found 1 plugins.
Preloading 0 native plugins for Editor in 0.00 ms.
Mono: successfully reloaded assembly
- Completed reload, in  1.634 seconds
Platform modules already initialized, skipping
Refreshing native plugins compatible for Editor in 0.43 ms, found 1 plugins.
Preloading 0 native plugins for Editor in 0.00 ms.
Unloading 1814 Unused Serialized files (Serialized files now loaded: 0)
System memory in use before: 85.5 MB.
System memory in use after: 85.5 MB.

Unloading 12 unused Assets to reduce memory usage. Loaded Objects now: 2270.
Total: 35.466300 ms (FindLiveObjects: 29.764000 ms CreateObjectMapping: 0.119200 ms MarkObjects: 5.442500 ms  DeleteObjects: 0.138900 ms)

========================================================================
Received Import Request.
  Time since last request: 346.857920 seconds.
  path: Assets/Scripts/EnemyController.cs
  artifactKey: Guid(d18eb963c185f9247a434490208c1717) Importer(815301076,1909f56bfc062723c751e8b465ee728b)
Start importing Assets/Scripts/EnemyController.cs using Guid(d18eb963c185f9247a434490208c1717) Importer(815301076,1909f56bfc062723c751e8b465ee728b)  -> (artifact id: 'a6c69d3cdb1b66ab5b6cc5c8c61971be') in 0.009965 seconds
  Import took 0.013714 seconds .

========================================================================
Received Import Request.
  Time since last request: 0.010572 seconds.
  path: Assets/Scripts/EnemyController.cs
  artifactKey: Guid(d18eb963c185f9247a434490208c1717) Importer(815301076,1909f56bfc062723c751e8b465ee728b)
Start importing Assets/Scripts/EnemyController.cs using Guid(d18eb963c185f9247a434490208c1717) Importer(815301076,1909f56bfc062723c751e8b465ee728b)  -> (artifact id: 'a6c69d3cdb1b66ab5b6cc5c8c61971be') in 0.003256 seconds
  Import took 0.007110 seconds .

========================================================================
Received Prepare
Registering precompiled user dll's ...
Registered in 0.001152 seconds.
Begin MonoManager ReloadAssembly
Native extension for WindowsStandalone target not found
Native extension for WebGL target not found
Refreshing native plugins compatible for Editor in 0.47 ms, found 1 plugins.
Preloading 0 native plugins for Editor in 0.00 ms.
Mono: successfully reloaded assembly
- Completed reload, in  1.474 seconds
Platform modules already initialized, skipping
Refreshing native plugins compatible for Editor in 0.48 ms, found 1 plugins.
Preloading 0 native plugins for Editor in 0.00 ms.
Unloading 1814 Unused Serialized files (Serialized files now loaded: 0)
System memory in use before: 85.6 MB.
System memory in use after: 85.6 MB.

Unloading 12 unused Assets to reduce memory usage. Loaded Objects now: 2274.
Total: 4.088600 ms (FindLiveObjects: 0.213400 ms CreateObjectMapping: 0.054300 ms MarkObjects: 3.675700 ms  DeleteObjects: 0.143400 ms)

========================================================================
Received Import Request.
  Time since last request: 36.553727 seconds.
  path: Assets/Monsters Creatures Fantasy/Sprites
  artifactKey: Guid(4996574f823d4d4428b84c837beed802) Importer(815301076,1909f56bfc062723c751e8b465ee728b)
Start importing Assets/Monsters Creatures Fantasy/Sprites using Guid(4996574f823d4d4428b84c837beed802) Importer(815301076,1909f56bfc062723c751e8b465ee728b)  -> (artifact id: '9ade67c6456f41367a6d0d389f4de95b') in 0.006718 seconds
  Import took 0.014473 seconds .

========================================================================
Received Import Request.
  Time since last request: 0.936929 seconds.
  path: Assets/Monsters Creatures Fantasy/Sprites/Flying eye
  artifactKey: Guid(751e441fc6a343b49ae728f032e9a418) Importer(815301076,1909f56bfc062723c751e8b465ee728b)
Start importing Assets/Monsters Creatures Fantasy/Sprites/Flying eye using Guid(751e441fc6a343b49ae728f032e9a418) Importer(815301076,1909f56bfc062723c751e8b465ee728b)  -> (artifact id: '6941ab5273aceddea721c41871b5664b') in 0.007795 seconds
  Import took 0.015100 seconds .

========================================================================
Received Import Request.
  Time since last request: 4.010790 seconds.
  path: Assets/Monsters Creatures Fantasy/Sprites/Goblin
  artifactKey: Guid(bf258c1ee77364e4b8527f51bae39f43) Importer(815301076,1909f56bfc062723c751e8b465ee728b)
Start importing Assets/Monsters Creatures Fantasy/Sprites/Goblin using Guid(bf258c1ee77364e4b8527f51bae39f43) Importer(815301076,1909f56bfc062723c751e8b465ee728b)  -> (artifact id: '1313eb81beaa57195cb00b1425992416') in 0.002560 seconds
  Import took 0.006139 seconds .

========================================================================
Received Import Request.
  Time since last request: 4.368414 seconds.
  path: Assets/Monsters Creatures Fantasy/Sprites/Flying eye/Take Hit.png
  artifactKey: Guid(244d2b7af82202d4daae9b898fd596d1) Importer(815301076,1909f56bfc062723c751e8b465ee728b)
Start importing Assets/Monsters Creatures Fantasy/Sprites/Flying eye/Take Hit.png using Guid(244d2b7af82202d4daae9b898fd596d1) Importer(815301076,1909f56bfc062723c751e8b465ee728b)  -> (artifact id: '5f41a496f62d6d0fa81d2a6e9072a0dd') in 0.328741 seconds
  Import took 0.334563 seconds .

========================================================================
Received Import Request.
  Time since last request: 3.335404 seconds.
  path: Assets/Monsters Creatures Fantasy/Sprites/Flying eye/Take Hit.png
  artifactKey: Guid(244d2b7af82202d4daae9b898fd596d1) Importer(815301076,1909f56bfc062723c751e8b465ee728b)
Start importing Assets/Monsters Creatures Fantasy/Sprites/Flying eye/Take Hit.png using Guid(244d2b7af82202d4daae9b898fd596d1) Importer(815301076,1909f56bfc062723c751e8b465ee728b)  -> (artifact id: 'ee1d49a4f34e9039d4f2c0b93ab8e3d0') in 0.022820 seconds
  Import took 0.026702 seconds .

========================================================================
Received Import Request.
  Time since last request: 5.273785 seconds.
  path: Assets/Monsters Creatures Fantasy
  artifactKey: Guid(3732c445046cc6142885bfc75b4de113) Importer(815301076,1909f56bfc062723c751e8b465ee728b)
Start importing Assets/Monsters Creatures Fantasy using Guid(3732c445046cc6142885bfc75b4de113) Importer(815301076,1909f56bfc062723c751e8b465ee728b)  -> (artifact id: '3b6c2cdb56abfd3ec9f0ce8e49ace459') in 0.008470 seconds
  Import took 0.012540 seconds .

========================================================================
Received Import Request.
  Time since last request: 0.000478 seconds.
  path: Assets/Monsters Creatures Fantasy
  artifactKey: Guid(3732c445046cc6142885bfc75b4de113) Importer(815301076,1909f56bfc062723c751e8b465ee728b)
Start importing Assets/Monsters Creatures Fantasy using Guid(3732c445046cc6142885bfc75b4de113) Importer(815301076,1909f56bfc062723c751e8b465ee728b)  -> (artifact id: '3b6c2cdb56abfd3ec9f0ce8e49ace459') in 0.002173 seconds
  Import took 0.006471 seconds .

========================================================================
Received Import Request.
  Time since last request: 4.072408 seconds.
  path: Assets/Monsters Creatures Fantasy/Sprites/Goblin/Idle.png
  artifactKey: Guid(c1cdd26cc09ad224884556bc4d8296ae) Importer(815301076,1909f56bfc062723c751e8b465ee728b)
Start importing Assets/Monsters Creatures Fantasy/Sprites/Goblin/Idle.png using Guid(c1cdd26cc09ad224884556bc4d8296ae) Importer(815301076,1909f56bfc062723c751e8b465ee728b)  -> (artifact id: '94cedd464da538ed0a5f597d1ff10f15') in 0.029222 seconds
  Import took 0.032674 seconds .

========================================================================
Received Import Request.
  Time since last request: 4.117292 seconds.
  path: Assets/Monsters Creatures Fantasy/Sprites/Goblin/Idle.png
  artifactKey: Guid(c1cdd26cc09ad224884556bc4d8296ae) Importer(815301076,1909f56bfc062723c751e8b465ee728b)
Start importing Assets/Monsters Creatures Fantasy/Sprites/Goblin/Idle.png using Guid(c1cdd26cc09ad224884556bc4d8296ae) Importer(815301076,1909f56bfc062723c751e8b465ee728b)  -> (artifact id: 'c378048ea6ce5e7724422f824291442a') in 0.025647 seconds
  Import took 0.033144 seconds .

========================================================================
Received Import Request.
  Time since last request: 6.210532 seconds.
  path: Assets/Monsters Creatures Fantasy/Sprites/Skeleton
  artifactKey: Guid(fd6e1b5c7ba099a4794022de3b75a7c6) Importer(815301076,1909f56bfc062723c751e8b465ee728b)
Start importing Assets/Monsters Creatures Fantasy/Sprites/Skeleton using Guid(fd6e1b5c7ba099a4794022de3b75a7c6) Importer(815301076,1909f56bfc062723c751e8b465ee728b)  -> (artifact id: 'b671bbd00fdf95ab62c309a7f6d0ee86') in 0.003085 seconds
  Import took 0.007029 seconds .

========================================================================
Received Import Request.
  Time since last request: 0.001439 seconds.
  path: Assets/Monsters Creatures Fantasy/Sprites/Skeleton
  artifactKey: Guid(fd6e1b5c7ba099a4794022de3b75a7c6) Importer(815301076,1909f56bfc062723c751e8b465ee728b)
Start importing Assets/Monsters Creatures Fantasy/Sprites/Skeleton using Guid(fd6e1b5c7ba099a4794022de3b75a7c6) Importer(815301076,1909f56bfc062723c751e8b465ee728b)  -> (artifact id: 'b671bbd00fdf95ab62c309a7f6d0ee86') in 0.002127 seconds
  Import took 0.008966 seconds .

========================================================================
Received Import Request.
  Time since last request: 0.765242 seconds.
  path: Assets/Monsters Creatures Fantasy/Sprites/Mushroom
  artifactKey: Guid(c50392c3fe9138043b78e7611d958478) Importer(815301076,1909f56bfc062723c751e8b465ee728b)
Start importing Assets/Monsters Creatures Fantasy/Sprites/Mushroom using Guid(c50392c3fe9138043b78e7611d958478) Importer(815301076,1909f56bfc062723c751e8b465ee728b)  -> (artifact id: '7ee526d58f1bc8aa933351d092b942f8') in 0.002709 seconds
  Import took 0.007985 seconds .

========================================================================
Received Import Request.
  Time since last request: 0.001225 seconds.
  path: Assets/Monsters Creatures Fantasy/Sprites/Mushroom
  artifactKey: Guid(c50392c3fe9138043b78e7611d958478) Importer(815301076,1909f56bfc062723c751e8b465ee728b)
Start importing Assets/Monsters Creatures Fantasy/Sprites/Mushroom using Guid(c50392c3fe9138043b78e7611d958478) Importer(815301076,1909f56bfc062723c751e8b465ee728b)  -> (artifact id: '7ee526d58f1bc8aa933351d092b942f8') in 0.002312 seconds
  Import took 0.007880 seconds .

========================================================================
Received Import Request.
  Time since last request: 5.229290 seconds.
  path: Assets/Monsters Creatures Fantasy/Sprites/Mushroom/Run.png
  artifactKey: Guid(c6ac0078f39473048b9f54d791095f35) Importer(815301076,1909f56bfc062723c751e8b465ee728b)
Start importing Assets/Monsters Creatures Fantasy/Sprites/Mushroom/Run.png using Guid(c6ac0078f39473048b9f54d791095f35) Importer(815301076,1909f56bfc062723c751e8b465ee728b)  -> (artifact id: 'b53cad176f7e2ebaf648ed45f694823d') in 0.045084 seconds
  Import took 0.051421 seconds .

========================================================================
Received Import Request.
  Time since last request: 36.366168 seconds.
  path: Assets/Animations/Player 1.controller
  artifactKey: Guid(de90bba04adf35a41bfd7d8c051932a8) Importer(815301076,1909f56bfc062723c751e8b465ee728b)
Start importing Assets/Animations/Player 1.controller using Guid(de90bba04adf35a41bfd7d8c051932a8) Importer(815301076,1909f56bfc062723c751e8b465ee728b)  -> (artifact id: 'b6eae0467e6991ca794bf0778895ed77') in 0.086464 seconds
  Import took 0.090134 seconds .

========================================================================
Received Import Request.
  Time since last request: 22.817524 seconds.
  path: Assets/Animations/skeleton_death 1.anim
  artifactKey: Guid(5158bc86f79db694d8a2e3d66a1c4b1f) Importer(815301076,1909f56bfc062723c751e8b465ee728b)
Start importing Assets/Animations/skeleton_death 1.anim using Guid(5158bc86f79db694d8a2e3d66a1c4b1f) Importer(815301076,1909f56bfc062723c751e8b465ee728b)  -> (artifact id: '972091920f69e3ede401384fd5fd462f') in 0.006390 seconds
  Import took 0.011270 seconds .

========================================================================
Received Import Request.
  Time since last request: 0.088542 seconds.
  path: Assets/Animations/skeleton_death 1.anim
  artifactKey: Guid(5158bc86f79db694d8a2e3d66a1c4b1f) Importer(815301076,1909f56bfc062723c751e8b465ee728b)
Start importing Assets/Animations/skeleton_death 1.anim using Guid(5158bc86f79db694d8a2e3d66a1c4b1f) Importer(815301076,1909f56bfc062723c751e8b465ee728b)  -> (artifact id: '972091920f69e3ede401384fd5fd462f') in 0.002941 seconds
  Import took 0.006825 seconds .

========================================================================
Received Import Request.
  Time since last request: 2.317888 seconds.
  path: Assets/Animations/skeleton_idle 1.anim
  artifactKey: Guid(1202b0ade15ead444bb9f52bc28fd5c4) Importer(815301076,1909f56bfc062723c751e8b465ee728b)
Start importing Assets/Animations/skeleton_idle 1.anim using Guid(1202b0ade15ead444bb9f52bc28fd5c4) Importer(815301076,1909f56bfc062723c751e8b465ee728b)  -> (artifact id: 'e6d92ae51671458a8d124ed0047a747f') in 0.008283 seconds
  Import took 0.013012 seconds .

========================================================================
Received Import Request.
  Time since last request: 2.405080 seconds.
  path: Assets/Animations/skeleton_take-damage 1.anim
  artifactKey: Guid(ce9a61f253b53444b8ccf6a1ae8a48b5) Importer(815301076,1909f56bfc062723c751e8b465ee728b)
Start importing Assets/Animations/skeleton_take-damage 1.anim using Guid(ce9a61f253b53444b8ccf6a1ae8a48b5) Importer(815301076,1909f56bfc062723c751e8b465ee728b)  -> (artifact id: 'd17b16b31c065f9b9c38a4b117c3c940') in 0.003061 seconds
  Import took 0.006848 seconds .

========================================================================
Received Import Request.
  Time since last request: 2.304718 seconds.
  path: Assets/Animations/skeleton_walk 1.anim
  artifactKey: Guid(b82b236c42f3e51488068a8c9e8cac7c) Importer(815301076,1909f56bfc062723c751e8b465ee728b)
Start importing Assets/Animations/skeleton_walk 1.anim using Guid(b82b236c42f3e51488068a8c9e8cac7c) Importer(815301076,1909f56bfc062723c751e8b465ee728b)  -> (artifact id: 'e7ef090f0462ab5164d7af07a139afb9') in 0.006338 seconds
  Import took 0.012884 seconds .

========================================================================
Received Import Request.
  Time since last request: 2.672495 seconds.
  path: Assets/Animations/Enemy.controller
  artifactKey: Guid(8decb31df3242224fb10d74e595518a2) Importer(815301076,1909f56bfc062723c751e8b465ee728b)
Start importing Assets/Animations/Enemy.controller using Guid(8decb31df3242224fb10d74e595518a2) Importer(815301076,1909f56bfc062723c751e8b465ee728b)  -> (artifact id: 'b12d96cdc96e3dba619b755addeb0720') in 0.036992 seconds
  Import took 0.040814 seconds .

========================================================================
Received Import Request.
  Time since last request: 9.158782 seconds.
  path: Assets/Animations/Mushroom.controller
  artifactKey: Guid(105b5fe1c4b1e1946b47bdfbf082a7dd) Importer(815301076,1909f56bfc062723c751e8b465ee728b)
Start importing Assets/Animations/Mushroom.controller using Guid(105b5fe1c4b1e1946b47bdfbf082a7dd) Importer(815301076,1909f56bfc062723c751e8b465ee728b)  -> (artifact id: 'a964b48d303ffdfe2e57f2579462f3d2') in 0.004485 seconds
  Import took 0.017535 seconds .

========================================================================
Received Import Request.
  Time since last request: 4.166843 seconds.
  path: Assets/Prefabs/Enemy.prefab
  artifactKey: Guid(4bb2447bbbe9ab5419ce491287bad433) Importer(815301076,1909f56bfc062723c751e8b465ee728b)
Start importing Assets/Prefabs/Enemy.prefab using Guid(4bb2447bbbe9ab5419ce491287bad433) Importer(815301076,1909f56bfc062723c751e8b465ee728b)  -> (artifact id: 'cb469dc4672db773b8fdcc7518bfbd7b') in 0.131373 seconds
  Import took 0.137031 seconds .

========================================================================
Received Import Request.
  Time since last request: 0.127513 seconds.
  path: Assets/Prefabs/Enemy.prefab
  artifactKey: Guid(4bb2447bbbe9ab5419ce491287bad433) Importer(815301076,1909f56bfc062723c751e8b465ee728b)
Start importing Assets/Prefabs/Enemy.prefab using Guid(4bb2447bbbe9ab5419ce491287bad433) Importer(815301076,1909f56bfc062723c751e8b465ee728b)  -> (artifact id: 'cb469dc4672db773b8fdcc7518bfbd7b') in 0.021413 seconds
  Import took 0.030941 seconds .

========================================================================
Received Import Request.
  Time since last request: 12.339031 seconds.
  path: Assets/Prefabs/Enemy.prefab
  artifactKey: Guid(4bb2447bbbe9ab5419ce491287bad433) Importer(815301076,1909f56bfc062723c751e8b465ee728b)
Start importing Assets/Prefabs/Enemy.prefab using Guid(4bb2447bbbe9ab5419ce491287bad433) Importer(815301076,1909f56bfc062723c751e8b465ee728b)  -> (artifact id: '0d5bc8a011bf7db1c7ac2c0424b09fe5') in 0.024751 seconds
  Import took 0.031832 seconds .

========================================================================
Received Import Request.
  Time since last request: 17.835794 seconds.
  path: Assets/Prefabs/Flying eye.prefab
  artifactKey: Guid(c04cb2827a6326e40a55bea4108c060e) Importer(815301076,1909f56bfc062723c751e8b465ee728b)
Start importing Assets/Prefabs/Flying eye.prefab using Guid(c04cb2827a6326e40a55bea4108c060e) Importer(815301076,1909f56bfc062723c751e8b465ee728b)  -> (artifact id: '8735580d5e735006dc068442bfa58c0f') in 0.021221 seconds
  Import took 0.026530 seconds .

========================================================================
Received Import Request.
  Time since last request: 2.337844 seconds.
  path: Assets/Prefabs/Skeleton.prefab
  artifactKey: Guid(c16a04a8fe7afb240974e8dfc7192aad) Importer(815301076,1909f56bfc062723c751e8b465ee728b)
Start importing Assets/Prefabs/Skeleton.prefab using Guid(c16a04a8fe7afb240974e8dfc7192aad) Importer(815301076,1909f56bfc062723c751e8b465ee728b)  -> (artifact id: '461ad6636b01ca5aa96fb5d756b9c546') in 0.034325 seconds
  Import took 0.040058 seconds .

========================================================================
Received Import Request.
  Time since last request: 4.038207 seconds.
  path: Assets/Prefabs/Player.prefab
  artifactKey: Guid(fbef634fffb3469469fdc81d8dc5a004) Importer(815301076,1909f56bfc062723c751e8b465ee728b)
Start importing Assets/Prefabs/Player.prefab using Guid(fbef634fffb3469469fdc81d8dc5a004) Importer(815301076,1909f56bfc062723c751e8b465ee728b)  -> (artifact id: '1777ea65463df381a822606dfc7858cb') in 0.041610 seconds
  Import took 0.045588 seconds .

========================================================================
Received Import Request.
  Time since last request: 5.251284 seconds.
  path: Assets/Prefabs/Orb Variant.prefab
  artifactKey: Guid(8ced117ffbd72f740bce51e32554fe51) Importer(815301076,1909f56bfc062723c751e8b465ee728b)
Start importing Assets/Prefabs/Orb Variant.prefab using Guid(8ced117ffbd72f740bce51e32554fe51) Importer(815301076,1909f56bfc062723c751e8b465ee728b)  -> (artifact id: '4df6a1a1d4f43cee55b5c7bfbadb1227') in 0.007944 seconds
  Import took 0.012584 seconds .

========================================================================
Received Import Request.
  Time since last request: 0.959158 seconds.
  path: Assets/Prefabs/Mushroom.prefab
  artifactKey: Guid(352bc28d34efecb4eb124526130f6a2a) Importer(815301076,1909f56bfc062723c751e8b465ee728b)
Start importing Assets/Prefabs/Mushroom.prefab using Guid(352bc28d34efecb4eb124526130f6a2a) Importer(815301076,1909f56bfc062723c751e8b465ee728b)  -> (artifact id: 'd697331822d3b9b34a13eb26b27b555e') in 0.017386 seconds
  Import took 0.021558 seconds .

========================================================================
Received Import Request.
  Time since last request: 3.283816 seconds.
  path: Assets/Prefabs/Goblin.prefab
  artifactKey: Guid(246b5f9a94779784a9ae295315e39d3b) Importer(815301076,1909f56bfc062723c751e8b465ee728b)
Start importing Assets/Prefabs/Goblin.prefab using Guid(246b5f9a94779784a9ae295315e39d3b) Importer(815301076,1909f56bfc062723c751e8b465ee728b)  -> (artifact id: '59d40798d2a2f2b87b4d669d6751b1a1') in 0.032987 seconds
  Import took 0.044145 seconds .

========================================================================
Received Import Request.
  Time since last request: 0.005574 seconds.
  path: Assets/Prefabs/Goblin.prefab
  artifactKey: Guid(246b5f9a94779784a9ae295315e39d3b) Importer(815301076,1909f56bfc062723c751e8b465ee728b)
Start importing Assets/Prefabs/Goblin.prefab using Guid(246b5f9a94779784a9ae295315e39d3b) Importer(815301076,1909f56bfc062723c751e8b465ee728b)  -> (artifact id: '59d40798d2a2f2b87b4d669d6751b1a1') in 0.022864 seconds
  Import took 0.027858 seconds .

========================================================================
Received Prepare
Registering precompiled user dll's ...
Registered in 0.001815 seconds.
Begin MonoManager ReloadAssembly
Native extension for WindowsStandalone target not found
Native extension for WebGL target not found
Refreshing native plugins compatible for Editor in 0.43 ms, found 1 plugins.
Preloading 0 native plugins for Editor in 0.00 ms.
Mono: successfully reloaded assembly
- Completed reload, in  1.405 seconds
Platform modules already initialized, skipping
Refreshing native plugins compatible for Editor in 0.49 ms, found 1 plugins.
Preloading 0 native plugins for Editor in 0.00 ms.
Unloading 1814 Unused Serialized files (Serialized files now loaded: 0)
System memory in use before: 88.8 MB.
System memory in use after: 88.8 MB.

Unloading 12 unused Assets to reduce memory usage. Loaded Objects now: 2289.
Total: 2.762700 ms (FindLiveObjects: 0.221900 ms CreateObjectMapping: 0.056800 ms MarkObjects: 2.345800 ms  DeleteObjects: 0.136700 ms)

========================================================================
Received Import Request.
  Time since last request: 93.266604 seconds.
  path: Assets/Monsters Creatures Fantasy/Animations
  artifactKey: Guid(416987a187104234780ffa45187aced9) Importer(815301076,1909f56bfc062723c751e8b465ee728b)
Start importing Assets/Monsters Creatures Fantasy/Animations using Guid(416987a187104234780ffa45187aced9) Importer(815301076,1909f56bfc062723c751e8b465ee728b)  -> (artifact id: 'd98ffc67c9e5fb98e93e713aefcea3b6') in 0.005471 seconds
  Import took 0.011411 seconds .

========================================================================
Received Import Request.
  Time since last request: 2.088305 seconds.
  path: Assets/Monsters Creatures Fantasy/Animations/Skeleton
  artifactKey: Guid(062750afd9858e248a40b2593de33aa2) Importer(815301076,1909f56bfc062723c751e8b465ee728b)
Start importing Assets/Monsters Creatures Fantasy/Animations/Skeleton using Guid(062750afd9858e248a40b2593de33aa2) Importer(815301076,1909f56bfc062723c751e8b465ee728b)  -> (artifact id: '56123bcbab529b6bbca92a96014963ef') in 0.003151 seconds
  Import took 0.014591 seconds .

========================================================================
Received Import Request.
  Time since last request: 5.647743 seconds.
  path: Assets/Animations/Idle_0.controller
  artifactKey: Guid(7052c8b4bb06f644ea75e62b72afedbd) Importer(815301076,1909f56bfc062723c751e8b465ee728b)
Start importing Assets/Animations/Idle_0.controller using Guid(7052c8b4bb06f644ea75e62b72afedbd) Importer(815301076,1909f56bfc062723c751e8b465ee728b)  -> (artifact id: '61c329b1ed63a0da181c5f16a8536020') in 0.029309 seconds
  Import took 0.032837 seconds .

========================================================================
Received Import Request.
  Time since last request: 3.516682 seconds.
  path: Assets/Animations/Enemy.controller
  artifactKey: Guid(7052c8b4bb06f644ea75e62b72afedbd) Importer(815301076,1909f56bfc062723c751e8b465ee728b)
Start importing Assets/Animations/Enemy.controller using Guid(7052c8b4bb06f644ea75e62b72afedbd) Importer(815301076,1909f56bfc062723c751e8b465ee728b)  -> (artifact id: '60d8009fc524ec60ee31fd2259704b44') in 0.007424 seconds
  Import took 0.012336 seconds .

========================================================================
Received Import Request.
  Time since last request: 10.098078 seconds.
  path: Assets/Prefabs/Flying eye.prefab
  artifactKey: Guid(c04cb2827a6326e40a55bea4108c060e) Importer(815301076,1909f56bfc062723c751e8b465ee728b)
Start importing Assets/Prefabs/Flying eye.prefab using Guid(c04cb2827a6326e40a55bea4108c060e) Importer(815301076,1909f56bfc062723c751e8b465ee728b)  -> (artifact id: '6164e5f7a2cf330a69b44409c41721ef') in 0.129167 seconds
  Import took 0.134664 seconds .

========================================================================
Received Import Request.
  Time since last request: 57.764513 seconds.
  path: Assets/Prefabs/Mushroom.prefab
  artifactKey: Guid(352bc28d34efecb4eb124526130f6a2a) Importer(815301076,1909f56bfc062723c751e8b465ee728b)
Start importing Assets/Prefabs/Mushroom.prefab using Guid(352bc28d34efecb4eb124526130f6a2a) Importer(815301076,1909f56bfc062723c751e8b465ee728b)  -> (artifact id: '4b862ffe87c5ddf803f02329fe57c202') in 0.024106 seconds
  Import took 0.029892 seconds .

========================================================================
Received Import Request.
  Time since last request: 2.571103 seconds.
  path: Assets/Prefabs/Goblin.prefab
  artifactKey: Guid(246b5f9a94779784a9ae295315e39d3b) Importer(815301076,1909f56bfc062723c751e8b465ee728b)
Start importing Assets/Prefabs/Goblin.prefab using Guid(246b5f9a94779784a9ae295315e39d3b) Importer(815301076,1909f56bfc062723c751e8b465ee728b)  -> (artifact id: '0a6851968984e3516039e3787b32ea7b') in 0.044501 seconds
  Import took 0.052878 seconds .

========================================================================
Received Prepare
Registering precompiled user dll's ...
Registered in 0.003294 seconds.
Begin MonoManager ReloadAssembly
Native extension for WindowsStandalone target not found
Native extension for WebGL target not found
Refreshing native plugins compatible for Editor in 0.75 ms, found 1 plugins.
Preloading 0 native plugins for Editor in 0.00 ms.
Mono: successfully reloaded assembly
- Completed reload, in  1.340 seconds
Platform modules already initialized, skipping
Refreshing native plugins compatible for Editor in 0.49 ms, found 1 plugins.
Preloading 0 native plugins for Editor in 0.00 ms.
Unloading 1814 Unused Serialized files (Serialized files now loaded: 0)
System memory in use before: 89.1 MB.
System memory in use after: 89.1 MB.

Unloading 12 unused Assets to reduce memory usage. Loaded Objects now: 2294.
Total: 2.676500 ms (FindLiveObjects: 0.220600 ms CreateObjectMapping: 0.055200 ms MarkObjects: 2.132400 ms  DeleteObjects: 0.266800 ms)

========================================================================
Received Import Request.
  Time since last request: 48.963848 seconds.
  path: Assets/Animations/mushroom_attack.anim
  artifactKey: Guid(e7427b9860dc9cf45b6c7dc8a0d310c9) Importer(815301076,1909f56bfc062723c751e8b465ee728b)
Start importing Assets/Animations/mushroom_attack.anim using Guid(e7427b9860dc9cf45b6c7dc8a0d310c9) Importer(815301076,1909f56bfc062723c751e8b465ee728b)  -> (artifact id: '3bdc69f9c26e1f5d76040edb28c5014c') in 0.013942 seconds
  Import took 0.017474 seconds .

========================================================================
Received Import Request.
  Time since last request: 11.476381 seconds.
  path: Assets/Animations/Mushroom 1.controller
  artifactKey: Guid(38448a41030b98d4a82f60696bf59e51) Importer(815301076,1909f56bfc062723c751e8b465ee728b)
Start importing Assets/Animations/Mushroom 1.controller using Guid(38448a41030b98d4a82f60696bf59e51) Importer(815301076,1909f56bfc062723c751e8b465ee728b)  -> (artifact id: '9b9402794c5cc2650f435cc6c23aefed') in 0.006374 seconds
  Import took 0.011926 seconds .

========================================================================
Received Import Request.
  Time since last request: 9.514310 seconds.
  path: Assets/Animations/Mushroom.controller
  artifactKey: Guid(38448a41030b98d4a82f60696bf59e51) Importer(815301076,1909f56bfc062723c751e8b465ee728b)
Start importing Assets/Animations/Mushroom.controller using Guid(38448a41030b98d4a82f60696bf59e51) Importer(815301076,1909f56bfc062723c751e8b465ee728b)  -> (artifact id: '37ac7ff3687b27157295e07f24a43a76') in 0.003574 seconds
  Import took 0.008753 seconds .

========================================================================
Received Prepare
Registering precompiled user dll's ...
Registered in 0.001282 seconds.
Begin MonoManager ReloadAssembly
Native extension for WindowsStandalone target not found
Native extension for WebGL target not found
Refreshing native plugins compatible for Editor in 0.49 ms, found 1 plugins.
Preloading 0 native plugins for Editor in 0.00 ms.
Mono: successfully reloaded assembly
- Completed reload, in  1.390 seconds
Platform modules already initialized, skipping
Refreshing native plugins compatible for Editor in 0.68 ms, found 1 plugins.
Preloading 0 native plugins for Editor in 0.00 ms.
Unloading 1814 Unused Serialized files (Serialized files now loaded: 0)
System memory in use before: 89.1 MB.
System memory in use after: 89.1 MB.

Unloading 12 unused Assets to reduce memory usage. Loaded Objects now: 2298.
Total: 2.744900 ms (FindLiveObjects: 0.259200 ms CreateObjectMapping: 0.068100 ms MarkObjects: 2.272100 ms  DeleteObjects: 0.144100 ms)

========================================================================
Received Import Request.
  Time since last request: 75.107132 seconds.
  path: Assets/Animations/mushroom_death.anim
  artifactKey: Guid(5f7a8875b613e0c45b6b9a938a7e181b) Importer(815301076,1909f56bfc062723c751e8b465ee728b)
Start importing Assets/Animations/mushroom_death.anim using Guid(5f7a8875b613e0c45b6b9a938a7e181b) Importer(815301076,1909f56bfc062723c751e8b465ee728b)  -> (artifact id: '3f6228d5d2ea801f5e8b39b1e908792b') in 0.015874 seconds
  Import took 0.019605 seconds .

========================================================================
Received Import Request.
  Time since last request: 1.764636 seconds.
  path: Assets/Animations/mushroom_attack 1.anim
  artifactKey: Guid(377dfa1e2307ab545a92d7d289309de7) Importer(815301076,1909f56bfc062723c751e8b465ee728b)
Start importing Assets/Animations/mushroom_attack 1.anim using Guid(377dfa1e2307ab545a92d7d289309de7) Importer(815301076,1909f56bfc062723c751e8b465ee728b)  -> (artifact id: '7507c3ecfaaa9a3c44d1330e56fbf1c0') in 0.006426 seconds
  Import took 0.011678 seconds .

========================================================================
Received Import Request.
  Time since last request: 0.713193 seconds.
  path: Assets/Animations/mushroom_death 1.anim
  artifactKey: Guid(7aba896b8e8b8304eb16f2c2dda8dfc4) Importer(815301076,1909f56bfc062723c751e8b465ee728b)
Start importing Assets/Animations/mushroom_death 1.anim using Guid(7aba896b8e8b8304eb16f2c2dda8dfc4) Importer(815301076,1909f56bfc062723c751e8b465ee728b)  -> (artifact id: 'b99a2ae6847b9f58b55814a63eec8d61') in 0.003216 seconds
  Import took 0.006970 seconds .

========================================================================
Received Import Request.
  Time since last request: 0.556353 seconds.
  path: Assets/Animations/mushroom_idle 1.anim
  artifactKey: Guid(e33779fd596849d4085709b53f742d2b) Importer(815301076,1909f56bfc062723c751e8b465ee728b)
Start importing Assets/Animations/mushroom_idle 1.anim using Guid(e33779fd596849d4085709b53f742d2b) Importer(815301076,1909f56bfc062723c751e8b465ee728b)  -> (artifact id: '068645708ae988eb1d2ae9eee1bd9304') in 0.003366 seconds
  Import took 0.007300 seconds .

========================================================================
Received Import Request.
  Time since last request: 23.118544 seconds.
  path: Assets/Animations/mushroom_walk.anim
  artifactKey: Guid(9f26f687f032f414c99b610a0ceb743e) Importer(815301076,1909f56bfc062723c751e8b465ee728b)
Start importing Assets/Animations/mushroom_walk.anim using Guid(9f26f687f032f414c99b610a0ceb743e) Importer(815301076,1909f56bfc062723c751e8b465ee728b)  -> (artifact id: '6e38b39cb582c743635fef9734f6c47a') in 0.006890 seconds
  Import took 0.012704 seconds .

========================================================================
Received Prepare
Registering precompiled user dll's ...
Registered in 0.001264 seconds.
Begin MonoManager ReloadAssembly
Native extension for WindowsStandalone target not found
Native extension for WebGL target not found
Refreshing native plugins compatible for Editor in 0.49 ms, found 1 plugins.
Preloading 0 native plugins for Editor in 0.00 ms.
Mono: successfully reloaded assembly
- Completed reload, in  1.494 seconds
Platform modules already initialized, skipping
Refreshing native plugins compatible for Editor in 0.48 ms, found 1 plugins.
Preloading 0 native plugins for Editor in 0.00 ms.
Unloading 1814 Unused Serialized files (Serialized files now loaded: 0)
System memory in use before: 89.1 MB.
System memory in use after: 89.1 MB.

Unloading 12 unused Assets to reduce memory usage. Loaded Objects now: 2302.
Total: 2.271000 ms (FindLiveObjects: 0.209600 ms CreateObjectMapping: 0.045100 ms MarkObjects: 1.882600 ms  DeleteObjects: 0.132300 ms)

========================================================================
Received Import Request.
  Time since last request: 295.971376 seconds.
  path: Assets/Animations/Goblin.controller
  artifactKey: Guid(0f49ecab2c785b040b9ff900a1ec2878) Importer(815301076,1909f56bfc062723c751e8b465ee728b)
Start importing Assets/Animations/Goblin.controller using Guid(0f49ecab2c785b040b9ff900a1ec2878) Importer(815301076,1909f56bfc062723c751e8b465ee728b)  -> (artifact id: '5831fba50e42e251b6e1dbf220987356') in 0.021718 seconds
  Import took 0.031046 seconds .

========================================================================
Received Prepare
Registering precompiled user dll's ...
Registered in 0.001677 seconds.
Begin MonoManager ReloadAssembly
Native extension for WindowsStandalone target not found
Native extension for WebGL target not found
Refreshing native plugins compatible for Editor in 0.81 ms, found 1 plugins.
Preloading 0 native plugins for Editor in 0.00 ms.
Mono: successfully reloaded assembly
- Completed reload, in  1.427 seconds
Platform modules already initialized, skipping
Refreshing native plugins compatible for Editor in 0.56 ms, found 1 plugins.
Preloading 0 native plugins for Editor in 0.00 ms.
Unloading 1814 Unused Serialized files (Serialized files now loaded: 0)
System memory in use before: 89.1 MB.
System memory in use after: 89.1 MB.

Unloading 12 unused Assets to reduce memory usage. Loaded Objects now: 2306.
Total: 3.527600 ms (FindLiveObjects: 0.301000 ms CreateObjectMapping: 0.069700 ms MarkObjects: 2.914900 ms  DeleteObjects: 0.239600 ms)

========================================================================
Received Import Request.
  Time since last request: 43.073203 seconds.
  path: Assets/Animations/Goblin.controller
  artifactKey: Guid(0f49ecab2c785b040b9ff900a1ec2878) Importer(815301076,1909f56bfc062723c751e8b465ee728b)
Start importing Assets/Animations/Goblin.controller using Guid(0f49ecab2c785b040b9ff900a1ec2878) Importer(815301076,1909f56bfc062723c751e8b465ee728b)  -> (artifact id: '20438d26e3b2ff8257d8bb6c1895ba6e') in 0.029653 seconds
  Import took 0.033890 seconds .

========================================================================
Received Import Request.
  Time since last request: 2.474715 seconds.
  path: Assets/Animations/Flying eye.controller
  artifactKey: Guid(7b6ff422eacff5d479768abca69bf8b8) Importer(815301076,1909f56bfc062723c751e8b465ee728b)
Start importing Assets/Animations/Flying eye.controller using Guid(7b6ff422eacff5d479768abca69bf8b8) Importer(815301076,1909f56bfc062723c751e8b465ee728b)  -> (artifact id: '8562c4287da0d4861bb3bd89c7d5775d') in 0.005020 seconds
  Import took 0.010996 seconds .

========================================================================
Received Prepare
Registering precompiled user dll's ...
Registered in 0.001322 seconds.
Begin MonoManager ReloadAssembly
Native extension for WindowsStandalone target not found
Native extension for WebGL target not found
Refreshing native plugins compatible for Editor in 0.62 ms, found 1 plugins.
Preloading 0 native plugins for Editor in 0.00 ms.
Mono: successfully reloaded assembly
- Completed reload, in  1.585 seconds
Platform modules already initialized, skipping
Refreshing native plugins compatible for Editor in 2.93 ms, found 1 plugins.
Preloading 0 native plugins for Editor in 0.00 ms.
Unloading 1814 Unused Serialized files (Serialized files now loaded: 0)
System memory in use before: 89.1 MB.
System memory in use after: 89.1 MB.

Unloading 12 unused Assets to reduce memory usage. Loaded Objects now: 2310.
Total: 2.907700 ms (FindLiveObjects: 0.231900 ms CreateObjectMapping: 0.056600 ms MarkObjects: 2.477500 ms  DeleteObjects: 0.139600 ms)

========================================================================
Received Prepare
Registering precompiled user dll's ...
Registered in 0.001118 seconds.
Begin MonoManager ReloadAssembly
Native extension for WindowsStandalone target not found
Native extension for WebGL target not found
Refreshing native plugins compatible for Editor in 0.50 ms, found 1 plugins.
Preloading 0 native plugins for Editor in 0.00 ms.
Mono: successfully reloaded assembly
- Completed reload, in  1.590 seconds
Platform modules already initialized, skipping
Refreshing native plugins compatible for Editor in 0.52 ms, found 1 plugins.
Preloading 0 native plugins for Editor in 0.00 ms.
Unloading 1814 Unused Serialized files (Serialized files now loaded: 0)
System memory in use before: 89.1 MB.
System memory in use after: 89.1 MB.

Unloading 12 unused Assets to reduce memory usage. Loaded Objects now: 2314.
Total: 4.659600 ms (FindLiveObjects: 0.233400 ms CreateObjectMapping: 0.060000 ms MarkObjects: 4.215700 ms  DeleteObjects: 0.148600 ms)

========================================================================
Received Prepare
Registering precompiled user dll's ...
Registered in 0.001559 seconds.
Begin MonoManager ReloadAssembly
Native extension for WindowsStandalone target not found
Native extension for WebGL target not found
Refreshing native plugins compatible for Editor in 0.50 ms, found 1 plugins.
Preloading 0 native plugins for Editor in 0.00 ms.
Mono: successfully reloaded assembly
- Completed reload, in  1.606 seconds
Platform modules already initialized, skipping
Refreshing native plugins compatible for Editor in 0.85 ms, found 1 plugins.
Preloading 0 native plugins for Editor in 0.00 ms.
Unloading 1814 Unused Serialized files (Serialized files now loaded: 0)
System memory in use before: 89.2 MB.
System memory in use after: 89.1 MB.

Unloading 12 unused Assets to reduce memory usage. Loaded Objects now: 2318.
Total: 2.865200 ms (FindLiveObjects: 0.232800 ms CreateObjectMapping: 0.056300 ms MarkObjects: 2.416500 ms  DeleteObjects: 0.157800 ms)

========================================================================
Received Prepare
Registering precompiled user dll's ...
Registered in 0.001611 seconds.
Begin MonoManager ReloadAssembly
Native extension for WindowsStandalone target not found
Native extension for WebGL target not found
Refreshing native plugins compatible for Editor in 0.53 ms, found 1 plugins.
Preloading 0 native plugins for Editor in 0.00 ms.
Mono: successfully reloaded assembly
- Completed reload, in  1.417 seconds
Platform modules already initialized, skipping
Refreshing native plugins compatible for Editor in 0.48 ms, found 1 plugins.
Preloading 0 native plugins for Editor in 0.00 ms.
Unloading 1814 Unused Serialized files (Serialized files now loaded: 0)
System memory in use before: 89.2 MB.
System memory in use after: 89.1 MB.

Unloading 12 unused Assets to reduce memory usage. Loaded Objects now: 2322.
Total: 2.512800 ms (FindLiveObjects: 0.229900 ms CreateObjectMapping: 0.057200 ms MarkObjects: 2.090100 ms  DeleteObjects: 0.134100 ms)

========================================================================
Received Prepare
Registering precompiled user dll's ...
Registered in 0.002031 seconds.
Begin MonoManager ReloadAssembly
Native extension for WindowsStandalone target not found
Native extension for WebGL target not found
Refreshing native plugins compatible for Editor in 0.49 ms, found 1 plugins.
Preloading 0 native plugins for Editor in 0.00 ms.
Mono: successfully reloaded assembly
- Completed reload, in  1.702 seconds
Platform modules already initialized, skipping
Refreshing native plugins compatible for Editor in 0.69 ms, found 1 plugins.
Preloading 0 native plugins for Editor in 0.00 ms.
Unloading 1814 Unused Serialized files (Serialized files now loaded: 0)
System memory in use before: 89.2 MB.
System memory in use after: 89.1 MB.

Unloading 12 unused Assets to reduce memory usage. Loaded Objects now: 2326.
Total: 4.124800 ms (FindLiveObjects: 0.300500 ms CreateObjectMapping: 0.056000 ms MarkObjects: 3.552700 ms  DeleteObjects: 0.213000 ms)

========================================================================
Received Prepare
Registering precompiled user dll's ...
Registered in 0.001354 seconds.
Begin MonoManager ReloadAssembly
Native extension for WindowsStandalone target not found
Native extension for WebGL target not found
Refreshing native plugins compatible for Editor in 0.45 ms, found 1 plugins.
Preloading 0 native plugins for Editor in 0.00 ms.
Mono: successfully reloaded assembly
- Completed reload, in  1.371 seconds
Platform modules already initialized, skipping
Refreshing native plugins compatible for Editor in 0.57 ms, found 1 plugins.
Preloading 0 native plugins for Editor in 0.00 ms.
Unloading 1814 Unused Serialized files (Serialized files now loaded: 0)
System memory in use before: 89.2 MB.
System memory in use after: 89.2 MB.

Unloading 12 unused Assets to reduce memory usage. Loaded Objects now: 2330.
Total: 2.191600 ms (FindLiveObjects: 0.208900 ms CreateObjectMapping: 0.044600 ms MarkObjects: 1.807000 ms  DeleteObjects: 0.129700 ms)

========================================================================
Received Import Request.
  Time since last request: 336.200116 seconds.
  path: Assets/Scripts/EnemyController.cs
  artifactKey: Guid(d18eb963c185f9247a434490208c1717) Importer(815301076,1909f56bfc062723c751e8b465ee728b)
Start importing Assets/Scripts/EnemyController.cs using Guid(d18eb963c185f9247a434490208c1717) Importer(815301076,1909f56bfc062723c751e8b465ee728b)  -> (artifact id: '0093aa27f7ebcea11846690e5c3b266e') in 0.004892 seconds
  Import took 0.008335 seconds .

========================================================================
Received Import Request.
  Time since last request: 5.158237 seconds.
  path: Assets/Scripts/LevelController.cs
  artifactKey: Guid(8f62638a58dbc1641bff7c5fedb898d8) Importer(815301076,1909f56bfc062723c751e8b465ee728b)
Start importing Assets/Scripts/LevelController.cs using Guid(8f62638a58dbc1641bff7c5fedb898d8) Importer(815301076,1909f56bfc062723c751e8b465ee728b)  -> (artifact id: '5610db75bac7cc821cadf978aff787f9') in 0.004709 seconds
  Import took 0.011238 seconds .

========================================================================
Received Import Request.
  Time since last request: 0.025010 seconds.
  path: Assets/Scripts/LevelController.cs
  artifactKey: Guid(8f62638a58dbc1641bff7c5fedb898d8) Importer(815301076,1909f56bfc062723c751e8b465ee728b)
Start importing Assets/Scripts/LevelController.cs using Guid(8f62638a58dbc1641bff7c5fedb898d8) Importer(815301076,1909f56bfc062723c751e8b465ee728b)  -> (artifact id: '5610db75bac7cc821cadf978aff787f9') in 0.002674 seconds
  Import took 0.007591 seconds .

========================================================================
Received Import Request.
  Time since last request: 77.415420 seconds.
  path: Assets/Scripts/LevelController.cs
  artifactKey: Guid(8f62638a58dbc1641bff7c5fedb898d8) Importer(815301076,1909f56bfc062723c751e8b465ee728b)
Start importing Assets/Scripts/LevelController.cs using Guid(8f62638a58dbc1641bff7c5fedb898d8) Importer(815301076,1909f56bfc062723c751e8b465ee728b)  -> (artifact id: 'ed7df642136a1f2f5829de405d2a9f1a') in 0.006691 seconds
  Import took 0.012997 seconds .

========================================================================
Received Prepare
Registering precompiled user dll's ...
Registered in 0.001470 seconds.
Begin MonoManager ReloadAssembly
Native extension for WindowsStandalone target not found
Native extension for WebGL target not found
Refreshing native plugins compatible for Editor in 0.49 ms, found 1 plugins.
Preloading 0 native plugins for Editor in 0.00 ms.
Mono: successfully reloaded assembly
- Completed reload, in  1.237 seconds
Platform modules already initialized, skipping
Refreshing native plugins compatible for Editor in 0.48 ms, found 1 plugins.
Preloading 0 native plugins for Editor in 0.00 ms.
Unloading 1814 Unused Serialized files (Serialized files now loaded: 0)
System memory in use before: 89.2 MB.
System memory in use after: 89.2 MB.

Unloading 12 unused Assets to reduce memory usage. Loaded Objects now: 2334.
Total: 2.720800 ms (FindLiveObjects: 0.225400 ms CreateObjectMapping: 0.055100 ms MarkObjects: 2.290500 ms  DeleteObjects: 0.148200 ms)

========================================================================
Received Import Request.
  Time since last request: 28.252612 seconds.
  path: Assets/Scripts/LevelController.cs
  artifactKey: Guid(8f62638a58dbc1641bff7c5fedb898d8) Importer(815301076,1909f56bfc062723c751e8b465ee728b)
Start importing Assets/Scripts/LevelController.cs using Guid(8f62638a58dbc1641bff7c5fedb898d8) Importer(815301076,1909f56bfc062723c751e8b465ee728b)  -> (artifact id: 'b6bb3f1a04b11a4c52ee28aeb2c94f09') in 0.005342 seconds
  Import took 0.008778 seconds .

========================================================================
Received Prepare
Registering precompiled user dll's ...
Registered in 0.001108 seconds.
Begin MonoManager ReloadAssembly
Native extension for WindowsStandalone target not found
Native extension for WebGL target not found
Refreshing native plugins compatible for Editor in 0.45 ms, found 1 plugins.
Preloading 0 native plugins for Editor in 0.00 ms.
Mono: successfully reloaded assembly
- Completed reload, in  1.288 seconds
Platform modules already initialized, skipping
Refreshing native plugins compatible for Editor in 0.70 ms, found 1 plugins.
Preloading 0 native plugins for Editor in 0.00 ms.
Unloading 1814 Unused Serialized files (Serialized files now loaded: 0)
System memory in use before: 89.2 MB.
System memory in use after: 89.2 MB.

Unloading 12 unused Assets to reduce memory usage. Loaded Objects now: 2338.
Total: 2.607900 ms (FindLiveObjects: 0.226300 ms CreateObjectMapping: 0.056300 ms MarkObjects: 2.191000 ms  DeleteObjects: 0.133000 ms)

========================================================================
Received Prepare
Registering precompiled user dll's ...
Registered in 0.001267 seconds.
Begin MonoManager ReloadAssembly
Native extension for WindowsStandalone target not found
Native extension for WebGL target not found
Refreshing native plugins compatible for Editor in 0.51 ms, found 1 plugins.
Preloading 0 native plugins for Editor in 0.00 ms.
Mono: successfully reloaded assembly
- Completed reload, in  1.270 seconds
Platform modules already initialized, skipping
Refreshing native plugins compatible for Editor in 0.44 ms, found 1 plugins.
Preloading 0 native plugins for Editor in 0.00 ms.
Unloading 1814 Unused Serialized files (Serialized files now loaded: 0)
System memory in use before: 89.2 MB.
System memory in use after: 89.2 MB.

Unloading 12 unused Assets to reduce memory usage. Loaded Objects now: 2342.
Total: 3.463500 ms (FindLiveObjects: 0.524800 ms CreateObjectMapping: 0.188700 ms MarkObjects: 2.597300 ms  DeleteObjects: 0.151300 ms)

========================================================================
Received Import Request.
  Time since last request: 371.886318 seconds.
  path: Assets/Prefabs/Mushroom.prefab
  artifactKey: Guid(352bc28d34efecb4eb124526130f6a2a) Importer(815301076,1909f56bfc062723c751e8b465ee728b)
Start importing Assets/Prefabs/Mushroom.prefab using Guid(352bc28d34efecb4eb124526130f6a2a) Importer(815301076,1909f56bfc062723c751e8b465ee728b)  -> (artifact id: '555bf57cd46026ea470ec9cdb95ee57a') in 0.639698 seconds
  Import took 0.645427 seconds .

