Using pre-set license
Built from '2020.3/staging' branch; Version is '2020.3.9f1 (108be757e447) revision 1084391'; Using compiler version '192528614'; Build Type 'Release'
OS: 'Windows 10 Home Single Language; OS build 19043.1083; Version 2009; 64bit' Language: 'pt' Physical Memory: 4007 MB
BatchMode: 1, IsHumanControllingUs: 0, StartBugReporterOnCrash: 0, Is64bit: 1, IsPro: 0

 COMMAND LINE ARGUMENTS:
D:\Program Files\Unity\Hub\Editor\2020.3.9f1\Editor\Unity.exe
-adb2
-batchMode
-noUpm
-name
AssetImportWorker3
-projectPath
D:/UFABC-Notebook/12ºQuad/Intro Prog Jogos/PROJETO/Forbidden-Wish-Immortality
-logFile
Logs/AssetImportWorker3.log
-srvPort
51725
Successfully changed project path to: D:/UFABC-Notebook/12ºQuad/Intro Prog Jogos/PROJETO/Forbidden-Wish-Immortality
D:/UFABC-Notebook/12ºQuad/Intro Prog Jogos/PROJETO/Forbidden-Wish-Immortality
Using Asset Import Pipeline V2.
Refreshing native plugins compatible for Editor in 70.00 ms, found 1 plugins.
Preloading 0 native plugins for Editor in 0.00 ms.
Initialize engine version: 2020.3.9f1 (108be757e447)
[Subsystems] Discovering subsystems at path D:/Program Files/Unity/Hub/Editor/2020.3.9f1/Editor/Data/Resources/UnitySubsystems
[Subsystems] Discovering subsystems at path D:/UFABC-Notebook/12ºQuad/Intro Prog Jogos/PROJETO/Forbidden-Wish-Immortality/Assets
GfxDevice: creating device client; threaded=0
Direct3D:
    Version:  Direct3D 11.0 [level 11.1]
    Renderer: Intel(R) UHD Graphics 620 (ID=0x5917)
    Vendor:   
    VRAM:     2003 MB
    Driver:   27.20.100.7988
Initialize mono
Mono path[0] = 'D:/Program Files/Unity/Hub/Editor/2020.3.9f1/Editor/Data/Managed'
Mono path[1] = 'D:/Program Files/Unity/Hub/Editor/2020.3.9f1/Editor/Data/MonoBleedingEdge/lib/mono/unityjit'
Mono config path = 'D:/Program Files/Unity/Hub/Editor/2020.3.9f1/Editor/Data/MonoBleedingEdge/etc'
Using monoOptions --debugger-agent=transport=dt_socket,embedding=1,server=y,suspend=n,address=127.0.0.1:56892
Begin MonoManager ReloadAssembly
Registering precompiled unity dll's ...
Register platform support module: D:/Program Files/Unity/Hub/Editor/2020.3.9f1/Editor/Data/PlaybackEngines/WindowsStandaloneSupport/UnityEditor.WindowsStandalone.Extensions.dll
Registered in 0.001474 seconds.
Native extension for WindowsStandalone target not found
Refreshing native plugins compatible for Editor in 52.28 ms, found 1 plugins.
Preloading 0 native plugins for Editor in 0.00 ms.
Mono: successfully reloaded assembly
- Completed reload, in  1.879 seconds
Platform modules already initialized, skipping
Registering precompiled user dll's ...
Registered in 0.047997 seconds.
Begin MonoManager ReloadAssembly
Native extension for WindowsStandalone target not found
Refreshing native plugins compatible for Editor in 41.82 ms, found 1 plugins.
Preloading 0 native plugins for Editor in 0.00 ms.
Mono: successfully reloaded assembly
- Completed reload, in  2.139 seconds
Platform modules already initialized, skipping
========================================================================
Worker process is ready to serve import requests
Launched and connected shader compiler UnityShaderCompiler.exe after 0.41 seconds
Refreshing native plugins compatible for Editor in 0.45 ms, found 1 plugins.
Preloading 0 native plugins for Editor in 0.00 ms.
Unloading 1816 Unused Serialized files (Serialized files now loaded: 0)
System memory in use before: 85.9 MB.
System memory in use after: 85.8 MB.

Unloading 24 unused Assets to reduce memory usage. Loaded Objects now: 2260.
Total: 159.448700 ms (FindLiveObjects: 0.232700 ms CreateObjectMapping: 0.062300 ms MarkObjects: 158.169000 ms  DeleteObjects: 0.982300 ms)

========================================================================
Received Import Request.
  path: Assets/Fonts
  artifactKey: Guid(0cbe3e9559e242c4299fe79c981898a3) Importer(815301076,1909f56bfc062723c751e8b465ee728b)
Start importing Assets/Fonts using Guid(0cbe3e9559e242c4299fe79c981898a3) Importer(815301076,1909f56bfc062723c751e8b465ee728b)  -> (artifact id: '68d94e5ab894632d8a5b15831a3edfe6') in 0.221152 seconds
  Import took 0.341577 seconds .

========================================================================
Received Import Request.
  Time since last request: 157.661005 seconds.
  path: Assets/Fonts/Prince Valiant.ttf
  artifactKey: Guid(9c48b6aa2363c404c9637c2bbe5c23e4) Importer(815301076,1909f56bfc062723c751e8b465ee728b)
Start importing Assets/Fonts/Prince Valiant.ttf using Guid(9c48b6aa2363c404c9637c2bbe5c23e4) Importer(815301076,1909f56bfc062723c751e8b465ee728b)  -> (artifact id: 'cf888309e0a1eb39d836b2f17e364a3d') in 1.162089 seconds
  Import took 1.179644 seconds .

========================================================================
Received Import Request.
  Time since last request: 81.343864 seconds.
  path: Assets/Fonts/Enchanted Land.otf
  artifactKey: Guid(6007f02f18817af41aaee215e10e13ff) Importer(815301076,1909f56bfc062723c751e8b465ee728b)
Start importing Assets/Fonts/Enchanted Land.otf using Guid(6007f02f18817af41aaee215e10e13ff) Importer(815301076,1909f56bfc062723c751e8b465ee728b)  -> (artifact id: '25d0449ad692e0bfcf7f01dbc83396b0') in 0.074852 seconds
  Import took 0.143536 seconds .

========================================================================
Received Import Request.
  Time since last request: 0.002912 seconds.
  path: Assets/Fonts/Enchanted Land.otf
  artifactKey: Guid(6007f02f18817af41aaee215e10e13ff) Importer(815301076,1909f56bfc062723c751e8b465ee728b)
Start importing Assets/Fonts/Enchanted Land.otf using Guid(6007f02f18817af41aaee215e10e13ff) Importer(815301076,1909f56bfc062723c751e8b465ee728b)  -> (artifact id: '25d0449ad692e0bfcf7f01dbc83396b0') in 0.019647 seconds
  Import took 0.064472 seconds .

========================================================================
Received Import Request.
  Time since last request: 498.462870 seconds.
  path: Assets/Hero Knight - Pixel Art/ColorSwap/ColorSwap.mat
  artifactKey: Guid(b58354c186d9bde42ad2a4ab0545dde9) Importer(815301076,1909f56bfc062723c751e8b465ee728b)
Start importing Assets/Hero Knight - Pixel Art/ColorSwap/ColorSwap.mat using Guid(b58354c186d9bde42ad2a4ab0545dde9) Importer(815301076,1909f56bfc062723c751e8b465ee728b)  -> (artifact id: '671df38789d777bf7246c498454eae71') in 0.626383 seconds
  Import took 0.683423 seconds .

========================================================================
Received Import Request.
  Time since last request: 0.000450 seconds.
  path: Assets/Cainos/Pixel Art Platformer - Village Props/Material/MT FX Particle Torch Spark.mat
  artifactKey: Guid(23524a906e8f5eb4384f92eb87af52f4) Importer(815301076,1909f56bfc062723c751e8b465ee728b)
Start importing Assets/Cainos/Pixel Art Platformer - Village Props/Material/MT FX Particle Torch Spark.mat using Guid(23524a906e8f5eb4384f92eb87af52f4) Importer(815301076,1909f56bfc062723c751e8b465ee728b)  -> (artifact id: '225e68a24654691f4aedb68393def03a') in 0.699202 seconds
  Import took 0.751660 seconds .

========================================================================
Received Import Request.
  Time since last request: 0.000584 seconds.
  path: Assets/Cainos/Pixel Art Platformer - Village Props/Material/MT FX Particle Torch Glow.mat
  artifactKey: Guid(6c48dc6ed4cda324b83bb2391ca6fb9a) Importer(815301076,1909f56bfc062723c751e8b465ee728b)
Start importing Assets/Cainos/Pixel Art Platformer - Village Props/Material/MT FX Particle Torch Glow.mat using Guid(6c48dc6ed4cda324b83bb2391ca6fb9a) Importer(815301076,1909f56bfc062723c751e8b465ee728b)  -> (artifact id: 'fe71cf4db70b34234b34505600ccff49') in 0.133361 seconds
  Import took 0.168278 seconds .

========================================================================
Received Import Request.
  Time since last request: 0.000368 seconds.
  path: Assets/Cainos/Pixel Art Platformer - Village Props/Material/MT FX Particle Torch Fire.mat
  artifactKey: Guid(dce4faabfa7d00147bb7d853e5c1fbf3) Importer(815301076,1909f56bfc062723c751e8b465ee728b)
Start importing Assets/Cainos/Pixel Art Platformer - Village Props/Material/MT FX Particle Torch Fire.mat using Guid(dce4faabfa7d00147bb7d853e5c1fbf3) Importer(815301076,1909f56bfc062723c751e8b465ee728b)  -> (artifact id: 'c90ff633051c9112fb31050bc976cbd0') in 0.184907 seconds
  Import took 0.190781 seconds .

========================================================================
Received Prepare
Registering precompiled user dll's ...
Registered in 0.052093 seconds.
Begin MonoManager ReloadAssembly
Native extension for WindowsStandalone target not found
Refreshing native plugins compatible for Editor in 0.47 ms, found 1 plugins.
Preloading 0 native plugins for Editor in 0.00 ms.
Mono: successfully reloaded assembly
- Completed reload, in  1.949 seconds
Platform modules already initialized, skipping
Refreshing native plugins compatible for Editor in 0.51 ms, found 1 plugins.
Preloading 0 native plugins for Editor in 0.00 ms.
Unloading 1810 Unused Serialized files (Serialized files now loaded: 0)
System memory in use before: 89.2 MB.
System memory in use after: 89.1 MB.

Unloading 13 unused Assets to reduce memory usage. Loaded Objects now: 2309.
Total: 3.886300 ms (FindLiveObjects: 0.247300 ms CreateObjectMapping: 0.070000 ms MarkObjects: 3.330800 ms  DeleteObjects: 0.236900 ms)

========================================================================
Received Import Request.
  Time since last request: 517.922848 seconds.
  path: Assets/Scenes
  artifactKey: Guid(61c6fdab23683a64a866484ac31cf308) Importer(815301076,1909f56bfc062723c751e8b465ee728b)
Start importing Assets/Scenes using Guid(61c6fdab23683a64a866484ac31cf308) Importer(815301076,1909f56bfc062723c751e8b465ee728b)  -> (artifact id: '7263b023b623c2925491f2be86961449') in 0.162084 seconds
  Import took 0.251337 seconds .

========================================================================
Received Import Request.
  Time since last request: 5.950827 seconds.
  path: Assets/Scenes/MenuInicial.unity
  artifactKey: Guid(d71a0b2d70ddfc8468ea3d2fe6103b00) Importer(815301076,1909f56bfc062723c751e8b465ee728b)
Start importing Assets/Scenes/MenuInicial.unity using Guid(d71a0b2d70ddfc8468ea3d2fe6103b00) Importer(815301076,1909f56bfc062723c751e8b465ee728b)  -> (artifact id: '63a250a5a2c9fbcef57f7a280b3f8721') in 0.229107 seconds
  Import took 0.258938 seconds .

========================================================================
Received Import Request.
  Time since last request: 1183.472199 seconds.
  path: Assets/Monsters Creatures Fantasy/Sprites/Flying eye/Attack1.png
  artifactKey: Guid(ce3326307819d6e4497038e63e070108) Importer(815301076,1909f56bfc062723c751e8b465ee728b)
Start importing Assets/Monsters Creatures Fantasy/Sprites/Flying eye/Attack1.png using Guid(ce3326307819d6e4497038e63e070108) Importer(815301076,1909f56bfc062723c751e8b465ee728b)  -> (artifact id: '81e9d896c32d65a31d5f1861ac6f4c1f') in 2.391160 seconds
  Import took 2.767978 seconds .

========================================================================
Received Import Request.
  Time since last request: 0.007524 seconds.
  path: Assets/Monsters Creatures Fantasy/Sprites/Skeleton/Attack1.png
  artifactKey: Guid(5f19f67e94a2e2f4ba57d2b338387c11) Importer(815301076,1909f56bfc062723c751e8b465ee728b)
Start importing Assets/Monsters Creatures Fantasy/Sprites/Skeleton/Attack1.png using Guid(5f19f67e94a2e2f4ba57d2b338387c11) Importer(815301076,1909f56bfc062723c751e8b465ee728b)  -> (artifact id: '49cc970731e1f5b7e4db6beacbbada1f') in 0.174862 seconds
  Import took 0.234349 seconds .

========================================================================
Received Import Request.
  Time since last request: 0.001257 seconds.
  path: Assets/Monsters Creatures Fantasy/Sprites/Skeleton/Attack2.png
  artifactKey: Guid(267c7fb536f99514ea7c4e7236d4bdf8) Importer(815301076,1909f56bfc062723c751e8b465ee728b)
Start importing Assets/Monsters Creatures Fantasy/Sprites/Skeleton/Attack2.png using Guid(267c7fb536f99514ea7c4e7236d4bdf8) Importer(815301076,1909f56bfc062723c751e8b465ee728b)  -> (artifact id: '1a8cd77942e9e7f4b26ff0c57170fa17') in 0.246482 seconds
  Import took 0.306233 seconds .

========================================================================
Received Import Request.
  Time since last request: 0.000642 seconds.
  path: Assets/Monsters Creatures Fantasy/Sprites/Goblin/Attack1.png
  artifactKey: Guid(f84c06efa9991bd49b5553f54f400348) Importer(815301076,1909f56bfc062723c751e8b465ee728b)
Start importing Assets/Monsters Creatures Fantasy/Sprites/Goblin/Attack1.png using Guid(f84c06efa9991bd49b5553f54f400348) Importer(815301076,1909f56bfc062723c751e8b465ee728b)  -> (artifact id: 'cbdc7d0dcff35ed2ee91b8eb88281ce5') in 0.169350 seconds
  Import took 0.222457 seconds .

========================================================================
Received Import Request.
  Time since last request: 0.000549 seconds.
  path: Assets/Monsters Creatures Fantasy/Sprites/Mushroom/Attack1.png
  artifactKey: Guid(5cdfcef2d5ef97347a8d7935407f81ab) Importer(815301076,1909f56bfc062723c751e8b465ee728b)
Start importing Assets/Monsters Creatures Fantasy/Sprites/Mushroom/Attack1.png using Guid(5cdfcef2d5ef97347a8d7935407f81ab) Importer(815301076,1909f56bfc062723c751e8b465ee728b)  -> (artifact id: '3cbc77b1fd3b3ffb3317a656e2ffcaa2') in 0.162406 seconds
  Import took 0.187896 seconds .

========================================================================
Received Import Request.
  Time since last request: 7.818373 seconds.
  path: Assets/Scripts/GameController.cs
  artifactKey: Guid(f22b352c417913e489c2d7354ea82c20) Importer(815301076,1909f56bfc062723c751e8b465ee728b)
Start importing Assets/Scripts/GameController.cs using Guid(f22b352c417913e489c2d7354ea82c20) Importer(815301076,1909f56bfc062723c751e8b465ee728b)  -> (artifact id: '9745197f29b84a6f3f3c83cfffaf0995') in 0.112474 seconds
  Import took 0.122991 seconds .

========================================================================
Received Import Request.
  Time since last request: 126.176250 seconds.
  path: Assets/Scenes/SampleScene.unity
  artifactKey: Guid(2cda990e2423bbf4892e6590ba056729) Importer(815301076,1909f56bfc062723c751e8b465ee728b)
Start importing Assets/Scenes/SampleScene.unity using Guid(2cda990e2423bbf4892e6590ba056729) Importer(815301076,1909f56bfc062723c751e8b465ee728b)  -> (artifact id: 'a5ec18e40c2015d9b69a99d30c6674e6') in 0.217327 seconds
  Import took 0.468509 seconds .

========================================================================
Received Prepare
Registering precompiled user dll's ...
Registered in 0.060353 seconds.
Begin MonoManager ReloadAssembly
Native extension for WindowsStandalone target not found
Refreshing native plugins compatible for Editor in 1.46 ms, found 1 plugins.
Preloading 0 native plugins for Editor in 0.00 ms.
Mono: successfully reloaded assembly
- Completed reload, in  2.122 seconds
Platform modules already initialized, skipping
Refreshing native plugins compatible for Editor in 1.22 ms, found 1 plugins.
Preloading 0 native plugins for Editor in 0.00 ms.
Unloading 1810 Unused Serialized files (Serialized files now loaded: 0)
System memory in use before: 89.2 MB.
System memory in use after: 89.2 MB.

Unloading 12 unused Assets to reduce memory usage. Loaded Objects now: 2317.
Total: 157.335700 ms (FindLiveObjects: 0.597600 ms CreateObjectMapping: 0.099800 ms MarkObjects: 156.086500 ms  DeleteObjects: 0.549500 ms)

========================================================================
Received Prepare
Registering precompiled user dll's ...
Registered in 0.005554 seconds.
Begin MonoManager ReloadAssembly
Native extension for WindowsStandalone target not found
Refreshing native plugins compatible for Editor in 0.90 ms, found 1 plugins.
Preloading 0 native plugins for Editor in 0.00 ms.
Mono: successfully reloaded assembly
- Completed reload, in  2.356 seconds
Platform modules already initialized, skipping
Refreshing native plugins compatible for Editor in 3.02 ms, found 1 plugins.
Preloading 0 native plugins for Editor in 0.00 ms.
Unloading 1810 Unused Serialized files (Serialized files now loaded: 0)
System memory in use before: 89.3 MB.
System memory in use after: 89.3 MB.

Unloading 12 unused Assets to reduce memory usage. Loaded Objects now: 2321.
Total: 8.798300 ms (FindLiveObjects: 0.677400 ms CreateObjectMapping: 0.365300 ms MarkObjects: 7.478500 ms  DeleteObjects: 0.273900 ms)

========================================================================
Received Prepare
Registering precompiled user dll's ...
Registered in 0.096178 seconds.
Begin MonoManager ReloadAssembly
Native extension for WindowsStandalone target not found
Refreshing native plugins compatible for Editor in 0.48 ms, found 1 plugins.
Preloading 0 native plugins for Editor in 0.00 ms.
Mono: successfully reloaded assembly
- Completed reload, in  1.256 seconds
Platform modules already initialized, skipping
Refreshing native plugins compatible for Editor in 0.52 ms, found 1 plugins.
Preloading 0 native plugins for Editor in 0.00 ms.
Unloading 1810 Unused Serialized files (Serialized files now loaded: 0)
System memory in use before: 89.3 MB.
System memory in use after: 89.3 MB.

Unloading 12 unused Assets to reduce memory usage. Loaded Objects now: 2325.
Total: 3.117200 ms (FindLiveObjects: 0.271200 ms CreateObjectMapping: 0.069300 ms MarkObjects: 2.588400 ms  DeleteObjects: 0.186600 ms)

========================================================================
Received Prepare
Registering precompiled user dll's ...
Registered in 0.073167 seconds.
Begin MonoManager ReloadAssembly
Native extension for WindowsStandalone target not found
Refreshing native plugins compatible for Editor in 1.17 ms, found 1 plugins.
Preloading 0 native plugins for Editor in 0.00 ms.
Mono: successfully reloaded assembly
- Completed reload, in  2.189 seconds
Platform modules already initialized, skipping
Refreshing native plugins compatible for Editor in 0.49 ms, found 1 plugins.
Preloading 0 native plugins for Editor in 0.00 ms.
Unloading 1810 Unused Serialized files (Serialized files now loaded: 0)
System memory in use before: 89.3 MB.
System memory in use after: 89.3 MB.

Unloading 12 unused Assets to reduce memory usage. Loaded Objects now: 2329.
Total: 242.385300 ms (FindLiveObjects: 0.908600 ms CreateObjectMapping: 0.221200 ms MarkObjects: 240.560400 ms  DeleteObjects: 0.692000 ms)

========================================================================
Received Prepare
Refreshing native plugins compatible for Editor in 1.92 ms, found 1 plugins.
Preloading 0 native plugins for Editor in 0.00 ms.
Unloading 10 Unused Serialized files (Serialized files now loaded: 0)
System memory in use before: 53.2 MB.
System memory in use after: 53.1 MB.

Unloading 10 unused Assets to reduce memory usage. Loaded Objects now: 2329.
Total: 120.861400 ms (FindLiveObjects: 2.441900 ms CreateObjectMapping: 0.151300 ms MarkObjects: 114.562800 ms  DeleteObjects: 3.277100 ms)

========================================================================
Received Prepare
Refreshing native plugins compatible for Editor in 127.88 ms, found 1 plugins.
Preloading 0 native plugins for Editor in 0.00 ms.
Unloading 10 Unused Serialized files (Serialized files now loaded: 0)
System memory in use before: 53.2 MB.
System memory in use after: 53.1 MB.

Unloading 10 unused Assets to reduce memory usage. Loaded Objects now: 2329.
Total: 1442.912500 ms (FindLiveObjects: 3.092800 ms CreateObjectMapping: 0.109200 ms MarkObjects: 1429.454500 ms  DeleteObjects: 10.239000 ms)

========================================================================
Received Prepare
Registering precompiled user dll's ...
Registered in 0.045347 seconds.
Begin MonoManager ReloadAssembly
Native extension for WindowsStandalone target not found
Refreshing native plugins compatible for Editor in 1.92 ms, found 1 plugins.
Preloading 0 native plugins for Editor in 0.00 ms.
Mono: successfully reloaded assembly
- Completed reload, in  3.096 seconds
Platform modules already initialized, skipping
Refreshing native plugins compatible for Editor in 0.54 ms, found 1 plugins.
Preloading 0 native plugins for Editor in 0.00 ms.
Unloading 1810 Unused Serialized files (Serialized files now loaded: 0)
System memory in use before: 89.3 MB.
System memory in use after: 89.3 MB.

Unloading 12 unused Assets to reduce memory usage. Loaded Objects now: 2333.
Total: 34.033500 ms (FindLiveObjects: 0.425400 ms CreateObjectMapping: 0.081000 ms MarkObjects: 32.363100 ms  DeleteObjects: 1.160700 ms)

